2023-11-21 16:32:38.857 [info] Reading sessions from keychain...
2023-11-21 16:32:38.857 [info] Getting sessions for all scopes...
2023-11-21 16:32:38.858 [info] Getting sessions for user:email...
2023-11-21 16:32:38.873 [info] Got stored sessions!
2023-11-21 16:32:38.873 [info] Got 2 verified sessions.
2023-11-21 16:32:38.873 [info] Got 2 sessions for ...
2023-11-21 16:32:38.873 [info] Got 1 sessions for user:email...
2023-11-21 16:32:39.076 [info] Getting sessions for all scopes...
2023-11-21 16:32:39.076 [info] Got 2 sessions for ...
2023-11-21 16:32:39.108 [info] Getting sessions for user:email...
2023-11-21 16:32:39.108 [info] Got 1 sessions for user:email...
2023-11-21 16:32:39.218 [info] Getting sessions for all scopes...
2023-11-21 16:32:39.218 [info] Got 2 sessions for ...
2023-11-21 16:32:39.273 [info] Getting sessions for project,read:org,read:user,repo,user:email,workflow...
2023-11-21 16:32:39.273 [info] Got 0 sessions for project,read:org,read:user,repo,user:email,workflow...
2023-11-21 16:32:39.433 [info] Getting sessions for read:user,repo,user:email,workflow...
2023-11-21 16:32:39.433 [info] Got 0 sessions for read:user,repo,user:email,workflow...
2023-11-21 16:32:39.496 [info] Getting sessions for read:user,repo,user:email...
2023-11-21 16:32:39.496 [info] Got 0 sessions for read:user,repo,user:email...
2023-11-21 16:32:39.497 [info] Getting sessions for read:user,repo,user:email,workflow...
2023-11-21 16:32:39.497 [info] Got 0 sessions for read:user,repo,user:email,workflow...
2023-11-21 16:32:41.544 [info] Getting sessions for read:user...
2023-11-21 16:32:41.544 [info] Got 1 sessions for read:user...
2023-11-21 16:32:41.548 [info] Getting sessions for read:user...
2023-11-21 16:32:41.548 [info] Got 1 sessions for read:user...
2023-11-21 16:32:41.562 [info] Getting sessions for all scopes...
2023-11-21 16:32:41.562 [info] Got 2 sessions for ...
2023-11-21 16:32:44.008 [info] Getting sessions for user:email...
2023-11-21 16:32:44.008 [info] Got 1 sessions for user:email...
2023-11-21 16:32:44.454 [info] Getting sessions for user:email...
2023-11-21 16:32:44.454 [info] Got 1 sessions for user:email...
2023-11-21 16:32:44.468 [info] Getting sessions for user:email...
2023-11-21 16:32:44.468 [info] Got 1 sessions for user:email...
