[1700567120661] INFO  (ext): SQLTools is starting
[1700567120662] INFO  (ext): initializing language client...
[1700567120665] INFO  (ext): Registering client for languages [{"scheme":"sqltools"},{"language":"sql","scheme":"untitled"},{"language":"sql","scheme":"file"},{"language":"sql","scheme":"sqltools"}]
    ns: "lc"
[1700567120671] INFO  (ext): loading plugins...
[1700567120671] INFO  (ext): registering Formatter Plugin.
    plugin: {
      "name": "Formatter Plugin"
    }
[1700567120672] INFO  (ext): registering Connection Manager Plugin.
    plugin: {
      "name": "Connection Manager Plugin"
    }
[1700567120672] INFO  (ext): registering CodeLens Plugin.
    plugin: {
      "name": "CodeLens Plugin",
      "registeredLanguages": []
    }
[1700567120672] INFO  (ext): registering Dependency Manager Plugin.
    plugin: {
      "name": "Dependency Manager Plugin",
      "installingDrivers": []
    }
[1700567120674] INFO  (ext): Connection explorer changed. Will be updated.
    ns: "conn-man:explorer"
[1700567120675] INFO  (ext): registering History Manager Plugin.
    plugin: {
      "name": "History Manager Plugin"
    }
[1700567120675] INFO  (ext): registering Bookmarks Manager Plugin.
    plugin: {
      "name": "Bookmarks Manager Plugin"
    }
[1700567120676] INFO  (ext): registering Authentication Provider Plugin.
    plugin: {
      "name": "Authentication Provider Plugin",
      "isRegistered": false
    }
[1700567120676] INFO  (ext): registering Object Drop-in Provider (plugin).
    plugin: {
      "type": "plugin",
      "name": "Object Drop-in Provider",
      "isRegistered": false
    }
[1700567120676] INFO  (ext): SQLTools activation completed. 15.253469 ms
[1700567120677] INFO  (ext): Formatter Plugin registered!
[1700567120677] INFO  (ext): CodeLens Plugin registered!
[1700567120677] INFO  (ext): Dependency Manager Plugin registered!
[1700567120677] INFO  (ext): Connection Manager Plugin registered!
[1700567120677] INFO  (ext): History Manager Plugin registered!
[1700567120677] INFO  (ext): Bookmarks Manager Plugin registered!
[1700567120677] INFO  (ext): Authentication Provider Plugin registered!
[1700567120677] INFO  (ext): Object Drop-in Provider (plugin) registered!
[1700567120874] INFO  (ls): SQLTools Server started!
===============================
Using node runtime?: no
ExecPath: /usr/share/code/code 
===============================
[1700567120884] INFO  (ext): LanguageClient ready
    ns: "lc"
[1700567120883] INFO  (ls): Initialized with node version:v18.15.0
[1700567122072] INFO  (ext): EXECUTING COMMAND => sqltools.refreshTree
[1700567122072] INFO  (ext): Connection explorer changed. Will be updated.
    ns: "conn-man:explorer"
[1700567122268] INFO  (ext): Connection explorer changed. Will be updated.
    ns: "conn-man:explorer"
[1700567122591] INFO  (ext): Connection explorer changed. Will be updated.
    ns: "conn-man:explorer"
[1700567122712] INFO  (ext): Connection explorer changed. Will be updated.
    ns: "conn-man:explorer"
[1700567128145] INFO  (ext): Connection explorer changed. Will be updated.
    ns: "conn-man:explorer"
[1700567249011] INFO  (ext): Connection explorer changed. Will be updated.
    ns: "conn-man:explorer"
[1700567295737] INFO  (ext): Connection explorer changed. Will be updated.
    ns: "conn-man:explorer"
