2023-11-21 14:57:03.381 [info] Reading sessions from keychain...
2023-11-21 14:57:03.381 [info] Getting sessions for all scopes...
2023-11-21 14:57:03.381 [info] Got stored sessions!
2023-11-21 14:57:03.381 [info] Got 2 verified sessions.
2023-11-21 14:57:03.381 [info] Got 2 sessions for ...
2023-11-21 14:57:03.381 [info] Getting sessions for user:email...
2023-11-21 14:57:03.381 [info] Got 1 sessions for user:email...
2023-11-21 14:57:03.381 [info] Getting sessions for all scopes...
2023-11-21 14:57:03.381 [info] Got 2 sessions for ...
2023-11-21 14:57:03.735 [info] Getting sessions for user:email...
2023-11-21 14:57:03.735 [info] Got 1 sessions for user:email...
2023-11-21 14:57:04.332 [info] Getting sessions for all scopes...
2023-11-21 14:57:04.332 [info] Got 2 sessions for ...
2023-11-21 14:57:04.381 [info] Getting sessions for user:email...
2023-11-21 14:57:04.381 [info] Got 1 sessions for user:email...
2023-11-21 14:57:04.397 [info] Getting sessions for all scopes...
2023-11-21 14:57:04.397 [info] Got 2 sessions for ...
2023-11-21 14:57:04.514 [info] Getting sessions for read:user...
2023-11-21 14:57:04.514 [info] Got 1 sessions for read:user...
2023-11-21 14:57:04.515 [info] Getting sessions for read:user...
2023-11-21 14:57:04.515 [info] Got 1 sessions for read:user...
2023-11-21 14:57:04.563 [info] Getting sessions for project,read:org,read:user,repo,user:email,workflow...
2023-11-21 14:57:04.563 [info] Got 0 sessions for project,read:org,read:user,repo,user:email,workflow...
2023-11-21 14:57:04.635 [info] Getting sessions for read:user,repo,user:email,workflow...
2023-11-21 14:57:04.635 [info] Got 0 sessions for read:user,repo,user:email,workflow...
2023-11-21 14:57:04.820 [info] Getting sessions for read:user,repo,user:email...
2023-11-21 14:57:04.820 [info] Got 0 sessions for read:user,repo,user:email...
2023-11-21 14:57:04.875 [info] Getting sessions for read:user,repo,user:email,workflow...
2023-11-21 14:57:04.875 [info] Got 0 sessions for read:user,repo,user:email,workflow...
2023-11-21 14:57:05.132 [info] Getting sessions for user:email...
2023-11-21 14:57:05.132 [info] Got 1 sessions for user:email...
2023-11-21 14:57:05.868 [info] Getting sessions for user:email...
2023-11-21 14:57:05.868 [info] Got 1 sessions for user:email...
2023-11-21 14:57:05.946 [info] Getting sessions for user:email...
2023-11-21 14:57:05.946 [info] Got 1 sessions for user:email...
