2023-11-20 15:18:32.469 [info] Reading sessions from keychain...
2023-11-20 15:18:32.469 [info] Getting sessions for all scopes...
2023-11-20 15:18:32.469 [info] Getting sessions for user:email...
2023-11-20 15:18:32.469 [info] Got stored sessions!
2023-11-20 15:18:32.469 [info] Got 2 verified sessions.
2023-11-20 15:18:32.469 [info] Got 2 sessions for ...
2023-11-20 15:18:32.469 [info] Got 1 sessions for user:email...
2023-11-20 15:18:32.469 [info] Getting sessions for all scopes...
2023-11-20 15:18:32.469 [info] Got 2 sessions for ...
2023-11-20 15:18:32.539 [info] Getting sessions for user:email...
2023-11-20 15:18:32.539 [info] Got 1 sessions for user:email...
2023-11-20 15:18:32.554 [info] Getting sessions for all scopes...
2023-11-20 15:18:32.554 [info] Got 2 sessions for ...
2023-11-20 15:18:32.690 [info] Getting sessions for read:user,repo,user:email,workflow...
2023-11-20 15:18:32.691 [info] Got 0 sessions for read:user,repo,user:email,workflow...
2023-11-20 15:18:34.055 [info] Getting sessions for all scopes...
2023-11-20 15:18:34.055 [info] Got 2 sessions for ...
2023-11-20 15:18:34.207 [info] Getting sessions for read:user...
2023-11-20 15:18:34.207 [info] Got 1 sessions for read:user...
2023-11-20 15:18:34.208 [info] Getting sessions for read:user...
2023-11-20 15:18:34.208 [info] Got 1 sessions for read:user...
2023-11-20 15:18:34.234 [info] Getting sessions for project,read:org,read:user,repo,user:email,workflow...
2023-11-20 15:18:34.234 [info] Got 0 sessions for project,read:org,read:user,repo,user:email,workflow...
2023-11-20 15:18:34.325 [info] Getting sessions for read:user,repo,user:email,workflow...
2023-11-20 15:18:34.325 [info] Got 0 sessions for read:user,repo,user:email,workflow...
2023-11-20 15:18:34.557 [info] Getting sessions for read:user,repo,user:email...
2023-11-20 15:18:34.557 [info] Got 0 sessions for read:user,repo,user:email...
2023-11-20 15:18:34.626 [info] Getting sessions for read:user,repo,user:email,workflow...
2023-11-20 15:18:34.626 [info] Got 0 sessions for read:user,repo,user:email,workflow...
2023-11-20 15:18:35.838 [info] Getting sessions for user:email...
2023-11-20 15:18:35.838 [info] Got 1 sessions for user:email...
2023-11-20 15:18:38.108 [info] Getting sessions for user:email...
2023-11-20 15:18:38.108 [info] Got 1 sessions for user:email...
2023-11-20 15:18:38.148 [info] Getting sessions for user:email...
2023-11-20 15:18:38.148 [info] Got 1 sessions for user:email...
2023-11-20 15:18:59.740 [info] Getting sessions for read:user,repo,user:email...
2023-11-20 15:18:59.740 [info] Got 0 sessions for read:user,repo,user:email...
2023-11-20 15:22:05.732 [info] Getting sessions for read:user,repo,user:email...
2023-11-20 15:22:05.732 [info] Got 0 sessions for read:user,repo,user:email...
2023-11-20 15:22:52.661 [info] Getting sessions for read:user,repo,user:email...
2023-11-20 15:22:52.661 [info] Got 0 sessions for read:user,repo,user:email...
2023-11-20 15:43:35.083 [info] Getting sessions for read:user...
2023-11-20 15:43:35.083 [info] Got 1 sessions for read:user...
2023-11-20 15:43:38.226 [info] Getting sessions for user:email...
2023-11-20 15:43:38.226 [info] Got 1 sessions for user:email...
2023-11-20 15:43:38.226 [info] Getting sessions for read:user...
2023-11-20 15:43:38.226 [info] Got 1 sessions for read:user...
2023-11-20 15:43:38.617 [info] Getting sessions for user:email...
2023-11-20 15:43:38.617 [info] Got 1 sessions for user:email...
2023-11-20 15:44:56.989 [info] Getting sessions for read:user,repo,user:email...
2023-11-20 15:44:56.989 [info] Got 0 sessions for read:user,repo,user:email...
2023-11-20 15:59:01.670 [info] Getting sessions for read:user,repo,user:email...
2023-11-20 15:59:01.670 [info] Got 0 sessions for read:user,repo,user:email...
