2023-11-20 15:18:34.294 [warning] /home/bruno/.ssh/config: ENOENT: no such file or directory, open '/home/bruno/.ssh/config'
2023-11-20 15:18:34.294 [info] Activation> Extension version: 0.76.1
2023-11-20 15:18:34.746 [info] Looking for git repository
2023-11-20 15:18:34.746 [info] Found 0 repositories during activation
2023-11-20 15:18:34.746 [info] Git repository found, initializing review manager and pr tree view.
2023-11-20 15:18:34.748 [info] Registering git provider
2023-11-20 15:18:34.748 [info] Review> Validate state in progress
2023-11-20 15:18:34.748 [info] Review> Validating state...
2023-11-20 15:18:34.850 [info] Found GitHub remote for folder /home/bruno/Desktop/api
2023-11-20 15:18:34.851 [info] Trying to use globalState for assignableUsers.
2023-11-20 15:18:34.953 [info] Repo state for file:///home/bruno/Desktop/api changed.
2023-11-20 15:18:34.953 [info] Repo file:///home/bruno/Desktop/api has already been setup.
2023-11-20 15:18:34.968 [info] Review> No matching pull request metadata found locally for current branch ADEV-1974-utilizar-redis-para-salvar-request-body-linkado-com-logs
2023-11-20 15:18:35.061 [info] Review> Failed to get upstream for branch ADEV-1974-utilizar-redis-para-salvar-request-body-linkado-com-logs from git config.
2023-11-20 15:18:35.061 [info] Review> No matching pull request metadata found on GitHub for current branch ADEV-1974-utilizar-redis-para-salvar-request-body-linkado-com-logs
2023-11-20 15:18:35.484 [info] GlobalState does not exist for assignableUsers.
2023-11-20 15:22:46.739 [info] Review> Validate state in progress
2023-11-20 15:22:46.739 [info] Review> Validating state...
2023-11-20 15:22:46.770 [info] Found GitHub remote for folder /home/bruno/Desktop/api
2023-11-20 15:22:46.771 [info] Using in-memory cached assignable users.
2023-11-20 15:22:46.857 [info] Review> No matching pull request metadata found locally for current branch master
2023-11-20 15:22:46.857 [info] Review> No matching pull request metadata found on GitHub for current branch master
2023-11-20 15:43:06.644 [info] Review> Validate state in progress
2023-11-20 15:43:06.644 [info] Review> Validating state...
2023-11-20 15:43:06.648 [info] Found GitHub remote for folder /home/bruno/Desktop/api
2023-11-20 15:43:06.648 [info] Using in-memory cached assignable users.
2023-11-20 15:43:06.756 [info] Review> No matching pull request metadata found locally for current branch master
2023-11-20 15:43:06.757 [info] Review> No matching pull request metadata found on GitHub for current branch master
2023-11-20 15:44:52.893 [info] Review> Validate state in progress
2023-11-20 15:44:52.893 [info] Review> Validating state...
2023-11-20 15:44:52.896 [info] Found GitHub remote for folder /home/bruno/Desktop/api
2023-11-20 15:44:52.896 [info] Using in-memory cached assignable users.
2023-11-20 15:44:52.993 [info] Review> No matching pull request metadata found locally for current branch master
2023-11-20 15:44:52.993 [info] Review> No matching pull request metadata found on GitHub for current branch master
2023-11-20 15:57:12.049 [info] Review> Validate state in progress
2023-11-20 15:57:12.049 [info] Review> Validating state...
2023-11-20 15:57:12.054 [info] Found GitHub remote for folder /home/bruno/Desktop/api
2023-11-20 15:57:12.055 [info] Using in-memory cached assignable users.
2023-11-20 15:57:12.175 [info] Review> No matching pull request metadata found locally for current branch master
2023-11-20 15:57:12.175 [info] Review> No matching pull request metadata found on GitHub for current branch master
2023-11-20 15:58:35.616 [info] Review> Validate state in progress
2023-11-20 15:58:35.616 [info] Review> Validating state...
2023-11-20 15:58:35.617 [info] Found GitHub remote for folder /home/bruno/Desktop/api
2023-11-20 15:58:35.617 [info] Using in-memory cached assignable users.
2023-11-20 15:58:35.705 [info] Review> No matching pull request metadata found locally for current branch master
2023-11-20 15:58:35.706 [info] Review> No matching pull request metadata found on GitHub for current branch master
