[1700506749844] INFO  (ext): SQLTools is starting
[1700506749845] INFO  (ext): initializing language client...
[1700506749846] INFO  (ext): Registering client for languages [{"scheme":"sqltools"},{"language":"sql","scheme":"untitled"},{"language":"sql","scheme":"file"},{"language":"sql","scheme":"sqltools"}]
    ns: "lc"
[1700506749849] INFO  (ext): loading plugins...
[1700506749849] INFO  (ext): registering Formatter Plugin.
    plugin: {
      "name": "Formatter Plugin"
    }
[1700506749850] INFO  (ext): registering Connection Manager Plugin.
    plugin: {
      "name": "Connection Manager Plugin"
    }
[1700506749850] INFO  (ext): registering CodeLens Plugin.
    plugin: {
      "name": "CodeLens Plugin",
      "registeredLanguages": []
    }
[1700506749851] INFO  (ext): registering Dependency Manager Plugin.
    plugin: {
      "name": "Dependency Manager Plugin",
      "installingDrivers": []
    }
[1700506749854] INFO  (ext): Connection explorer changed. Will be updated.
    ns: "conn-man:explorer"
[1700506749854] INFO  (ext): registering History Manager Plugin.
    plugin: {
      "name": "History Manager Plugin"
    }
[1700506749854] INFO  (ext): registering Bookmarks Manager Plugin.
    plugin: {
      "name": "Bookmarks Manager Plugin"
    }
[1700506749855] INFO  (ext): registering Authentication Provider Plugin.
    plugin: {
      "name": "Authentication Provider Plugin",
      "isRegistered": false
    }
[1700506749855] INFO  (ext): registering Object Drop-in Provider (plugin).
    plugin: {
      "type": "plugin",
      "name": "Object Drop-in Provider",
      "isRegistered": false
    }
[1700506749856] INFO  (ext): SQLTools activation completed. 12.284082 ms
[1700506749856] INFO  (ext): Formatter Plugin registered!
[1700506749856] INFO  (ext): CodeLens Plugin registered!
[1700506749856] INFO  (ext): Dependency Manager Plugin registered!
[1700506749857] INFO  (ext): Connection Manager Plugin registered!
[1700506749857] INFO  (ext): History Manager Plugin registered!
[1700506749857] INFO  (ext): Bookmarks Manager Plugin registered!
[1700506749857] INFO  (ext): Authentication Provider Plugin registered!
[1700506749857] INFO  (ext): Object Drop-in Provider (plugin) registered!
[1700506750047] INFO  (ls): SQLTools Server started!
===============================
Using node runtime?: no
ExecPath: /usr/share/code/code 
===============================
[1700506750081] INFO  (ext): LanguageClient ready
    ns: "lc"
[1700506750080] INFO  (ls): Initialized with node version:v18.15.0
[1700506751467] INFO  (ext): EXECUTING COMMAND => sqltools.refreshTree
[1700506751467] INFO  (ext): Connection explorer changed. Will be updated.
    ns: "conn-man:explorer"
[1700506751550] INFO  (ext): Connection explorer changed. Will be updated.
    ns: "conn-man:explorer"
[1700506751582] INFO  (ext): Connection explorer changed. Will be updated.
    ns: "conn-man:explorer"
[1700506751876] INFO  (ext): Connection explorer changed. Will be updated.
    ns: "conn-man:explorer"
[1700506752747] INFO  (ext): Connection explorer changed. Will be updated.
    ns: "conn-man:explorer"
[1700506753522] INFO  (ext): Connection explorer changed. Will be updated.
    ns: "conn-man:explorer"
[1700507587529] INFO  (ext): Connection explorer changed. Will be updated.
    ns: "conn-man:explorer"
[1700507588447] INFO  (ext): Connection explorer changed. Will be updated.
    ns: "conn-man:explorer"
[1700507588448] INFO  (ext): Connection explorer changed. Will be updated.
    ns: "conn-man:explorer"
