2023-11-21 14:17:57.419 [warning] /home/bruno/.ssh/config: ENOENT: no such file or directory, open '/home/bruno/.ssh/config'
2023-11-21 14:17:57.419 [info] Activation> Extension version: 0.76.1
2023-11-21 14:17:57.632 [info] Looking for git repository
2023-11-21 14:17:57.632 [info] Found 0 repositories during activation
2023-11-21 14:17:57.632 [info] Git repository found, initializing review manager and pr tree view.
2023-11-21 14:17:59.518 [info] Registering git provider
2023-11-21 14:18:01.015 [info] Git initialization state changed: state=initialized
2023-11-21 14:46:31.234 [info] Repository file:///home/bruno/.config/tmux/plugins/tpm has been opened
2023-11-21 14:46:31.234 [info] Review> Validate state in progress
2023-11-21 14:46:31.234 [info] Review> Validating state...
2023-11-21 14:46:31.235 [warning] No remotes found. The following remotes are missing: origin, upstream
2023-11-21 14:46:31.235 [info] No GitHub remotes found for folder /home/bruno/.config/tmux/plugins/tpm
2023-11-21 14:46:31.235 [info] Trying to use globalState for assignableUsers.
2023-11-21 14:46:31.275 [info] Review> Queuing additional validate state
2023-11-21 14:46:31.275 [info] Repo state for file:///home/bruno/.config/tmux/plugins/tpm changed.
2023-11-21 14:46:31.275 [info] Repo file:///home/bruno/.config/tmux/plugins/tpm has already been setup.
2023-11-21 14:46:31.278 [info] GlobalState does not exist for assignableUsers.
2023-11-21 14:46:31.304 [info] Review> Validating state...
2023-11-21 14:46:31.319 [info] Found GitHub remote for folder /home/bruno/.config/tmux/plugins/tpm
2023-11-21 14:46:31.319 [info] Using in-memory cached assignable users.
2023-11-21 14:46:31.381 [info] Review> No matching pull request metadata found locally for current branch master
2023-11-21 14:46:31.418 [info] Review> Failed to get upstream for branch master from git config.
2023-11-21 14:46:31.418 [info] Review> No matching pull request metadata found on GitHub for current branch master
