2023-11-20 15:18:32.314 [info] Log level: Info
2023-11-20 15:18:32.314 [info] Validating found git in: "git"
2023-11-20 15:18:32.314 [info] Using git "2.42.0" from "git"
2023-11-20 15:18:32.314 [info] > git rev-parse --show-toplevel [3ms]
2023-11-20 15:18:32.321 [info] > git rev-parse --git-dir --git-common-dir [171ms]
2023-11-20 15:18:32.345 [info] Open repository: /home/bruno/Desktop/api
2023-11-20 15:18:32.421 [info] > git rev-parse --show-toplevel [10ms]
2023-11-20 15:18:32.421 [info] > git config --get commit.template [41ms]
2023-11-20 15:18:32.444 [info] > git rev-parse --show-toplevel [14ms]
2023-11-20 15:18:32.457 [info] > git for-each-ref --format=%(refname)%00%(upstream:short)%00%(objectname)%00%(upstream:track)%00%(upstream:remotename)%00%(upstream:remoteref) refs/heads/ADEV-1974-utilizar-redis-para-salvar-request-body-linkado-com-logs refs/remotes/ADEV-1974-utilizar-redis-para-salvar-request-body-linkado-com-logs [19ms]
2023-11-20 15:18:32.467 [info] > git rev-parse --show-toplevel [11ms]
2023-11-20 15:18:32.482 [info] > git status -z -uall [16ms]
2023-11-20 15:18:32.489 [info] > git rev-parse --show-toplevel [9ms]
2023-11-20 15:18:32.513 [info] > git config --get commit.template [10ms]
2023-11-20 15:18:32.524 [info] > git rev-parse --show-toplevel [12ms]
2023-11-20 15:18:32.543 [info] > git rev-parse --show-toplevel [9ms]
2023-11-20 15:18:32.543 [info] > git for-each-ref --format=%(refname)%00%(upstream:short)%00%(objectname)%00%(upstream:track)%00%(upstream:remotename)%00%(upstream:remoteref) refs/heads/ADEV-1974-utilizar-redis-para-salvar-request-body-linkado-com-logs refs/remotes/ADEV-1974-utilizar-redis-para-salvar-request-body-linkado-com-logs [20ms]
2023-11-20 15:18:32.703 [info] > git status -z -uall [150ms]
2023-11-20 15:18:32.707 [info] > git rev-parse --show-toplevel [23ms]
2023-11-20 15:18:32.773 [info] > git rev-parse --show-toplevel [5ms]
2023-11-20 15:18:32.789 [info] > git rev-parse --show-toplevel [2ms]
2023-11-20 15:18:32.814 [info] > git show --textconv :src/modules/reports/services/ioredis/AbstractRedisClient.ts [15ms]
2023-11-20 15:18:32.814 [info] > git ls-files --stage -- /home/bruno/Desktop/api/src/modules/reports/services/ioredis/AbstractRedisClient.ts [5ms]
2023-11-20 15:18:32.826 [info] > git cat-file -s 006da7b0a289efd86bd744a6a8789c4b41226331 [2ms]
2023-11-20 15:18:33.199 [info] > git check-ignore -v -z --stdin [336ms]
2023-11-20 15:18:34.023 [info] > git fetch [1678ms]
2023-11-20 15:18:34.024 [info] Missing or invalid credentials.
Skip silent fetch commands
git@github.com: Permission denied (publickey).
fatal: Could not read from remote repository.

Please make sure you have the correct access rights
and the repository exists.
2023-11-20 15:18:34.212 [info] > git config --get commit.template [60ms]
2023-11-20 15:18:34.279 [info] > git for-each-ref --format=%(refname)%00%(upstream:short)%00%(objectname)%00%(upstream:track)%00%(upstream:remotename)%00%(upstream:remoteref) refs/heads/ADEV-1974-utilizar-redis-para-salvar-request-body-linkado-com-logs refs/remotes/ADEV-1974-utilizar-redis-para-salvar-request-body-linkado-com-logs [24ms]
2023-11-20 15:18:34.365 [info] > git status -z -uall [72ms]
2023-11-20 15:18:34.875 [info] > git config --local branch.ADEV-1974-utilizar-redis-para-salvar-request-body-linkado-com-logs.github-pr-owner-number [10ms]
2023-11-20 15:18:34.891 [info] > git config --get commit.template [3ms]
2023-11-20 15:18:34.931 [info] > git for-each-ref --format=%(refname)%00%(upstream:short)%00%(objectname)%00%(upstream:track)%00%(upstream:remotename)%00%(upstream:remoteref) refs/heads/ADEV-1974-utilizar-redis-para-salvar-request-body-linkado-com-logs refs/remotes/ADEV-1974-utilizar-redis-para-salvar-request-body-linkado-com-logs [26ms]
2023-11-20 15:18:34.952 [info] > git status -z -uall [8ms]
2023-11-20 15:18:34.988 [info] > git config --local branch.ADEV-1974-utilizar-redis-para-salvar-request-body-linkado-com-logs.remote [20ms]
2023-11-20 15:18:35.009 [info] > git config --get commit.template [7ms]
2023-11-20 15:18:35.027 [info] > git for-each-ref --format=%(refname)%00%(upstream:short)%00%(objectname)%00%(upstream:track)%00%(upstream:remotename)%00%(upstream:remoteref) refs/heads/ADEV-1974-utilizar-redis-para-salvar-request-body-linkado-com-logs refs/remotes/ADEV-1974-utilizar-redis-para-salvar-request-body-linkado-com-logs [3ms]
2023-11-20 15:18:35.059 [info] > git status -z -uall [17ms]
2023-11-20 15:18:35.712 [info] > git show --textconv :src/modules/reports/infra/http/utils/CacheMiddleware.ts [22ms]
2023-11-20 15:18:35.732 [info] > git ls-files --stage -- /home/bruno/Desktop/api/src/modules/reports/infra/http/utils/CacheMiddleware.ts [24ms]
2023-11-20 15:18:35.802 [info] > git cat-file -s 6cd2bec43461b465250300dfa2e52fd3af8dd58f [55ms]
2023-11-20 15:18:35.830 [info] > git check-ignore -v -z --stdin [8ms]
2023-11-20 15:18:38.021 [info] > git show --textconv :src/modules/reports/services/ioredis/RedisCacheService.ts [26ms]
2023-11-20 15:18:38.022 [info] > git ls-files --stage -- /home/bruno/Desktop/api/src/modules/reports/services/ioredis/RedisCacheService.ts [11ms]
2023-11-20 15:18:38.050 [info] > git cat-file -s e59db7f2c253de673ab8042c4a3fb9b5a58fecb4 [14ms]
2023-11-20 15:18:49.602 [info] > git config --get commit.template [19ms]
2023-11-20 15:18:49.602 [info] > git for-each-ref --format=%(refname)%00%(upstream:short)%00%(objectname)%00%(upstream:track)%00%(upstream:remotename)%00%(upstream:remoteref) refs/heads/ADEV-1974-utilizar-redis-para-salvar-request-body-linkado-com-logs refs/remotes/ADEV-1974-utilizar-redis-para-salvar-request-body-linkado-com-logs [1ms]
2023-11-20 15:18:49.626 [info] > git status -z -uall [5ms]
2023-11-20 15:18:59.386 [info] > git config --get commit.template [1ms]
2023-11-20 15:18:59.408 [info] > git for-each-ref --format=%(refname)%00%(upstream:short)%00%(objectname)%00%(upstream:track)%00%(upstream:remotename)%00%(upstream:remoteref) refs/heads/ADEV-1974-utilizar-redis-para-salvar-request-body-linkado-com-logs refs/remotes/ADEV-1974-utilizar-redis-para-salvar-request-body-linkado-com-logs [2ms]
2023-11-20 15:18:59.434 [info] > git status -z -uall [5ms]
2023-11-20 15:19:04.533 [info] > git config --get commit.template [39ms]
2023-11-20 15:19:04.534 [info] > git for-each-ref --format=%(refname)%00%(upstream:short)%00%(objectname)%00%(upstream:track)%00%(upstream:remotename)%00%(upstream:remoteref) refs/heads/ADEV-1974-utilizar-redis-para-salvar-request-body-linkado-com-logs refs/remotes/ADEV-1974-utilizar-redis-para-salvar-request-body-linkado-com-logs [2ms]
2023-11-20 15:19:04.570 [info] > git status -z -uall [7ms]
2023-11-20 15:19:05.924 [info] > git check-ignore -v -z --stdin [2ms]
2023-11-20 15:19:06.919 [info] > git check-ignore -v -z --stdin [3ms]
2023-11-20 15:19:08.849 [info] > git check-ignore -v -z --stdin [1ms]
2023-11-20 15:19:09.651 [info] > git config --get commit.template [27ms]
2023-11-20 15:19:09.652 [info] > git for-each-ref --format=%(refname)%00%(upstream:short)%00%(objectname)%00%(upstream:track)%00%(upstream:remotename)%00%(upstream:remoteref) refs/heads/ADEV-1974-utilizar-redis-para-salvar-request-body-linkado-com-logs refs/remotes/ADEV-1974-utilizar-redis-para-salvar-request-body-linkado-com-logs [1ms]
2023-11-20 15:19:09.673 [info] > git status -z -uall [4ms]
2023-11-20 15:19:10.211 [info] > git show --textconv :.lintstagedrc [20ms]
2023-11-20 15:19:10.212 [info] > git ls-files --stage -- /home/bruno/Desktop/api/.lintstagedrc [2ms]
2023-11-20 15:19:10.231 [info] > git cat-file -s b0822f08bec6e6a3453ee0e1cdd424ff6c89ca2f [1ms]
2023-11-20 15:19:11.585 [info] > git show --textconv :tsconfig.json [21ms]
2023-11-20 15:19:11.586 [info] > git ls-files --stage -- /home/bruno/Desktop/api/tsconfig.json [1ms]
2023-11-20 15:19:11.629 [info] > git cat-file -s e3bae236c450bbf417c0231cea3003dd030fa2fd [23ms]
2023-11-20 15:20:26.763 [info] > git show --textconv :Dockerfile [35ms]
2023-11-20 15:20:26.852 [info] > git ls-files --stage -- /home/bruno/Desktop/api/Dockerfile [63ms]
2023-11-20 15:20:26.891 [info] > git cat-file -s 79469c2bdbec914ed00d441b027a914829fe8ec2 [10ms]
2023-11-20 15:20:58.777 [info] > git config --get commit.template [2ms]
2023-11-20 15:20:58.811 [info] > git ls-files --stage -- /home/bruno/Desktop/api/Dockerfile [17ms]
2023-11-20 15:20:58.826 [info] > git for-each-ref --format=%(refname)%00%(upstream:short)%00%(objectname)%00%(upstream:track)%00%(upstream:remotename)%00%(upstream:remoteref) refs/heads/ADEV-1974-utilizar-redis-para-salvar-request-body-linkado-com-logs refs/remotes/ADEV-1974-utilizar-redis-para-salvar-request-body-linkado-com-logs [16ms]
2023-11-20 15:20:58.842 [info] > git cat-file -s 79469c2bdbec914ed00d441b027a914829fe8ec2 [16ms]
2023-11-20 15:20:58.859 [info] > git status -z -uall [17ms]
2023-11-20 15:20:58.862 [info] > git show --textconv :Dockerfile [3ms]
2023-11-20 15:20:59.855 [info] > git show --textconv :.lintstagedrc [19ms]
2023-11-20 15:20:59.855 [info] > git ls-files --stage -- /home/bruno/Desktop/api/.lintstagedrc [1ms]
2023-11-20 15:20:59.874 [info] > git cat-file -s b0822f08bec6e6a3453ee0e1cdd424ff6c89ca2f [1ms]
2023-11-20 15:22:46.665 [info] > git config --get commit.template [1ms]
2023-11-20 15:22:46.699 [info] > git ls-files --stage -- /home/bruno/Desktop/api/.lintstagedrc [17ms]
2023-11-20 15:22:46.715 [info] > git for-each-ref --format=%(refname)%00%(upstream:short)%00%(objectname)%00%(upstream:track)%00%(upstream:remotename)%00%(upstream:remoteref) refs/heads/master refs/remotes/master [17ms]
2023-11-20 15:22:46.732 [info] > git cat-file -s 5189da9a2783589b14f61396d597442d76aa4181 [18ms]
2023-11-20 15:22:46.736 [info] > git status -z -uall [5ms]
2023-11-20 15:22:46.757 [info] > git show --textconv :.lintstagedrc [2ms]
2023-11-20 15:22:46.789 [info] > git config --local branch.master.github-pr-owner-number [2ms]
2023-11-20 15:22:46.821 [info] > git config --get commit.template [17ms]
2023-11-20 15:22:46.822 [info] > git for-each-ref --format=%(refname)%00%(upstream:short)%00%(objectname)%00%(upstream:track)%00%(upstream:remotename)%00%(upstream:remoteref) refs/heads/master refs/remotes/master [1ms]
2023-11-20 15:22:46.855 [info] > git status -z -uall [17ms]
2023-11-20 15:22:47.571 [info] > git fetch [923ms]
2023-11-20 15:22:47.571 [info] Missing or invalid credentials.
Skip silent fetch commands
git@github.com: Permission denied (publickey).
fatal: Could not read from remote repository.

Please make sure you have the correct access rights
and the repository exists.
2023-11-20 15:22:47.603 [info] > git config --get commit.template [17ms]
2023-11-20 15:22:47.603 [info] > git for-each-ref --format=%(refname)%00%(upstream:short)%00%(objectname)%00%(upstream:track)%00%(upstream:remotename)%00%(upstream:remoteref) refs/heads/master refs/remotes/master [1ms]
2023-11-20 15:22:47.624 [info] > git status -z -uall [5ms]
2023-11-20 15:22:47.874 [info] > git ls-files --stage -- /home/bruno/Desktop/api/.lintstagedrc [1ms]
2023-11-20 15:22:47.892 [info] > git cat-file -s 5189da9a2783589b14f61396d597442d76aa4181 [1ms]
2023-11-20 15:22:47.910 [info] > git show --textconv :.lintstagedrc [1ms]
2023-11-20 15:22:51.786 [info] > git config --get commit.template [17ms]
2023-11-20 15:22:51.787 [info] > git for-each-ref --format=%(refname)%00%(upstream:short)%00%(objectname)%00%(upstream:track)%00%(upstream:remotename)%00%(upstream:remoteref) refs/heads/master refs/remotes/master [2ms]
2023-11-20 15:22:51.807 [info] > git status -z -uall [5ms]
2023-11-20 15:22:52.579 [info] > git show --textconv :nodemon.json [20ms]
2023-11-20 15:22:52.637 [info] > git ls-files --stage -- /home/bruno/Desktop/api/nodemon.json [59ms]
2023-11-20 15:22:52.659 [info] > git cat-file -s 78d8a823502495a4d1677f9a9e4bd3f0f518df0b [3ms]
2023-11-20 15:22:54.264 [info] > git show --textconv :package.json [21ms]
2023-11-20 15:22:54.265 [info] > git ls-files --stage -- /home/bruno/Desktop/api/package.json [2ms]
2023-11-20 15:22:54.307 [info] > git cat-file -s fe1c108d8ff9e29875e0c399582a15450e4573ce [22ms]
2023-11-20 15:23:00.957 [info] > git config --get commit.template [22ms]
2023-11-20 15:23:00.958 [info] > git for-each-ref --format=%(refname)%00%(upstream:short)%00%(objectname)%00%(upstream:track)%00%(upstream:remotename)%00%(upstream:remoteref) refs/heads/master refs/remotes/master [2ms]
2023-11-20 15:23:00.983 [info] > git status -z -uall [5ms]
2023-11-20 15:23:11.044 [info] > git config --get commit.template [25ms]
2023-11-20 15:23:11.044 [info] > git for-each-ref --format=%(refname)%00%(upstream:short)%00%(objectname)%00%(upstream:track)%00%(upstream:remotename)%00%(upstream:remoteref) refs/heads/master refs/remotes/master [1ms]
2023-11-20 15:23:11.072 [info] > git status -z -uall [5ms]
2023-11-20 15:23:34.792 [info] > git config --local branch.master.github-pr-owner-number [1ms]
2023-11-20 15:23:34.825 [info] > git config --get commit.template [17ms]
2023-11-20 15:23:34.825 [info] > git for-each-ref --format=%(refname)%00%(upstream:short)%00%(objectname)%00%(upstream:track)%00%(upstream:remotename)%00%(upstream:remoteref) refs/heads/master refs/remotes/master [1ms]
2023-11-20 15:23:34.846 [info] > git status -z -uall [5ms]
2023-11-20 15:24:17.542 [info] > git show --textconv :Dockerfile [20ms]
2023-11-20 15:24:17.584 [info] > git ls-files --stage -- /home/bruno/Desktop/api/Dockerfile [24ms]
2023-11-20 15:24:17.616 [info] > git cat-file -s 79469c2bdbec914ed00d441b027a914829fe8ec2 [14ms]
2023-11-20 15:24:17.977 [info] > git show --textconv :docker-compose.yml [21ms]
2023-11-20 15:24:17.986 [info] > git ls-files --stage -- /home/bruno/Desktop/api/docker-compose.yml [10ms]
2023-11-20 15:24:18.024 [info] > git cat-file -s fb21b06eff61e004ad9e35ea608c6e14d2275aa0 [20ms]
2023-11-20 15:26:22.732 [info] > git config --get commit.template [1ms]
2023-11-20 15:26:22.765 [info] > git ls-files --stage -- /home/bruno/Desktop/api/docker-compose.yml [17ms]
2023-11-20 15:26:22.780 [info] > git for-each-ref --format=%(refname)%00%(upstream:short)%00%(objectname)%00%(upstream:track)%00%(upstream:remotename)%00%(upstream:remoteref) refs/heads/master refs/remotes/master [16ms]
2023-11-20 15:26:22.797 [info] > git cat-file -s fb21b06eff61e004ad9e35ea608c6e14d2275aa0 [17ms]
2023-11-20 15:26:22.814 [info] > git status -z -uall [18ms]
2023-11-20 15:26:22.816 [info] > git show --textconv :docker-compose.yml [2ms]
2023-11-20 15:26:23.617 [info] > git fetch [905ms]
2023-11-20 15:26:23.617 [info] Missing or invalid credentials.
Skip silent fetch commands
git@github.com: Permission denied (publickey).
fatal: Could not read from remote repository.

Please make sure you have the correct access rights
and the repository exists.
2023-11-20 15:26:23.654 [info] > git config --get commit.template [19ms]
2023-11-20 15:26:23.654 [info] > git for-each-ref --format=%(refname)%00%(upstream:short)%00%(objectname)%00%(upstream:track)%00%(upstream:remotename)%00%(upstream:remoteref) refs/heads/master refs/remotes/master [1ms]
2023-11-20 15:26:23.679 [info] > git status -z -uall [5ms]
2023-11-20 15:26:46.232 [info] > git config --get commit.template [1ms]
2023-11-20 15:26:46.266 [info] > git ls-files --stage -- /home/bruno/Desktop/api/docker-compose.yml [17ms]
2023-11-20 15:26:46.282 [info] > git for-each-ref --format=%(refname)%00%(upstream:short)%00%(objectname)%00%(upstream:track)%00%(upstream:remotename)%00%(upstream:remoteref) refs/heads/master refs/remotes/master [16ms]
2023-11-20 15:26:46.298 [info] > git cat-file -s fb21b06eff61e004ad9e35ea608c6e14d2275aa0 [17ms]
2023-11-20 15:26:46.315 [info] > git status -z -uall [18ms]
2023-11-20 15:26:46.317 [info] > git show --textconv :docker-compose.yml [2ms]
2023-11-20 15:27:51.078 [info] > git show --textconv :package.json [25ms]
2023-11-20 15:27:51.081 [info] > git ls-files --stage -- /home/bruno/Desktop/api/package.json [4ms]
2023-11-20 15:27:51.101 [info] > git cat-file -s fe1c108d8ff9e29875e0c399582a15450e4573ce [2ms]
2023-11-20 15:28:33.606 [info] > git show --textconv :.env.template [21ms]
2023-11-20 15:28:33.664 [info] > git ls-files --stage -- /home/bruno/Desktop/api/.env.template [62ms]
2023-11-20 15:28:33.686 [info] > git cat-file -s 94f33588842ae43673657d775f8ef47819ca0570 [3ms]
2023-11-20 15:28:34.873 [info] > git config --local branch.master.github-pr-owner-number [1ms]
2023-11-20 15:28:34.910 [info] > git config --get commit.template [20ms]
2023-11-20 15:28:34.911 [info] > git for-each-ref --format=%(refname)%00%(upstream:short)%00%(objectname)%00%(upstream:track)%00%(upstream:remotename)%00%(upstream:remoteref) refs/heads/master refs/remotes/master [2ms]
2023-11-20 15:28:34.934 [info] > git status -z -uall [5ms]
2023-11-20 15:28:41.100 [info] > git check-ignore -v -z --stdin [2ms]
2023-11-20 15:28:44.446 [info] > git show --textconv :src/config/redis.js [27ms]
2023-11-20 15:28:44.448 [info] > git ls-files --stage -- /home/bruno/Desktop/api/src/config/redis.js [4ms]
2023-11-20 15:28:44.476 [info] > git cat-file -s 714d2727d1a7bd139dcca0620e0e1e0a07e3473a [5ms]
2023-11-20 15:28:45.315 [info] > git show --textconv :src/modules/cache/services/redis/config.ts [19ms]
2023-11-20 15:28:45.317 [info] > git ls-files --stage -- /home/bruno/Desktop/api/src/modules/cache/services/redis/config.ts [3ms]
2023-11-20 15:28:45.355 [info] > git cat-file -s 186962e28ab227d42439cc2cc011363fd8793d24 [20ms]
2023-11-20 15:28:45.556 [info] > git check-ignore -v -z --stdin [2ms]
2023-11-20 15:28:46.105 [info] > git show --textconv :src/shared/infra/database/ioredis/redisClient.ts [48ms]
2023-11-20 15:28:46.105 [info] > git ls-files --stage -- /home/bruno/Desktop/api/src/shared/infra/database/ioredis/redisClient.ts [26ms]
2023-11-20 15:28:46.225 [info] > git cat-file -s 69eb1cde2da4e724302de18444edd144e5cad122 [93ms]
2023-11-20 15:29:29.632 [info] > git fetch [936ms]
2023-11-20 15:29:29.632 [info] Missing or invalid credentials.
Skip silent fetch commands
git@github.com: Permission denied (publickey).
fatal: Could not read from remote repository.

Please make sure you have the correct access rights
and the repository exists.
2023-11-20 15:29:29.664 [info] > git config --get commit.template [16ms]
2023-11-20 15:29:29.665 [info] > git for-each-ref --format=%(refname)%00%(upstream:short)%00%(objectname)%00%(upstream:track)%00%(upstream:remotename)%00%(upstream:remoteref) refs/heads/master refs/remotes/master [1ms]
2023-11-20 15:29:29.686 [info] > git status -z -uall [5ms]
2023-11-20 15:31:57.099 [info] > git ls-files --stage -- /home/bruno/Desktop/api/src/shared/infra/database/ioredis/redisClient.ts [1ms]
2023-11-20 15:31:57.116 [info] > git cat-file -s 69eb1cde2da4e724302de18444edd144e5cad122 [1ms]
2023-11-20 15:31:57.135 [info] > git show --textconv :src/shared/infra/database/ioredis/redisClient.ts [2ms]
2023-11-20 15:33:35.003 [info] > git config --local branch.master.github-pr-owner-number [3ms]
2023-11-20 15:33:35.061 [info] > git config --get commit.template [26ms]
2023-11-20 15:33:35.062 [info] > git for-each-ref --format=%(refname)%00%(upstream:short)%00%(objectname)%00%(upstream:track)%00%(upstream:remotename)%00%(upstream:remoteref) refs/heads/master refs/remotes/master [2ms]
2023-11-20 15:33:35.087 [info] > git status -z -uall [6ms]
2023-11-20 15:33:55.099 [info] > git fetch [941ms]
2023-11-20 15:33:55.099 [info] Missing or invalid credentials.
Skip silent fetch commands
git@github.com: Permission denied (publickey).
fatal: Could not read from remote repository.

Please make sure you have the correct access rights
and the repository exists.
2023-11-20 15:33:55.133 [info] > git config --get commit.template [17ms]
2023-11-20 15:33:55.134 [info] > git for-each-ref --format=%(refname)%00%(upstream:short)%00%(objectname)%00%(upstream:track)%00%(upstream:remotename)%00%(upstream:remoteref) refs/heads/master refs/remotes/master [2ms]
2023-11-20 15:33:55.155 [info] > git status -z -uall [5ms]
2023-11-20 15:34:00.411 [info] > git ls-files --stage -- /home/bruno/Desktop/api/src/shared/infra/database/ioredis/redisClient.ts [1ms]
2023-11-20 15:34:00.428 [info] > git cat-file -s 69eb1cde2da4e724302de18444edd144e5cad122 [1ms]
2023-11-20 15:34:00.447 [info] > git show --textconv :src/shared/infra/database/ioredis/redisClient.ts [1ms]
2023-11-20 15:38:35.114 [info] > git config --local branch.master.github-pr-owner-number [1ms]
2023-11-20 15:38:35.150 [info] > git config --get commit.template [17ms]
2023-11-20 15:38:35.150 [info] > git for-each-ref --format=%(refname)%00%(upstream:short)%00%(objectname)%00%(upstream:track)%00%(upstream:remotename)%00%(upstream:remoteref) refs/heads/master refs/remotes/master [1ms]
2023-11-20 15:38:35.173 [info] > git status -z -uall [4ms]
2023-11-20 15:40:13.855 [info] > git fetch [954ms]
2023-11-20 15:40:13.855 [info] Missing or invalid credentials.
Skip silent fetch commands
git@github.com: Permission denied (publickey).
fatal: Could not read from remote repository.

Please make sure you have the correct access rights
and the repository exists.
2023-11-20 15:40:13.888 [info] > git config --get commit.template [17ms]
2023-11-20 15:40:13.889 [info] > git for-each-ref --format=%(refname)%00%(upstream:short)%00%(objectname)%00%(upstream:track)%00%(upstream:remotename)%00%(upstream:remoteref) refs/heads/master refs/remotes/master [1ms]
2023-11-20 15:40:13.910 [info] > git status -z -uall [4ms]
2023-11-20 15:40:50.557 [info] > git ls-files --stage -- /home/bruno/Desktop/api/src/shared/infra/database/ioredis/redisClient.ts [1ms]
2023-11-20 15:40:50.574 [info] > git cat-file -s 69eb1cde2da4e724302de18444edd144e5cad122 [1ms]
2023-11-20 15:40:50.593 [info] > git show --textconv :src/shared/infra/database/ioredis/redisClient.ts [1ms]
2023-11-20 15:41:36.864 [info] > git check-ignore -v -z --stdin [1ms]
2023-11-20 15:41:38.923 [info] > git check-ignore -v -z --stdin [1ms]
2023-11-20 15:41:44.414 [info] > git check-ignore -v -z --stdin [2ms]
2023-11-20 15:41:49.813 [info] > git check-ignore -v -z --stdin [1ms]
2023-11-20 15:41:52.395 [info] > git show --textconv :src/modules/reports/services/IRedisCacheService.ts [22ms]
2023-11-20 15:41:52.395 [info] > git ls-files --stage -- /home/bruno/Desktop/api/src/modules/reports/services/IRedisCacheService.ts [3ms]
2023-11-20 15:41:52.414 [info] > git cat-file -s ecd23e33e0805526752a8d18df367b51b4a7f131 [1ms]
2023-11-20 15:41:58.186 [info] > git show --textconv :src/modules/reports/infra/http/utils/CacheMiddleware.ts [51ms]
2023-11-20 15:41:58.186 [info] > git ls-files --stage -- /home/bruno/Desktop/api/src/modules/reports/infra/http/utils/CacheMiddleware.ts [25ms]
2023-11-20 15:41:58.211 [info] > git cat-file -s 72a29e79003a40f073a922645101e6ded9565bdd [1ms]
2023-11-20 15:42:05.162 [info] > git config --get commit.template [25ms]
2023-11-20 15:42:05.163 [info] > git for-each-ref --format=%(refname)%00%(upstream:short)%00%(objectname)%00%(upstream:track)%00%(upstream:remotename)%00%(upstream:remoteref) refs/heads/master refs/remotes/master [1ms]
2023-11-20 15:42:05.188 [info] > git status -z -uall [5ms]
2023-11-20 15:42:10.241 [info] > git config --get commit.template [23ms]
2023-11-20 15:42:10.242 [info] > git for-each-ref --format=%(refname)%00%(upstream:short)%00%(objectname)%00%(upstream:track)%00%(upstream:remotename)%00%(upstream:remoteref) refs/heads/master refs/remotes/master [1ms]
2023-11-20 15:42:10.267 [info] > git status -z -uall [4ms]
2023-11-20 15:42:15.314 [info] > git config --get commit.template [23ms]
2023-11-20 15:42:15.315 [info] > git for-each-ref --format=%(refname)%00%(upstream:short)%00%(objectname)%00%(upstream:track)%00%(upstream:remotename)%00%(upstream:remoteref) refs/heads/master refs/remotes/master [1ms]
2023-11-20 15:42:15.343 [info] > git status -z -uall [5ms]
2023-11-20 15:43:06.581 [info] > git config --get commit.template [20ms]
2023-11-20 15:43:06.599 [info] > git for-each-ref --format=%(refname)%00%(upstream:short)%00%(objectname)%00%(upstream:track)%00%(upstream:remotename)%00%(upstream:remoteref) refs/heads/master refs/remotes/master [19ms]
2023-11-20 15:43:06.620 [info] > git ls-files --stage -- /home/bruno/Desktop/api/src/modules/reports/infra/http/utils/CacheMiddleware.ts [21ms]
2023-11-20 15:43:06.640 [info] > git status -z -uall [21ms]
2023-11-20 15:43:06.645 [info] > git cat-file -s 8d87360e22b6f53f4ffd4899c4ef666cad8b61c0 [6ms]
2023-11-20 15:43:06.690 [info] > git config --local branch.master.github-pr-owner-number [25ms]
2023-11-20 15:43:06.712 [info] > git show --textconv :src/modules/reports/infra/http/utils/CacheMiddleware.ts [21ms]
2023-11-20 15:43:06.713 [info] > git config --get commit.template [2ms]
2023-11-20 15:43:06.733 [info] > git for-each-ref --format=%(refname)%00%(upstream:short)%00%(objectname)%00%(upstream:track)%00%(upstream:remotename)%00%(upstream:remoteref) refs/heads/master refs/remotes/master [2ms]
2023-11-20 15:43:06.754 [info] > git status -z -uall [5ms]
2023-11-20 15:43:11.686 [info] > git config --get commit.template [23ms]
2023-11-20 15:43:11.688 [info] > git for-each-ref --format=%(refname)%00%(upstream:short)%00%(objectname)%00%(upstream:track)%00%(upstream:remotename)%00%(upstream:remoteref) refs/heads/master refs/remotes/master [5ms]
2023-11-20 15:43:11.712 [info] > git status -z -uall [8ms]
2023-11-20 15:43:11.783 [info] > git show --textconv :src/modules/reports/infra/http/routes/index.ts [21ms]
2023-11-20 15:43:11.784 [info] > git ls-files --stage -- /home/bruno/Desktop/api/src/modules/reports/infra/http/routes/index.ts [3ms]
2023-11-20 15:43:11.801 [info] > git cat-file -s 3bee2594400b945ada3947c7561dc224561f940a [1ms]
2023-11-20 15:43:12.215 [info] > git show --textconv :src/modules/reports/infra/http/routes/scan.ts [21ms]
2023-11-20 15:43:12.223 [info] > git ls-files --stage -- /home/bruno/Desktop/api/src/modules/reports/infra/http/routes/scan.ts [10ms]
2023-11-20 15:43:12.274 [info] > git cat-file -s dd17a3404fd516924c793fd79f064ead09198989 [28ms]
2023-11-20 15:43:14.897 [info] > git fetch [965ms]
2023-11-20 15:43:14.897 [info] Missing or invalid credentials.
Skip silent fetch commands
git@github.com: Permission denied (publickey).
fatal: Could not read from remote repository.

Please make sure you have the correct access rights
and the repository exists.
2023-11-20 15:43:14.919 [info] > git config --get commit.template [2ms]
2023-11-20 15:43:14.939 [info] > git for-each-ref --format=%(refname)%00%(upstream:short)%00%(objectname)%00%(upstream:track)%00%(upstream:remotename)%00%(upstream:remoteref) refs/heads/master refs/remotes/master [1ms]
2023-11-20 15:43:14.962 [info] > git status -z -uall [4ms]
2023-11-20 15:43:15.132 [info] > git ls-files --stage -- /home/bruno/Desktop/api/src/modules/reports/infra/http/routes/scan.ts [1ms]
2023-11-20 15:43:15.155 [info] > git cat-file -s dd17a3404fd516924c793fd79f064ead09198989 [1ms]
2023-11-20 15:43:15.180 [info] > git show --textconv :src/modules/reports/infra/http/routes/scan.ts [2ms]
2023-11-20 15:43:16.909 [info] > git show --textconv :src/modules/reports/infra/http/routes/group.ts [22ms]
2023-11-20 15:43:16.910 [info] > git ls-files --stage -- /home/bruno/Desktop/api/src/modules/reports/infra/http/routes/group.ts [2ms]
2023-11-20 15:43:16.951 [info] > git cat-file -s 08831229995514f220fb3841bf27fb4aa4ebe733 [21ms]
2023-11-20 15:43:19.942 [info] > git show --textconv :src/modules/reports/infra/http/routes/scan.ts [22ms]
2023-11-20 15:43:19.943 [info] > git ls-files --stage -- /home/bruno/Desktop/api/src/modules/reports/infra/http/routes/scan.ts [2ms]
2023-11-20 15:43:19.994 [info] > git cat-file -s dd17a3404fd516924c793fd79f064ead09198989 [28ms]
2023-11-20 15:43:21.633 [info] > git show --textconv :src/modules/reports/infra/http/routes/index.ts [23ms]
2023-11-20 15:43:21.656 [info] > git ls-files --stage -- /home/bruno/Desktop/api/src/modules/reports/infra/http/routes/index.ts [23ms]
2023-11-20 15:43:21.704 [info] > git cat-file -s 3bee2594400b945ada3947c7561dc224561f940a [26ms]
2023-11-20 15:43:22.132 [info] > git show --textconv :src/modules/reports/infra/http/routes/group.ts [50ms]
2023-11-20 15:43:22.132 [info] > git ls-files --stage -- /home/bruno/Desktop/api/src/modules/reports/infra/http/routes/group.ts [25ms]
2023-11-20 15:43:22.161 [info] > git cat-file -s 08831229995514f220fb3841bf27fb4aa4ebe733 [5ms]
2023-11-20 15:43:33.628 [info] > git config --get commit.template [4ms]
2023-11-20 15:43:33.651 [info] > git for-each-ref --format=%(refname)%00%(upstream:short)%00%(objectname)%00%(upstream:track)%00%(upstream:remotename)%00%(upstream:remoteref) refs/heads/master refs/remotes/master [1ms]
2023-11-20 15:43:33.675 [info] > git status -z -uall [4ms]
2023-11-20 15:43:35.217 [info] > git config --local branch.master.github-pr-owner-number [2ms]
2023-11-20 15:43:35.278 [info] > git config --get commit.template [30ms]
2023-11-20 15:43:35.279 [info] > git for-each-ref --format=%(refname)%00%(upstream:short)%00%(objectname)%00%(upstream:track)%00%(upstream:remotename)%00%(upstream:remoteref) refs/heads/master refs/remotes/master [2ms]
2023-11-20 15:43:35.310 [info] > git status -z -uall [6ms]
2023-11-20 15:43:38.201 [info] > git show --textconv :src/modules/reports/infra/http/routes/scan.ts [52ms]
2023-11-20 15:43:38.201 [info] > git ls-files --stage -- /home/bruno/Desktop/api/src/modules/reports/infra/http/routes/scan.ts [24ms]
2023-11-20 15:43:38.229 [info] > git cat-file -s dd17a3404fd516924c793fd79f064ead09198989 [4ms]
2023-11-20 15:43:38.717 [info] > git config --get commit.template [19ms]
2023-11-20 15:43:38.718 [info] > git for-each-ref --format=%(refname)%00%(upstream:short)%00%(objectname)%00%(upstream:track)%00%(upstream:remotename)%00%(upstream:remoteref) refs/heads/master refs/remotes/master [1ms]
2023-11-20 15:43:38.741 [info] > git status -z -uall [5ms]
2023-11-20 15:44:52.808 [info] > git config --get commit.template [2ms]
2023-11-20 15:44:52.851 [info] > git for-each-ref --format=%(refname)%00%(upstream:short)%00%(objectname)%00%(upstream:track)%00%(upstream:remotename)%00%(upstream:remoteref) refs/heads/master refs/remotes/master [21ms]
2023-11-20 15:44:52.873 [info] > git ls-files --stage -- /home/bruno/Desktop/api/src/modules/reports/infra/http/routes/scan.ts [22ms]
2023-11-20 15:44:52.891 [info] > git status -z -uall [19ms]
2023-11-20 15:44:52.894 [info] > git cat-file -s dd17a3404fd516924c793fd79f064ead09198989 [3ms]
2023-11-20 15:44:52.931 [info] > git config --local branch.master.github-pr-owner-number [18ms]
2023-11-20 15:44:52.949 [info] > git show --textconv :src/modules/reports/infra/http/routes/scan.ts [19ms]
2023-11-20 15:44:52.950 [info] > git config --get commit.template [2ms]
2023-11-20 15:44:52.967 [info] > git for-each-ref --format=%(refname)%00%(upstream:short)%00%(objectname)%00%(upstream:track)%00%(upstream:remotename)%00%(upstream:remoteref) refs/heads/master refs/remotes/master [1ms]
2023-11-20 15:44:52.991 [info] > git status -z -uall [5ms]
2023-11-20 15:44:56.861 [info] > git show --textconv :swagger.yaml [18ms]
2023-11-20 15:44:56.863 [info] > git ls-files --stage -- /home/bruno/Desktop/api/swagger.yaml [3ms]
2023-11-20 15:44:56.887 [info] > git cat-file -s 5dcf193114a3bbda516b8102a3742f2d41c4bbfd [2ms]
2023-11-20 15:44:57.500 [info] > git show --textconv :README.MD [25ms]
2023-11-20 15:44:57.508 [info] > git ls-files --stage -- /home/bruno/Desktop/api/README.MD [10ms]
2023-11-20 15:44:57.542 [info] > git cat-file -s c4d79d968e12b818d0b1432f88f24f97bcef507c [16ms]
2023-11-20 15:44:57.922 [info] > git config --get commit.template [4ms]
2023-11-20 15:44:57.944 [info] > git for-each-ref --format=%(refname)%00%(upstream:short)%00%(objectname)%00%(upstream:track)%00%(upstream:remotename)%00%(upstream:remoteref) refs/heads/master refs/remotes/master [4ms]
2023-11-20 15:44:57.972 [info] > git status -z -uall [9ms]
2023-11-20 15:45:44.818 [info] > git config --get commit.template [29ms]
2023-11-20 15:45:44.819 [info] > git for-each-ref --format=%(refname)%00%(upstream:short)%00%(objectname)%00%(upstream:track)%00%(upstream:remotename)%00%(upstream:remoteref) refs/heads/master refs/remotes/master [1ms]
2023-11-20 15:45:44.852 [info] > git status -z -uall [5ms]
2023-11-20 15:46:15.927 [info] > git fetch [936ms]
2023-11-20 15:46:15.927 [info] Missing or invalid credentials.
Skip silent fetch commands
git@github.com: Permission denied (publickey).
fatal: Could not read from remote repository.

Please make sure you have the correct access rights
and the repository exists.
2023-11-20 15:46:15.960 [info] > git config --get commit.template [2ms]
2023-11-20 15:46:15.988 [info] > git for-each-ref --format=%(refname)%00%(upstream:short)%00%(objectname)%00%(upstream:track)%00%(upstream:remotename)%00%(upstream:remoteref) refs/heads/master refs/remotes/master [3ms]
2023-11-20 15:46:16.018 [info] > git status -z -uall [4ms]
2023-11-20 15:46:16.221 [info] > git ls-files --stage -- /home/bruno/Desktop/api/README.MD [1ms]
2023-11-20 15:46:16.249 [info] > git cat-file -s c4d79d968e12b818d0b1432f88f24f97bcef507c [2ms]
2023-11-20 15:46:16.277 [info] > git show --textconv :README.MD [2ms]
2023-11-20 15:46:27.713 [info] > git config --get commit.template [31ms]
2023-11-20 15:46:27.714 [info] > git for-each-ref --format=%(refname)%00%(upstream:short)%00%(objectname)%00%(upstream:track)%00%(upstream:remotename)%00%(upstream:remoteref) refs/heads/master refs/remotes/master [1ms]
2023-11-20 15:46:27.749 [info] > git status -z -uall [5ms]
2023-11-20 15:46:30.382 [info] > git show --textconv :CHANGELOG.md [68ms]
2023-11-20 15:46:30.382 [info] > git ls-files --stage -- /home/bruno/Desktop/api/CHANGELOG.md [33ms]
2023-11-20 15:46:30.414 [info] > git cat-file -s 4f8ef6fcb7f53bdb83f1f5e76b32ed9d8cd75eb8 [1ms]
2023-11-20 15:46:56.389 [info] > git show --textconv :tsconfig.json [25ms]
2023-11-20 15:46:56.391 [info] > git ls-files --stage -- /home/bruno/Desktop/api/tsconfig.json [2ms]
2023-11-20 15:46:56.440 [info] > git cat-file -s e3bae236c450bbf417c0231cea3003dd030fa2fd [26ms]
2023-11-20 15:46:57.918 [info] > git show --textconv :swagger.yaml [50ms]
2023-11-20 15:46:57.919 [info] > git ls-files --stage -- /home/bruno/Desktop/api/swagger.yaml [26ms]
2023-11-20 15:46:57.940 [info] > git cat-file -s 5dcf193114a3bbda516b8102a3742f2d41c4bbfd [2ms]
2023-11-20 15:46:58.471 [info] > git show --textconv :README.MD [26ms]
2023-11-20 15:46:58.471 [info] > git ls-files --stage -- /home/bruno/Desktop/api/README.MD [3ms]
2023-11-20 15:46:58.496 [info] > git cat-file -s c4d79d968e12b818d0b1432f88f24f97bcef507c [1ms]
2023-11-20 15:47:02.734 [info] > git show --textconv :CHANGELOG.md [26ms]
2023-11-20 15:47:02.735 [info] > git ls-files --stage -- /home/bruno/Desktop/api/CHANGELOG.md [1ms]
2023-11-20 15:47:02.773 [info] > git cat-file -s 4f8ef6fcb7f53bdb83f1f5e76b32ed9d8cd75eb8 [13ms]
2023-11-20 15:47:03.528 [info] > git config --get commit.template [26ms]
2023-11-20 15:47:03.529 [info] > git for-each-ref --format=%(refname)%00%(upstream:short)%00%(objectname)%00%(upstream:track)%00%(upstream:remotename)%00%(upstream:remoteref) refs/heads/master refs/remotes/master [2ms]
2023-11-20 15:47:03.557 [info] > git status -z -uall [4ms]
2023-11-20 15:47:07.794 [info] > git show --textconv :swagger.yaml [32ms]
2023-11-20 15:47:07.795 [info] > git ls-files --stage -- /home/bruno/Desktop/api/swagger.yaml [2ms]
2023-11-20 15:47:07.824 [info] > git cat-file -s 5dcf193114a3bbda516b8102a3742f2d41c4bbfd [2ms]
2023-11-20 15:47:08.552 [info] > git show --textconv :README.MD [52ms]
2023-11-20 15:47:08.552 [info] > git ls-files --stage -- /home/bruno/Desktop/api/README.MD [22ms]
2023-11-20 15:47:08.582 [info] > git cat-file -s c4d79d968e12b818d0b1432f88f24f97bcef507c [2ms]
2023-11-20 15:47:12.009 [info] > git config --get commit.template [38ms]
2023-11-20 15:47:12.010 [info] > git for-each-ref --format=%(refname)%00%(upstream:short)%00%(objectname)%00%(upstream:track)%00%(upstream:remotename)%00%(upstream:remoteref) refs/heads/master refs/remotes/master [2ms]
2023-11-20 15:47:12.053 [info] > git status -z -uall [6ms]
2023-11-20 15:48:35.333 [info] > git config --local branch.master.github-pr-owner-number [1ms]
2023-11-20 15:48:35.373 [info] > git config --get commit.template [20ms]
2023-11-20 15:48:35.374 [info] > git for-each-ref --format=%(refname)%00%(upstream:short)%00%(objectname)%00%(upstream:track)%00%(upstream:remotename)%00%(upstream:remoteref) refs/heads/master refs/remotes/master [2ms]
2023-11-20 15:48:35.398 [info] > git status -z -uall [5ms]
2023-11-20 15:49:16.970 [info] > git fetch [926ms]
2023-11-20 15:49:16.971 [info] Missing or invalid credentials.
Skip silent fetch commands
git@github.com: Permission denied (publickey).
fatal: Could not read from remote repository.

Please make sure you have the correct access rights
and the repository exists.
2023-11-20 15:49:16.996 [info] > git config --get commit.template [0ms]
2023-11-20 15:49:17.021 [info] > git for-each-ref --format=%(refname)%00%(upstream:short)%00%(objectname)%00%(upstream:track)%00%(upstream:remotename)%00%(upstream:remoteref) refs/heads/master refs/remotes/master [2ms]
2023-11-20 15:49:17.048 [info] > git status -z -uall [5ms]
2023-11-20 15:49:17.257 [info] > git ls-files --stage -- /home/bruno/Desktop/api/README.MD [2ms]
2023-11-20 15:49:17.292 [info] > git cat-file -s c4d79d968e12b818d0b1432f88f24f97bcef507c [3ms]
2023-11-20 15:49:17.328 [info] > git show --textconv :README.MD [3ms]
2023-11-20 15:50:38.766 [info] > git config --get commit.template [3ms]
2023-11-20 15:50:38.791 [info] > git for-each-ref --format=%(refname)%00%(upstream:short)%00%(objectname)%00%(upstream:track)%00%(upstream:remotename)%00%(upstream:remoteref) refs/heads/master refs/remotes/master [2ms]
2023-11-20 15:50:38.816 [info] > git status -z -uall [5ms]
2023-11-20 15:50:44.932 [info] > git config --get commit.template [21ms]
2023-11-20 15:50:44.933 [info] > git for-each-ref --format=%(refname)%00%(upstream:short)%00%(objectname)%00%(upstream:track)%00%(upstream:remotename)%00%(upstream:remoteref) refs/heads/master refs/remotes/master [1ms]
2023-11-20 15:50:44.962 [info] > git status -z -uall [4ms]
2023-11-20 15:51:28.383 [info] > git config --get commit.template [2ms]
2023-11-20 15:51:28.426 [info] > git for-each-ref --format=%(refname)%00%(upstream:short)%00%(objectname)%00%(upstream:track)%00%(upstream:remotename)%00%(upstream:remoteref) refs/heads/master refs/remotes/master [1ms]
2023-11-20 15:51:28.461 [info] > git status -z -uall [4ms]
2023-11-20 15:52:18.063 [info] > git fetch [979ms]
2023-11-20 15:52:18.063 [info] Missing or invalid credentials.
Skip silent fetch commands
git@github.com: Permission denied (publickey).
fatal: Could not read from remote repository.

Please make sure you have the correct access rights
and the repository exists.
2023-11-20 15:52:18.108 [info] > git config --get commit.template [23ms]
2023-11-20 15:52:18.109 [info] > git for-each-ref --format=%(refname)%00%(upstream:short)%00%(objectname)%00%(upstream:track)%00%(upstream:remotename)%00%(upstream:remoteref) refs/heads/master refs/remotes/master [1ms]
2023-11-20 15:52:18.135 [info] > git status -z -uall [4ms]
2023-11-20 15:52:18.319 [info] > git ls-files --stage -- /home/bruno/Desktop/api/README.MD [1ms]
2023-11-20 15:52:18.342 [info] > git cat-file -s c4d79d968e12b818d0b1432f88f24f97bcef507c [1ms]
2023-11-20 15:52:18.366 [info] > git show --textconv :README.MD [1ms]
2023-11-20 15:53:35.433 [info] > git config --local branch.master.github-pr-owner-number [1ms]
2023-11-20 15:53:35.471 [info] > git config --get commit.template [19ms]
2023-11-20 15:53:35.472 [info] > git for-each-ref --format=%(refname)%00%(upstream:short)%00%(objectname)%00%(upstream:track)%00%(upstream:remotename)%00%(upstream:remoteref) refs/heads/master refs/remotes/master [2ms]
2023-11-20 15:53:35.494 [info] > git status -z -uall [4ms]
2023-11-20 15:55:19.078 [info] > git fetch [919ms]
2023-11-20 15:55:19.078 [info] Missing or invalid credentials.
Skip silent fetch commands
git@github.com: Permission denied (publickey).
fatal: Could not read from remote repository.

Please make sure you have the correct access rights
and the repository exists.
2023-11-20 15:55:19.103 [info] > git config --get commit.template [1ms]
2023-11-20 15:55:19.126 [info] > git for-each-ref --format=%(refname)%00%(upstream:short)%00%(objectname)%00%(upstream:track)%00%(upstream:remotename)%00%(upstream:remoteref) refs/heads/master refs/remotes/master [1ms]
2023-11-20 15:55:19.152 [info] > git status -z -uall [5ms]
2023-11-20 15:55:19.369 [info] > git ls-files --stage -- /home/bruno/Desktop/api/README.MD [2ms]
2023-11-20 15:55:19.402 [info] > git cat-file -s c4d79d968e12b818d0b1432f88f24f97bcef507c [5ms]
2023-11-20 15:55:19.428 [info] > git show --textconv :README.MD [1ms]
2023-11-20 15:56:52.013 [info] > git config --get commit.template [1ms]
2023-11-20 15:56:52.034 [info] > git for-each-ref --format=%(refname)%00%(upstream:short)%00%(objectname)%00%(upstream:track)%00%(upstream:remotename)%00%(upstream:remoteref) refs/heads/master refs/remotes/master [1ms]
2023-11-20 15:56:52.058 [info] > git status -z -uall [5ms]
2023-11-20 15:57:11.974 [info] > git config --get commit.template [22ms]
2023-11-20 15:57:11.995 [info] > git for-each-ref --format=%(refname)%00%(upstream:short)%00%(objectname)%00%(upstream:track)%00%(upstream:remotename)%00%(upstream:remoteref) refs/heads/master refs/remotes/master [22ms]
2023-11-20 15:57:12.016 [info] > git ls-files --stage -- /home/bruno/Desktop/api/README.MD [22ms]
2023-11-20 15:57:12.045 [info] > git status -z -uall [30ms]
2023-11-20 15:57:12.053 [info] > git cat-file -s 23e2b0fcc1720af2abbce52a4a7461a4d5fcc6cf [8ms]
2023-11-20 15:57:12.105 [info] > git config --local branch.master.github-pr-owner-number [20ms]
2023-11-20 15:57:12.125 [info] > git show --textconv :README.MD [21ms]
2023-11-20 15:57:12.126 [info] > git config --get commit.template [1ms]
2023-11-20 15:57:12.148 [info] > git for-each-ref --format=%(refname)%00%(upstream:short)%00%(objectname)%00%(upstream:track)%00%(upstream:remotename)%00%(upstream:remoteref) refs/heads/master refs/remotes/master [2ms]
2023-11-20 15:57:12.173 [info] > git status -z -uall [4ms]
2023-11-20 15:58:35.546 [info] > git config --local branch.master.github-pr-owner-number [1ms]
2023-11-20 15:58:35.587 [info] > git config --get commit.template [20ms]
2023-11-20 15:58:35.588 [info] > git for-each-ref --format=%(refname)%00%(upstream:short)%00%(objectname)%00%(upstream:track)%00%(upstream:remotename)%00%(upstream:remoteref) refs/heads/master refs/remotes/master [1ms]
2023-11-20 15:58:35.612 [info] > git status -z -uall [4ms]
2023-11-20 15:58:35.638 [info] > git config --local branch.master.github-pr-owner-number [1ms]
2023-11-20 15:58:35.678 [info] > git config --get commit.template [20ms]
2023-11-20 15:58:35.679 [info] > git for-each-ref --format=%(refname)%00%(upstream:short)%00%(objectname)%00%(upstream:track)%00%(upstream:remotename)%00%(upstream:remoteref) refs/heads/master refs/remotes/master [1ms]
2023-11-20 15:58:35.703 [info] > git status -z -uall [4ms]
2023-11-20 15:58:54.981 [info] > git config --get commit.template [28ms]
2023-11-20 15:58:55.001 [info] > git ls-files --stage -- /home/bruno/Desktop/api/README.MD [20ms]
2023-11-20 15:58:55.021 [info] > git cat-file -s 23e2b0fcc1720af2abbce52a4a7461a4d5fcc6cf [1ms]
2023-11-20 15:58:55.022 [info] > git for-each-ref --format=%(refname)%00%(upstream:short)%00%(objectname)%00%(upstream:track)%00%(upstream:remotename)%00%(upstream:remoteref) refs/heads/master refs/remotes/master [22ms]
2023-11-20 15:58:55.062 [info] > git status -z -uall [21ms]
2023-11-20 15:58:55.064 [info] > git show --textconv :README.MD [2ms]
2023-11-20 15:58:55.891 [info] > git fetch [967ms]
2023-11-20 15:58:55.891 [info] Missing or invalid credentials.
Skip silent fetch commands
git@github.com: Permission denied (publickey).
fatal: Could not read from remote repository.

Please make sure you have the correct access rights
and the repository exists.
2023-11-20 15:58:55.931 [info] > git config --get commit.template [20ms]
2023-11-20 15:58:55.932 [info] > git for-each-ref --format=%(refname)%00%(upstream:short)%00%(objectname)%00%(upstream:track)%00%(upstream:remotename)%00%(upstream:remoteref) refs/heads/master refs/remotes/master [1ms]
2023-11-20 15:58:55.957 [info] > git status -z -uall [4ms]
2023-11-20 15:58:56.149 [info] > git ls-files --stage -- /home/bruno/Desktop/api/README.MD [1ms]
2023-11-20 15:58:56.176 [info] > git cat-file -s 23e2b0fcc1720af2abbce52a4a7461a4d5fcc6cf [2ms]
2023-11-20 15:58:56.205 [info] > git show --textconv :README.MD [2ms]
2023-11-20 15:59:00.107 [info] > git config --get commit.template [21ms]
2023-11-20 15:59:00.107 [info] > git for-each-ref --format=%(refname)%00%(upstream:short)%00%(objectname)%00%(upstream:track)%00%(upstream:remotename)%00%(upstream:remoteref) refs/heads/master refs/remotes/master [1ms]
2023-11-20 15:59:00.132 [info] > git status -z -uall [5ms]
2023-11-20 15:59:01.646 [info] > git show --textconv :swagger.yaml [36ms]
2023-11-20 15:59:01.647 [info] > git ls-files --stage -- /home/bruno/Desktop/api/swagger.yaml [2ms]
2023-11-20 15:59:01.674 [info] > git cat-file -s 5dcf193114a3bbda516b8102a3742f2d41c4bbfd [4ms]
