2023-11-21 15:26:00.175 [warning] /home/bruno/.ssh/config: ENOENT: no such file or directory, open '/home/bruno/.ssh/config'
2023-11-21 15:26:00.175 [info] Activation> Extension version: 0.76.1
2023-11-21 15:26:00.531 [info] Looking for git repository
2023-11-21 15:26:00.531 [info] Found 0 repositories during activation
2023-11-21 15:26:00.531 [info] Git repository found, initializing review manager and pr tree view.
2023-11-21 15:26:00.531 [info] Registering git provider
2023-11-21 15:26:00.571 [info] Git initialization state changed: state=initialized
2023-11-21 15:41:33.716 [info] Repository file:///home/bruno/.config/tmux/plugins/tmux-resurrect has been opened
2023-11-21 15:41:33.716 [info] Review> Validate state in progress
2023-11-21 15:41:33.716 [info] Review> Validating state...
2023-11-21 15:41:33.717 [warning] No remotes found. The following remotes are missing: origin, upstream
2023-11-21 15:41:33.717 [info] No GitHub remotes found for folder /home/bruno/.config/tmux/plugins/tmux-resurrect
2023-11-21 15:41:33.718 [info] Trying to use globalState for assignableUsers.
2023-11-21 15:41:33.767 [info] GlobalState does not exist for assignableUsers.
2023-11-21 15:41:33.770 [info] Review> Queuing additional validate state
2023-11-21 15:41:33.770 [info] Repo state for file:///home/bruno/.config/tmux/plugins/tmux-resurrect changed.
2023-11-21 15:41:33.770 [info] Repo file:///home/bruno/.config/tmux/plugins/tmux-resurrect has already been setup.
2023-11-21 15:41:33.823 [info] Review> Validating state...
2023-11-21 15:41:33.841 [info] Found GitHub remote for folder /home/bruno/.config/tmux/plugins/tmux-resurrect
2023-11-21 15:41:33.841 [info] Using in-memory cached assignable users.
2023-11-21 15:41:33.906 [info] Review> No matching pull request metadata found locally for current branch master
2023-11-21 15:41:33.944 [info] Review> Failed to get upstream for branch master from git config.
2023-11-21 15:41:33.944 [info] Review> No matching pull request metadata found on GitHub for current branch master
2023-11-21 15:41:39.317 [info] Review> Validate state in progress
2023-11-21 15:41:39.317 [info] Review> Validating state...
2023-11-21 15:41:39.319 [info] Found GitHub remote for folder /home/bruno/.config/tmux/plugins/tmux-resurrect
2023-11-21 15:41:39.319 [info] Using in-memory cached assignable users.
2023-11-21 15:41:39.370 [info] Review> No matching pull request metadata found locally for current branch master
2023-11-21 15:41:39.370 [info] Review> No matching pull request metadata found on GitHub for current branch master
2023-11-21 15:49:41.911 [warning] /home/bruno/.ssh/config: ENOENT: no such file or directory, open '/home/bruno/.ssh/config'
2023-11-21 15:49:41.911 [info] Activation> Extension version: 0.76.1
2023-11-21 15:49:42.295 [info] Looking for git repository
2023-11-21 15:49:42.295 [info] Found 0 repositories during activation
2023-11-21 15:49:42.295 [info] Git repository found, initializing review manager and pr tree view.
2023-11-21 15:49:42.295 [info] Registering git provider
2023-11-21 15:49:42.700 [info] Git initialization state changed: state=initialized
