2023-11-21 08:50:48.183 [info] Reading sessions from keychain...
2023-11-21 08:50:48.183 [info] Getting sessions for all scopes...
2023-11-21 08:50:48.183 [info] Getting sessions for user:email...
2023-11-21 08:50:48.183 [info] Got stored sessions!
2023-11-21 08:50:48.183 [info] Got 2 verified sessions.
2023-11-21 08:50:48.183 [info] Got 2 sessions for ...
2023-11-21 08:50:48.183 [info] Got 1 sessions for user:email...
2023-11-21 08:50:48.183 [info] Getting sessions for all scopes...
2023-11-21 08:50:48.183 [info] Got 2 sessions for ...
2023-11-21 08:50:48.183 [info] Getting sessions for all scopes...
2023-11-21 08:50:48.183 [info] Got 2 sessions for ...
2023-11-21 08:50:48.183 [info] Getting sessions for user:email...
2023-11-21 08:50:48.183 [info] Got 1 sessions for user:email...
2023-11-21 08:50:48.183 [info] Getting sessions for read:user...
2023-11-21 08:50:48.183 [info] Got 1 sessions for read:user...
2023-11-21 08:50:48.183 [info] Getting sessions for read:user...
2023-11-21 08:50:48.183 [info] Got 1 sessions for read:user...
2023-11-21 08:50:48.234 [info] Getting sessions for project,read:org,read:user,repo,user:email,workflow...
2023-11-21 08:50:48.234 [info] Got 0 sessions for project,read:org,read:user,repo,user:email,workflow...
2023-11-21 08:50:48.480 [info] Getting sessions for read:user,repo,user:email,workflow...
2023-11-21 08:50:48.480 [info] Got 0 sessions for read:user,repo,user:email,workflow...
2023-11-21 08:50:48.482 [info] Getting sessions for user:email...
2023-11-21 08:50:48.482 [info] Got 1 sessions for user:email...
2023-11-21 08:50:48.493 [info] Getting sessions for read:user,repo,user:email...
2023-11-21 08:50:48.493 [info] Got 0 sessions for read:user,repo,user:email...
2023-11-21 08:50:48.567 [info] Getting sessions for read:user,repo,user:email,workflow...
2023-11-21 08:50:48.567 [info] Got 0 sessions for read:user,repo,user:email,workflow...
2023-11-21 08:50:48.968 [info] Getting sessions for user:email...
2023-11-21 08:50:48.968 [info] Got 1 sessions for user:email...
2023-11-21 08:50:49.062 [info] Getting sessions for user:email...
2023-11-21 08:50:49.062 [info] Got 1 sessions for user:email...
2023-11-21 09:15:48.860 [info] Getting sessions for read:user...
2023-11-21 09:15:48.860 [info] Got 1 sessions for read:user...
2023-11-21 09:15:48.935 [info] Getting sessions for user:email...
2023-11-21 09:15:48.935 [info] Got 1 sessions for user:email...
2023-11-21 09:15:49.268 [info] Getting sessions for user:email...
2023-11-21 09:15:49.268 [info] Got 1 sessions for user:email...
2023-11-21 09:15:50.137 [info] Getting sessions for read:user...
2023-11-21 09:15:50.137 [info] Got 1 sessions for read:user...
2023-11-21 09:40:49.293 [info] Getting sessions for user:email...
2023-11-21 09:40:49.293 [info] Got 1 sessions for user:email...
2023-11-21 09:40:49.299 [info] Getting sessions for read:user...
2023-11-21 09:40:49.299 [info] Got 1 sessions for read:user...
2023-11-21 09:40:49.681 [info] Getting sessions for user:email...
2023-11-21 09:40:49.681 [info] Got 1 sessions for user:email...
2023-11-21 09:40:51.314 [info] Getting sessions for read:user...
2023-11-21 09:40:51.314 [info] Got 1 sessions for read:user...
2023-11-21 10:05:49.676 [info] Getting sessions for read:user...
2023-11-21 10:05:49.676 [info] Got 1 sessions for read:user...
2023-11-21 10:05:49.681 [info] Getting sessions for user:email...
2023-11-21 10:05:49.681 [info] Got 1 sessions for user:email...
2023-11-21 10:05:50.130 [info] Getting sessions for user:email...
2023-11-21 10:05:50.130 [info] Got 1 sessions for user:email...
2023-11-21 10:05:52.563 [info] Getting sessions for read:user...
2023-11-21 10:05:52.563 [info] Got 1 sessions for read:user...
2023-11-21 10:30:50.164 [info] Getting sessions for read:user...
2023-11-21 10:30:50.164 [info] Got 1 sessions for read:user...
2023-11-21 10:30:50.164 [info] Getting sessions for user:email...
2023-11-21 10:30:50.164 [info] Got 1 sessions for user:email...
2023-11-21 10:30:50.550 [info] Getting sessions for user:email...
2023-11-21 10:30:50.550 [info] Got 1 sessions for user:email...
2023-11-21 10:30:54.103 [info] Getting sessions for read:user...
2023-11-21 10:30:54.103 [info] Got 1 sessions for read:user...
2023-11-21 10:55:50.524 [info] Getting sessions for read:user...
2023-11-21 10:55:50.524 [info] Got 1 sessions for read:user...
2023-11-21 10:55:50.551 [info] Getting sessions for user:email...
2023-11-21 10:55:50.551 [info] Got 1 sessions for user:email...
2023-11-21 10:55:50.917 [info] Getting sessions for user:email...
2023-11-21 10:55:50.918 [info] Got 1 sessions for user:email...
2023-11-21 10:55:55.362 [info] Getting sessions for read:user...
2023-11-21 10:55:55.362 [info] Got 1 sessions for read:user...
2023-11-21 11:20:50.892 [info] Getting sessions for read:user...
2023-11-21 11:20:50.892 [info] Got 1 sessions for read:user...
2023-11-21 11:20:50.920 [info] Getting sessions for user:email...
2023-11-21 11:20:50.920 [info] Got 1 sessions for user:email...
2023-11-21 11:20:51.299 [info] Getting sessions for user:email...
2023-11-21 11:20:51.299 [info] Got 1 sessions for user:email...
2023-11-21 11:20:56.788 [info] Getting sessions for read:user...
2023-11-21 11:20:56.788 [info] Got 1 sessions for read:user...
2023-11-21 11:45:51.278 [info] Getting sessions for read:user...
2023-11-21 11:45:51.279 [info] Got 1 sessions for read:user...
2023-11-21 11:45:51.303 [info] Getting sessions for user:email...
2023-11-21 11:45:51.303 [info] Got 1 sessions for user:email...
2023-11-21 11:45:51.731 [info] Getting sessions for user:email...
2023-11-21 11:45:51.731 [info] Got 1 sessions for user:email...
2023-11-21 11:45:58.445 [info] Getting sessions for read:user...
2023-11-21 11:45:58.445 [info] Got 1 sessions for read:user...
