[1700587080287] INFO  (ext): SQLTools is starting
[1700587080288] INFO  (ext): initializing language client...
[1700587080289] INFO  (ext): Registering client for languages [{"scheme":"sqltools"},{"language":"sql","scheme":"untitled"},{"language":"sql","scheme":"file"},{"language":"sql","scheme":"sqltools"}]
    ns: "lc"
[1700587080290] INFO  (ext): loading plugins...
[1700587080290] INFO  (ext): registering Formatter Plugin.
    plugin: {
      "name": "Formatter Plugin"
    }
[1700587080291] INFO  (ext): registering Connection Manager Plugin.
    plugin: {
      "name": "Connection Manager Plugin"
    }
[1700587080291] INFO  (ext): registering CodeLens Plugin.
    plugin: {
      "name": "CodeLens Plugin",
      "registeredLanguages": []
    }
[1700587080291] INFO  (ext): registering Dependency Manager Plugin.
    plugin: {
      "name": "Dependency Manager Plugin",
      "installingDrivers": []
    }
[1700587080292] INFO  (ext): Connection explorer changed. Will be updated.
    ns: "conn-man:explorer"
[1700587080292] INFO  (ext): registering History Manager Plugin.
    plugin: {
      "name": "History Manager Plugin"
    }
[1700587080293] INFO  (ext): registering Bookmarks Manager Plugin.
    plugin: {
      "name": "Bookmarks Manager Plugin"
    }
[1700587080293] INFO  (ext): registering Authentication Provider Plugin.
    plugin: {
      "name": "Authentication Provider Plugin",
      "isRegistered": false
    }
[1700587080293] INFO  (ext): registering Object Drop-in Provider (plugin).
    plugin: {
      "type": "plugin",
      "name": "Object Drop-in Provider",
      "isRegistered": false
    }
[1700587080293] INFO  (ext): SQLTools activation completed. 5.9532 ms
[1700587080293] INFO  (ext): Formatter Plugin registered!
[1700587080294] INFO  (ext): CodeLens Plugin registered!
[1700587080294] INFO  (ext): Dependency Manager Plugin registered!
[1700587080294] INFO  (ext): Connection Manager Plugin registered!
[1700587080294] INFO  (ext): History Manager Plugin registered!
[1700587080294] INFO  (ext): Bookmarks Manager Plugin registered!
[1700587080294] INFO  (ext): Authentication Provider Plugin registered!
[1700587080294] INFO  (ext): Object Drop-in Provider (plugin) registered!
[1700587080476] INFO  (ls): SQLTools Server started!
===============================
Using node runtime?: no
ExecPath: /usr/share/code/code 
===============================
[1700587080492] INFO  (ext): LanguageClient ready
    ns: "lc"
[1700587080492] INFO  (ls): Initialized with node version:v18.15.0
[1700587080605] INFO  (ext): Connection explorer changed. Will be updated.
    ns: "conn-man:explorer"
[1700587081294] INFO  (ext): EXECUTING COMMAND => sqltools.refreshTree
[1700587081294] INFO  (ext): Connection explorer changed. Will be updated.
    ns: "conn-man:explorer"
[1700587082293] INFO  (ext): Connection explorer changed. Will be updated.
    ns: "conn-man:explorer"
[1700587583079] INFO  (ext): Connection explorer changed. Will be updated.
    ns: "conn-man:explorer"
[1700587862701] INFO  (ext): Connection explorer changed. Will be updated.
    ns: "conn-man:explorer"
[1700588037899] INFO  (ext): Connection explorer changed. Will be updated.
    ns: "conn-man:explorer"
[1700588050750] INFO  (ext): Connection explorer changed. Will be updated.
    ns: "conn-man:explorer"
[1700588055138] INFO  (ext): Connection explorer changed. Will be updated.
    ns: "conn-man:explorer"
[1700588184669] INFO  (ext): Connection explorer changed. Will be updated.
    ns: "conn-man:explorer"
[1700588515243] INFO  (ext): Connection explorer changed. Will be updated.
    ns: "conn-man:explorer"
