2023-11-20 15:59:10.344 [info] Reading sessions from keychain...
2023-11-20 15:59:10.344 [info] Getting sessions for all scopes...
2023-11-20 15:59:10.344 [info] Getting sessions for user:email...
2023-11-20 15:59:10.344 [info] Got stored sessions!
2023-11-20 15:59:10.344 [info] Got 2 verified sessions.
2023-11-20 15:59:10.344 [info] Got 2 sessions for ...
2023-11-20 15:59:10.344 [info] Got 1 sessions for user:email...
2023-11-20 15:59:10.345 [info] Getting sessions for all scopes...
2023-11-20 15:59:10.345 [info] Got 2 sessions for ...
2023-11-20 15:59:10.345 [info] Getting sessions for user:email...
2023-11-20 15:59:10.345 [info] Got 1 sessions for user:email...
2023-11-20 15:59:10.345 [info] Getting sessions for all scopes...
2023-11-20 15:59:10.345 [info] Got 2 sessions for ...
2023-11-20 15:59:10.345 [info] Getting sessions for user:email...
2023-11-20 15:59:10.345 [info] Got 1 sessions for user:email...
2023-11-20 15:59:10.437 [info] Getting sessions for read:user,repo,user:email,workflow...
2023-11-20 15:59:10.437 [info] Got 0 sessions for read:user,repo,user:email,workflow...
2023-11-20 15:59:11.551 [info] Getting sessions for all scopes...
2023-11-20 15:59:11.551 [info] Got 2 sessions for ...
2023-11-20 15:59:11.638 [info] Getting sessions for read:user...
2023-11-20 15:59:11.638 [info] Got 1 sessions for read:user...
2023-11-20 15:59:11.639 [info] Getting sessions for read:user...
2023-11-20 15:59:11.639 [info] Got 1 sessions for read:user...
2023-11-20 15:59:11.672 [info] Getting sessions for project,read:org,read:user,repo,user:email,workflow...
2023-11-20 15:59:11.672 [info] Got 0 sessions for project,read:org,read:user,repo,user:email,workflow...
2023-11-20 15:59:11.732 [info] Getting sessions for read:user,repo,user:email,workflow...
2023-11-20 15:59:11.732 [info] Got 0 sessions for read:user,repo,user:email,workflow...
2023-11-20 15:59:11.930 [info] Getting sessions for read:user,repo,user:email...
2023-11-20 15:59:11.930 [info] Got 0 sessions for read:user,repo,user:email...
2023-11-20 15:59:12.027 [info] Getting sessions for read:user,repo,user:email,workflow...
2023-11-20 15:59:12.027 [info] Got 0 sessions for read:user,repo,user:email,workflow...
2023-11-20 15:59:12.746 [info] Getting sessions for user:email...
2023-11-20 15:59:12.747 [info] Got 1 sessions for user:email...
2023-11-20 15:59:13.249 [info] Getting sessions for user:email...
2023-11-20 15:59:13.249 [info] Got 1 sessions for user:email...
2023-11-20 15:59:13.256 [info] Getting sessions for user:email...
2023-11-20 15:59:13.256 [info] Got 1 sessions for user:email...
2023-11-20 15:59:14.134 [info] Getting sessions for read:user,repo,user:email...
2023-11-20 15:59:14.134 [info] Got 0 sessions for read:user,repo,user:email...
2023-11-20 16:24:12.271 [info] Getting sessions for read:user...
2023-11-20 16:24:12.271 [info] Got 1 sessions for read:user...
2023-11-20 16:24:13.244 [info] Getting sessions for user:email...
2023-11-20 16:24:13.244 [info] Got 1 sessions for user:email...
2023-11-20 16:24:13.628 [info] Getting sessions for read:user...
2023-11-20 16:24:13.628 [info] Got 1 sessions for read:user...
2023-11-20 16:24:13.658 [info] Getting sessions for user:email...
2023-11-20 16:24:13.658 [info] Got 1 sessions for user:email...
2023-11-20 16:49:12.698 [info] Getting sessions for read:user...
2023-11-20 16:49:12.698 [info] Got 1 sessions for read:user...
2023-11-20 16:49:13.659 [info] Getting sessions for user:email...
2023-11-20 16:49:13.660 [info] Got 1 sessions for user:email...
2023-11-20 16:49:14.166 [info] Getting sessions for user:email...
2023-11-20 16:49:14.166 [info] Got 1 sessions for user:email...
2023-11-20 16:49:15.163 [info] Getting sessions for read:user...
2023-11-20 16:49:15.163 [info] Got 1 sessions for read:user...
