2023-11-21 15:25:53.011 [info] Log level: Info
2023-11-21 15:25:53.011 [info] Validating found git in: "git"
2023-11-21 15:25:53.011 [info] Using git "2.42.0" from "git"
2023-11-21 15:25:53.011 [info] > git rev-parse --show-toplevel [20ms]
2023-11-21 15:25:53.011 [info] fatal: not a git repository (or any parent up to mount point /)
Stopping at filesystem boundary (GIT_DISCOVERY_ACROSS_FILESYSTEM not set).
2023-11-21 15:25:53.011 [info] > git rev-parse --show-toplevel [8ms]
2023-11-21 15:25:53.011 [info] fatal: not a git repository (or any parent up to mount point /)
Stopping at filesystem boundary (GIT_DISCOVERY_ACROSS_FILESYSTEM not set).
2023-11-21 15:25:53.022 [info] > git rev-parse --show-toplevel [12ms]
2023-11-21 15:25:53.022 [info] fatal: not a git repository (or any parent up to mount point /)
Stopping at filesystem boundary (GIT_DISCOVERY_ACROSS_FILESYSTEM not set).
2023-11-21 15:25:53.029 [info] > git rev-parse --show-toplevel [0ms]
2023-11-21 15:25:53.029 [info] fatal: not a git repository (or any parent up to mount point /)
Stopping at filesystem boundary (GIT_DISCOVERY_ACROSS_FILESYSTEM not set).
2023-11-21 15:25:53.039 [info] > git rev-parse --show-toplevel [6ms]
2023-11-21 15:25:53.039 [info] fatal: not a git repository (or any parent up to mount point /)
Stopping at filesystem boundary (GIT_DISCOVERY_ACROSS_FILESYSTEM not set).
2023-11-21 15:25:53.046 [info] > git rev-parse --show-toplevel [2ms]
2023-11-21 15:25:53.046 [info] fatal: not a git repository (or any parent up to mount point /)
Stopping at filesystem boundary (GIT_DISCOVERY_ACROSS_FILESYSTEM not set).
2023-11-21 15:25:54.045 [info] > git rev-parse --show-toplevel [649ms]
2023-11-21 15:25:54.045 [info] fatal: not a git repository (or any parent up to mount point /)
Stopping at filesystem boundary (GIT_DISCOVERY_ACROSS_FILESYSTEM not set).
