2023-11-21 15:26:00.162 [info] Reading sessions from keychain...
2023-11-21 15:26:00.162 [info] Getting sessions for all scopes...
2023-11-21 15:26:00.162 [info] Got stored sessions!
2023-11-21 15:26:00.162 [info] Got 2 verified sessions.
2023-11-21 15:26:00.162 [info] Got 2 sessions for ...
2023-11-21 15:26:00.162 [info] Getting sessions for user:email...
2023-11-21 15:26:00.162 [info] Got 1 sessions for user:email...
2023-11-21 15:26:00.162 [info] Getting sessions for all scopes...
2023-11-21 15:26:00.162 [info] Got 2 sessions for ...
2023-11-21 15:26:00.162 [info] Getting sessions for read:user...
2023-11-21 15:26:00.162 [info] Got 1 sessions for read:user...
2023-11-21 15:26:00.162 [info] Getting sessions for read:user...
2023-11-21 15:26:00.162 [info] Got 1 sessions for read:user...
2023-11-21 15:26:00.162 [info] Getting sessions for user:email...
2023-11-21 15:26:00.162 [info] Got 1 sessions for user:email...
2023-11-21 15:26:00.162 [info] Getting sessions for all scopes...
2023-11-21 15:26:00.162 [info] Got 2 sessions for ...
2023-11-21 15:26:00.162 [info] Getting sessions for user:email...
2023-11-21 15:26:00.162 [info] Got 1 sessions for user:email...
2023-11-21 15:26:00.162 [info] Getting sessions for project,read:org,read:user,repo,user:email,workflow...
2023-11-21 15:26:00.162 [info] Got 0 sessions for project,read:org,read:user,repo,user:email,workflow...
2023-11-21 15:26:00.344 [info] Getting sessions for read:user,repo,user:email,workflow...
2023-11-21 15:26:00.344 [info] Got 0 sessions for read:user,repo,user:email,workflow...
2023-11-21 15:26:00.458 [info] Getting sessions for read:user,repo,user:email...
2023-11-21 15:26:00.458 [info] Got 0 sessions for read:user,repo,user:email...
2023-11-21 15:26:00.516 [info] Getting sessions for read:user,repo,user:email,workflow...
2023-11-21 15:26:00.516 [info] Got 0 sessions for read:user,repo,user:email,workflow...
2023-11-21 15:26:00.603 [info] Getting sessions for user:email...
2023-11-21 15:26:00.603 [info] Got 1 sessions for user:email...
2023-11-21 15:26:01.128 [info] Getting sessions for user:email...
2023-11-21 15:26:01.128 [info] Got 1 sessions for user:email...
2023-11-21 15:26:01.132 [info] Getting sessions for user:email...
2023-11-21 15:26:01.132 [info] Got 1 sessions for user:email...
2023-11-21 15:41:33.784 [info] Getting sessions for read:user,repo,user:email,workflow...
2023-11-21 15:41:33.784 [info] Got 0 sessions for read:user,repo,user:email,workflow...
2023-11-21 15:49:41.142 [info] Reading sessions from keychain...
2023-11-21 15:49:41.142 [info] Getting sessions for all scopes...
2023-11-21 15:49:41.142 [info] Got stored sessions!
2023-11-21 15:49:41.142 [info] Got 2 verified sessions.
2023-11-21 15:49:41.142 [info] Got 2 sessions for ...
2023-11-21 15:49:41.142 [info] Getting sessions for user:email...
2023-11-21 15:49:41.142 [info] Got 1 sessions for user:email...
2023-11-21 15:49:41.142 [info] Getting sessions for all scopes...
2023-11-21 15:49:41.142 [info] Got 2 sessions for ...
2023-11-21 15:49:41.142 [info] Getting sessions for user:email...
2023-11-21 15:49:41.142 [info] Got 1 sessions for user:email...
2023-11-21 15:49:41.142 [info] Getting sessions for all scopes...
2023-11-21 15:49:41.142 [info] Got 2 sessions for ...
2023-11-21 15:49:41.142 [info] Getting sessions for user:email...
2023-11-21 15:49:41.142 [info] Got 1 sessions for user:email...
2023-11-21 15:49:41.814 [info] Getting sessions for all scopes...
2023-11-21 15:49:41.814 [info] Got 2 sessions for ...
2023-11-21 15:49:41.890 [info] Getting sessions for read:user...
2023-11-21 15:49:41.890 [info] Got 1 sessions for read:user...
2023-11-21 15:49:41.898 [info] Getting sessions for read:user...
2023-11-21 15:49:41.898 [info] Got 1 sessions for read:user...
2023-11-21 15:49:41.915 [info] Getting sessions for project,read:org,read:user,repo,user:email,workflow...
2023-11-21 15:49:41.915 [info] Got 0 sessions for project,read:org,read:user,repo,user:email,workflow...
2023-11-21 15:49:41.974 [info] Getting sessions for read:user,repo,user:email,workflow...
2023-11-21 15:49:41.974 [info] Got 0 sessions for read:user,repo,user:email,workflow...
2023-11-21 15:49:42.099 [info] Getting sessions for read:user,repo,user:email...
2023-11-21 15:49:42.099 [info] Got 0 sessions for read:user,repo,user:email...
2023-11-21 15:49:42.200 [info] Getting sessions for read:user,repo,user:email,workflow...
2023-11-21 15:49:42.200 [info] Got 0 sessions for read:user,repo,user:email,workflow...
2023-11-21 15:49:42.509 [info] Getting sessions for user:email...
2023-11-21 15:49:42.509 [info] Got 1 sessions for user:email...
2023-11-21 15:49:43.145 [info] Getting sessions for user:email...
2023-11-21 15:49:43.145 [info] Got 1 sessions for user:email...
2023-11-21 15:49:43.153 [info] Getting sessions for user:email...
2023-11-21 15:49:43.153 [info] Got 1 sessions for user:email...
2023-11-21 16:14:42.536 [info] Getting sessions for read:user...
2023-11-21 16:14:42.536 [info] Got 1 sessions for read:user...
2023-11-21 16:14:43.132 [info] Getting sessions for user:email...
2023-11-21 16:14:43.132 [info] Got 1 sessions for user:email...
2023-11-21 16:14:43.446 [info] Getting sessions for user:email...
2023-11-21 16:14:43.447 [info] Got 1 sessions for user:email...
2023-11-21 16:14:43.767 [info] Getting sessions for read:user...
2023-11-21 16:14:43.767 [info] Got 1 sessions for read:user...
