2023-11-21 15:14:15.338 [info] Using settings sync service https://vscode-sync.trafficmanager.net/
2023-11-21 15:14:15.338 [info] Auto Sync is enabled.
2023-11-21 15:14:15.338 [info] Auto Sync: Suspended until auth token is available.
2023-11-21 15:14:15.655 [info] Deleting non existing profile from backup /home/bruno/.config/Code/User/sync/extensions
2023-11-21 15:14:15.658 [info] Deleting non existing profile from backup /home/bruno/.config/Code/User/sync/globalState
2023-11-21 15:14:15.659 [info] Deleting non existing profile from backup /home/bruno/.config/Code/User/sync/keybindings
2023-11-21 15:14:15.660 [info] Deleting non existing profile from backup /home/bruno/.config/Code/User/sync/profiles
2023-11-21 15:14:15.661 [info] Deleting non existing profile from backup /home/bruno/.config/Code/User/sync/settings
2023-11-21 15:14:15.662 [info] Deleting non existing profile from backup /home/bruno/.config/Code/User/sync/snippets
2023-11-21 15:14:15.662 [info] Deleting non existing profile from backup /home/bruno/.config/Code/User/sync/tasks
2023-11-21 15:14:18.036 [info] Auto Sync: Triggered by Interval
2023-11-21 15:14:18.036 [info] Sync started.
2023-11-21 15:14:19.507 [info] Settings: Last sync resource does not exist locally.
2023-11-21 15:14:20.002 [info] Settings: No changes found during synchronizing settings.
2023-11-21 15:14:20.003 [info] Keybindings: Last sync resource does not exist locally.
2023-11-21 15:14:20.387 [info] Keybindings: No changes found during synchronizing keybindings.
2023-11-21 15:14:20.389 [info] Snippets: Last sync resource does not exist locally.
2023-11-21 15:14:20.528 [info] Snippets: No changes found during synchronizing snippets.
2023-11-21 15:14:20.529 [info] Tasks: Last sync resource does not exist locally.
2023-11-21 15:14:20.702 [info] Tasks: No changes found during synchronizing tasks.
2023-11-21 15:14:20.703 [info] GlobalState: Last sync resource does not exist locally.
2023-11-21 15:14:21.391 [info] GlobalState: No changes found during synchronizing ui state.
2023-11-21 15:14:21.392 [info] Extensions: Last sync resource does not exist locally.
2023-11-21 15:14:22.058 [info] Extensions: No changes found during synchronizing extensions.
2023-11-21 15:14:22.059 [info] Profiles: Last sync resource does not exist locally.
2023-11-21 15:14:22.723 [info] Profiles: No changes found during synchronizing profiles.
2023-11-21 15:14:22.725 [info] Syncing profile. Personal
2023-11-21 15:14:22.731 [info] Settings (Personal): No changes found during synchronizing settings.
2023-11-21 15:14:22.735 [info] Keybindings (Personal): No changes found during synchronizing keybindings.
2023-11-21 15:14:22.736 [info] Snippets (Personal): No changes found during synchronizing snippets.
2023-11-21 15:14:22.760 [info] Tasks (Personal): No changes found during synchronizing tasks.
2023-11-21 15:14:22.792 [info] GlobalState (Personal): No changes found during synchronizing ui state.
2023-11-21 15:14:22.847 [info] Extensions (Personal): No changes found during synchronizing extensions.
2023-11-21 15:14:22.848 [info] Sync done. Took 4812ms
2023-11-21 15:14:26.087 [info] Auto Sync: Triggered by Activity
2023-11-21 15:14:26.087 [info] Sync started.
2023-11-21 15:14:26.263 [info] Settings: No changes found during synchronizing settings.
2023-11-21 15:14:26.265 [info] Keybindings: No changes found during synchronizing keybindings.
2023-11-21 15:14:26.267 [info] Snippets: No changes found during synchronizing snippets.
2023-11-21 15:14:26.269 [info] Tasks: No changes found during synchronizing tasks.
2023-11-21 15:14:26.272 [info] GlobalState: No changes found during synchronizing ui state.
2023-11-21 15:14:26.945 [info] Extensions: Updated remote extensions. Updated: ["eamodio.gitlens"].
2023-11-21 15:14:26.951 [info] Extensions: Updated last synchronized extensions.
2023-11-21 15:14:26.960 [info] Profiles: No changes found during synchronizing profiles.
2023-11-21 15:14:26.964 [info] Syncing profile. Personal
2023-11-21 15:14:26.981 [info] Settings (Personal): No changes found during synchronizing settings.
2023-11-21 15:14:26.989 [info] Keybindings (Personal): No changes found during synchronizing keybindings.
2023-11-21 15:14:26.994 [info] Snippets (Personal): No changes found during synchronizing snippets.
2023-11-21 15:14:26.998 [info] Tasks (Personal): No changes found during synchronizing tasks.
2023-11-21 15:14:27.002 [info] GlobalState (Personal): No changes found during synchronizing ui state.
2023-11-21 15:14:27.053 [info] Extensions (Personal): No changes found during synchronizing extensions.
2023-11-21 15:14:27.054 [info] Sync done. Took 967ms
2023-11-21 15:19:27.058 [info] Auto Sync: Triggered by Interval
2023-11-21 15:19:27.059 [info] Sync started.
2023-11-21 15:19:27.629 [info] Settings: No changes found during synchronizing settings.
2023-11-21 15:19:27.632 [info] Keybindings: No changes found during synchronizing keybindings.
2023-11-21 15:19:27.634 [info] Snippets: No changes found during synchronizing snippets.
2023-11-21 15:19:27.636 [info] Tasks: No changes found during synchronizing tasks.
2023-11-21 15:19:27.640 [info] GlobalState: No changes found during synchronizing ui state.
2023-11-21 15:19:27.739 [info] Extensions: No changes found during synchronizing extensions.
2023-11-21 15:19:27.740 [info] Profiles: No changes found during synchronizing profiles.
2023-11-21 15:19:27.741 [info] Syncing profile. Personal
2023-11-21 15:19:27.743 [info] Settings (Personal): No changes found during synchronizing settings.
2023-11-21 15:19:27.745 [info] Keybindings (Personal): No changes found during synchronizing keybindings.
2023-11-21 15:19:27.747 [info] Snippets (Personal): No changes found during synchronizing snippets.
2023-11-21 15:19:27.749 [info] Tasks (Personal): No changes found during synchronizing tasks.
2023-11-21 15:19:27.751 [info] GlobalState (Personal): No changes found during synchronizing ui state.
2023-11-21 15:19:27.789 [info] Extensions (Personal): No changes found during synchronizing extensions.
2023-11-21 15:19:27.790 [info] Sync done. Took 733ms
2023-11-21 15:24:27.799 [info] Auto Sync: Triggered by Interval
2023-11-21 15:24:27.799 [info] Sync started.
2023-11-21 15:24:28.354 [info] Settings: No changes found during synchronizing settings.
2023-11-21 15:24:28.357 [info] Keybindings: No changes found during synchronizing keybindings.
2023-11-21 15:24:28.359 [info] Snippets: No changes found during synchronizing snippets.
2023-11-21 15:24:28.361 [info] Tasks: No changes found during synchronizing tasks.
2023-11-21 15:24:28.364 [info] GlobalState: No changes found during synchronizing ui state.
2023-11-21 15:24:28.459 [info] Extensions: No changes found during synchronizing extensions.
2023-11-21 15:24:28.460 [info] Profiles: No changes found during synchronizing profiles.
2023-11-21 15:24:28.461 [info] Syncing profile. Personal
2023-11-21 15:24:28.462 [info] Settings (Personal): No changes found during synchronizing settings.
2023-11-21 15:24:28.464 [info] Keybindings (Personal): No changes found during synchronizing keybindings.
2023-11-21 15:24:28.466 [info] Snippets (Personal): No changes found during synchronizing snippets.
2023-11-21 15:24:28.468 [info] Tasks (Personal): No changes found during synchronizing tasks.
2023-11-21 15:24:28.473 [info] GlobalState (Personal): No changes found during synchronizing ui state.
2023-11-21 15:24:28.518 [info] Extensions (Personal): No changes found during synchronizing extensions.
2023-11-21 15:24:28.519 [info] Sync done. Took 719ms
2023-11-21 15:25:49.252 [info] Auto Sync: Triggered by Activity
2023-11-21 15:25:49.253 [info] Sync started.
2023-11-21 15:25:49.420 [info] Settings: No changes found during synchronizing settings.
2023-11-21 15:25:49.422 [info] Keybindings: No changes found during synchronizing keybindings.
2023-11-21 15:25:49.425 [info] Snippets: No changes found during synchronizing snippets.
2023-11-21 15:25:49.426 [info] Tasks: No changes found during synchronizing tasks.
2023-11-21 15:25:49.430 [info] GlobalState: No changes found during synchronizing ui state.
2023-11-21 15:25:49.524 [info] Extensions: No changes found during synchronizing extensions.
2023-11-21 15:25:49.525 [info] Profiles: No changes found during synchronizing profiles.
2023-11-21 15:25:49.526 [info] Syncing profile. Personal
2023-11-21 15:25:49.528 [info] Settings (Personal): No changes found during synchronizing settings.
2023-11-21 15:25:49.530 [info] Keybindings (Personal): No changes found during synchronizing keybindings.
2023-11-21 15:25:49.532 [info] Snippets (Personal): No changes found during synchronizing snippets.
2023-11-21 15:25:49.533 [info] Tasks (Personal): No changes found during synchronizing tasks.
2023-11-21 15:25:49.535 [info] GlobalState (Personal): No changes found during synchronizing ui state.
2023-11-21 15:25:49.576 [info] Extensions (Personal): No changes found during synchronizing extensions.
2023-11-21 15:25:49.576 [info] Sync done. Took 325ms
