2023-11-21 11:52:02.018 [warning] Via 'product.json#extensionEnabledApiProposals' extension 'ms-dotnettools.dotnet-interactive-vscode' wants API proposal 'languageConfigurationAutoClosingPairs' but that proposal DOES NOT EXIST. Likely, the proposal has been finalized (check 'vscode.d.ts') or was abandoned.
2023-11-21 11:52:02.501 [warning] [twxs.cmake]: Cannot register 'cmake.cmakePath'. This property is already registered.
2023-11-21 11:52:03.651 [error] [xabikos.JavaScriptSnippets]: Unknown language in `contributes.JavaScriptSnippets.language`. Provided value: vue
2023-11-21 11:52:05.111 [info] [perf] Render performance baseline is 36ms
2023-11-21 11:52:05.805 [warning] [cmake-tools]: Couldn't find message for key cmake-tools.configuration.cmake.options.advanced.statusBarVisibility.variant.description.
2023-11-21 13:18:33.980 [error] Cannot read properties of undefined (reading 'endLineNumberExclusive'): TypeError: Cannot read properties of undefined (reading 'endLineNumberExclusive')
    at E.intersectsStrict (vscode-file://vscode-app/usr/share/code/resources/app/out/vs/workbench/workbench.desktop.main.js:96:10545)
    at D (vscode-file://vscode-app/usr/share/code/resources/app/out/vs/workbench/workbench.desktop.main.js:681:45393)
    at vscode-file://vscode-app/usr/share/code/resources/app/out/vs/workbench/workbench.desktop.main.js:681:47301
    at w (vscode-file://vscode-app/usr/share/code/resources/app/out/vs/workbench/workbench.desktop.main.js:85:8256)
    at vscode-file://vscode-app/usr/share/code/resources/app/out/vs/workbench/workbench.desktop.main.js:681:47296
2023-11-21 13:18:35.154 [error] Cannot read properties of undefined (reading 'endLineNumberExclusive'): TypeError: Cannot read properties of undefined (reading 'endLineNumberExclusive')
    at E.intersectsStrict (vscode-file://vscode-app/usr/share/code/resources/app/out/vs/workbench/workbench.desktop.main.js:96:10545)
    at D (vscode-file://vscode-app/usr/share/code/resources/app/out/vs/workbench/workbench.desktop.main.js:681:45393)
    at vscode-file://vscode-app/usr/share/code/resources/app/out/vs/workbench/workbench.desktop.main.js:681:47301
    at w (vscode-file://vscode-app/usr/share/code/resources/app/out/vs/workbench/workbench.desktop.main.js:85:8256)
    at vscode-file://vscode-app/usr/share/code/resources/app/out/vs/workbench/workbench.desktop.main.js:681:47296
2023-11-21 13:18:36.380 [error] Cannot read properties of undefined (reading 'endLineNumberExclusive'): TypeError: Cannot read properties of undefined (reading 'endLineNumberExclusive')
    at E.intersectsStrict (vscode-file://vscode-app/usr/share/code/resources/app/out/vs/workbench/workbench.desktop.main.js:96:10545)
    at D (vscode-file://vscode-app/usr/share/code/resources/app/out/vs/workbench/workbench.desktop.main.js:681:45393)
    at vscode-file://vscode-app/usr/share/code/resources/app/out/vs/workbench/workbench.desktop.main.js:681:47301
    at w (vscode-file://vscode-app/usr/share/code/resources/app/out/vs/workbench/workbench.desktop.main.js:85:8256)
    at vscode-file://vscode-app/usr/share/code/resources/app/out/vs/workbench/workbench.desktop.main.js:681:47296
2023-11-21 13:18:37.552 [error] Cannot read properties of undefined (reading 'endLineNumberExclusive'): TypeError: Cannot read properties of undefined (reading 'endLineNumberExclusive')
    at E.intersectsStrict (vscode-file://vscode-app/usr/share/code/resources/app/out/vs/workbench/workbench.desktop.main.js:96:10545)
    at D (vscode-file://vscode-app/usr/share/code/resources/app/out/vs/workbench/workbench.desktop.main.js:681:45393)
    at vscode-file://vscode-app/usr/share/code/resources/app/out/vs/workbench/workbench.desktop.main.js:681:47301
    at w (vscode-file://vscode-app/usr/share/code/resources/app/out/vs/workbench/workbench.desktop.main.js:85:8256)
    at vscode-file://vscode-app/usr/share/code/resources/app/out/vs/workbench/workbench.desktop.main.js:681:47296
2023-11-21 13:18:50.362 [error] Unable to read file '/home/bruno/.config/nvim/after/ftplugin/dapui.lua' (Error: File not modified since): Error: Unable to read file '/home/bruno/.config/nvim/after/ftplugin/dapui.lua' (Error: File not modified since)
    at n.F (vscode-file://vscode-app/usr/share/code/resources/app/out/vs/workbench/workbench.desktop.main.js:645:16688)
    at n.D (vscode-file://vscode-app/usr/share/code/resources/app/out/vs/workbench/workbench.desktop.main.js:645:16576)
    at async b.M (vscode-file://vscode-app/usr/share/code/resources/app/out/vs/workbench/workbench.desktop.main.js:2418:42819)
    at async b.readStream (vscode-file://vscode-app/usr/share/code/resources/app/out/vs/workbench/workbench.desktop.main.js:2418:42576)
    at async P.Cb (vscode-file://vscode-app/usr/share/code/resources/app/out/vs/workbench/workbench.desktop.main.js:2407:29172)
    at async P.resolve (vscode-file://vscode-app/usr/share/code/resources/app/out/vs/workbench/workbench.desktop.main.js:2407:27619)
    at async vscode-file://vscode-app/usr/share/code/resources/app/out/vs/workbench/workbench.desktop.main.js:2418:38687
2023-11-21 13:18:50.402 [error] Unable to read file '/home/bruno/.config/nvim/after/ftplugin/dap-repl.lua' (Error: File not modified since): Error: Unable to read file '/home/bruno/.config/nvim/after/ftplugin/dap-repl.lua' (Error: File not modified since)
    at n.F (vscode-file://vscode-app/usr/share/code/resources/app/out/vs/workbench/workbench.desktop.main.js:645:16688)
    at n.D (vscode-file://vscode-app/usr/share/code/resources/app/out/vs/workbench/workbench.desktop.main.js:645:16576)
    at async b.M (vscode-file://vscode-app/usr/share/code/resources/app/out/vs/workbench/workbench.desktop.main.js:2418:42819)
    at async b.readStream (vscode-file://vscode-app/usr/share/code/resources/app/out/vs/workbench/workbench.desktop.main.js:2418:42576)
    at async P.Cb (vscode-file://vscode-app/usr/share/code/resources/app/out/vs/workbench/workbench.desktop.main.js:2407:29172)
    at async P.resolve (vscode-file://vscode-app/usr/share/code/resources/app/out/vs/workbench/workbench.desktop.main.js:2407:27619)
    at async vscode-file://vscode-app/usr/share/code/resources/app/out/vs/workbench/workbench.desktop.main.js:2418:38687
2023-11-21 13:18:50.748 [error] Unable to read file '/home/bruno/.config/nvim/lua/Brunoaqu/ui/leap.lua' (Error: File not modified since): Error: Unable to read file '/home/bruno/.config/nvim/lua/Brunoaqu/ui/leap.lua' (Error: File not modified since)
    at n.F (vscode-file://vscode-app/usr/share/code/resources/app/out/vs/workbench/workbench.desktop.main.js:645:16688)
    at n.D (vscode-file://vscode-app/usr/share/code/resources/app/out/vs/workbench/workbench.desktop.main.js:645:16576)
    at async b.M (vscode-file://vscode-app/usr/share/code/resources/app/out/vs/workbench/workbench.desktop.main.js:2418:42819)
    at async b.readStream (vscode-file://vscode-app/usr/share/code/resources/app/out/vs/workbench/workbench.desktop.main.js:2418:42576)
    at async P.Cb (vscode-file://vscode-app/usr/share/code/resources/app/out/vs/workbench/workbench.desktop.main.js:2407:29172)
    at async P.resolve (vscode-file://vscode-app/usr/share/code/resources/app/out/vs/workbench/workbench.desktop.main.js:2407:27619)
    at async vscode-file://vscode-app/usr/share/code/resources/app/out/vs/workbench/workbench.desktop.main.js:2418:38687
2023-11-21 13:18:50.790 [error] Unable to read file '/home/bruno/.config/nvim/lua/Brunoaqu/ui/noice.lua' (Error: File not modified since): Error: Unable to read file '/home/bruno/.config/nvim/lua/Brunoaqu/ui/noice.lua' (Error: File not modified since)
    at n.F (vscode-file://vscode-app/usr/share/code/resources/app/out/vs/workbench/workbench.desktop.main.js:645:16688)
    at n.D (vscode-file://vscode-app/usr/share/code/resources/app/out/vs/workbench/workbench.desktop.main.js:645:16576)
    at async b.M (vscode-file://vscode-app/usr/share/code/resources/app/out/vs/workbench/workbench.desktop.main.js:2418:42819)
    at async b.readStream (vscode-file://vscode-app/usr/share/code/resources/app/out/vs/workbench/workbench.desktop.main.js:2418:42576)
    at async P.Cb (vscode-file://vscode-app/usr/share/code/resources/app/out/vs/workbench/workbench.desktop.main.js:2407:29172)
    at async P.resolve (vscode-file://vscode-app/usr/share/code/resources/app/out/vs/workbench/workbench.desktop.main.js:2407:27619)
    at async vscode-file://vscode-app/usr/share/code/resources/app/out/vs/workbench/workbench.desktop.main.js:2418:38687
2023-11-21 13:18:50.791 [error] Unable to read file '/home/bruno/.config/nvim/after/ftplugin/markdown.lua' (Error: File not modified since): Error: Unable to read file '/home/bruno/.config/nvim/after/ftplugin/markdown.lua' (Error: File not modified since)
    at n.F (vscode-file://vscode-app/usr/share/code/resources/app/out/vs/workbench/workbench.desktop.main.js:645:16688)
    at n.D (vscode-file://vscode-app/usr/share/code/resources/app/out/vs/workbench/workbench.desktop.main.js:645:16576)
    at async b.M (vscode-file://vscode-app/usr/share/code/resources/app/out/vs/workbench/workbench.desktop.main.js:2418:42819)
    at async b.readStream (vscode-file://vscode-app/usr/share/code/resources/app/out/vs/workbench/workbench.desktop.main.js:2418:42576)
    at async P.Cb (vscode-file://vscode-app/usr/share/code/resources/app/out/vs/workbench/workbench.desktop.main.js:2407:29172)
    at async P.resolve (vscode-file://vscode-app/usr/share/code/resources/app/out/vs/workbench/workbench.desktop.main.js:2407:27619)
    at async vscode-file://vscode-app/usr/share/code/resources/app/out/vs/workbench/workbench.desktop.main.js:2418:38687
2023-11-21 13:18:50.791 [error] Unable to read file '/home/bruno/.config/nvim/after/ftplugin/Trouble.lua' (Error: File not modified since): Error: Unable to read file '/home/bruno/.config/nvim/after/ftplugin/Trouble.lua' (Error: File not modified since)
    at n.F (vscode-file://vscode-app/usr/share/code/resources/app/out/vs/workbench/workbench.desktop.main.js:645:16688)
    at n.D (vscode-file://vscode-app/usr/share/code/resources/app/out/vs/workbench/workbench.desktop.main.js:645:16576)
    at async b.M (vscode-file://vscode-app/usr/share/code/resources/app/out/vs/workbench/workbench.desktop.main.js:2418:42819)
    at async b.readStream (vscode-file://vscode-app/usr/share/code/resources/app/out/vs/workbench/workbench.desktop.main.js:2418:42576)
    at async P.Cb (vscode-file://vscode-app/usr/share/code/resources/app/out/vs/workbench/workbench.desktop.main.js:2407:29172)
    at async P.resolve (vscode-file://vscode-app/usr/share/code/resources/app/out/vs/workbench/workbench.desktop.main.js:2407:27619)
    at async vscode-file://vscode-app/usr/share/code/resources/app/out/vs/workbench/workbench.desktop.main.js:2418:38687
2023-11-21 13:18:50.792 [error] Unable to read file '/home/bruno/.config/nvim/after/ftplugin/DiffviewFiles.lua' (Error: File not modified since): Error: Unable to read file '/home/bruno/.config/nvim/after/ftplugin/DiffviewFiles.lua' (Error: File not modified since)
    at n.F (vscode-file://vscode-app/usr/share/code/resources/app/out/vs/workbench/workbench.desktop.main.js:645:16688)
    at n.D (vscode-file://vscode-app/usr/share/code/resources/app/out/vs/workbench/workbench.desktop.main.js:645:16576)
    at async b.M (vscode-file://vscode-app/usr/share/code/resources/app/out/vs/workbench/workbench.desktop.main.js:2418:42819)
    at async b.readStream (vscode-file://vscode-app/usr/share/code/resources/app/out/vs/workbench/workbench.desktop.main.js:2418:42576)
    at async P.Cb (vscode-file://vscode-app/usr/share/code/resources/app/out/vs/workbench/workbench.desktop.main.js:2407:29172)
    at async P.resolve (vscode-file://vscode-app/usr/share/code/resources/app/out/vs/workbench/workbench.desktop.main.js:2407:27619)
    at async vscode-file://vscode-app/usr/share/code/resources/app/out/vs/workbench/workbench.desktop.main.js:2418:38687
2023-11-21 13:18:50.793 [error] Unable to read file '/home/bruno/.config/nvim/lua/Brunoaqu/ui/diffview.lua' (Error: File not modified since): Error: Unable to read file '/home/bruno/.config/nvim/lua/Brunoaqu/ui/diffview.lua' (Error: File not modified since)
    at n.F (vscode-file://vscode-app/usr/share/code/resources/app/out/vs/workbench/workbench.desktop.main.js:645:16688)
    at n.D (vscode-file://vscode-app/usr/share/code/resources/app/out/vs/workbench/workbench.desktop.main.js:645:16576)
    at async b.M (vscode-file://vscode-app/usr/share/code/resources/app/out/vs/workbench/workbench.desktop.main.js:2418:42819)
    at async b.readStream (vscode-file://vscode-app/usr/share/code/resources/app/out/vs/workbench/workbench.desktop.main.js:2418:42576)
    at async P.Cb (vscode-file://vscode-app/usr/share/code/resources/app/out/vs/workbench/workbench.desktop.main.js:2407:29172)
    at async P.resolve (vscode-file://vscode-app/usr/share/code/resources/app/out/vs/workbench/workbench.desktop.main.js:2407:27619)
    at async vscode-file://vscode-app/usr/share/code/resources/app/out/vs/workbench/workbench.desktop.main.js:2418:38687
2023-11-21 13:18:50.793 [error] Unable to read file '/home/bruno/.config/nvim/lua/Brunoaqu/ui/gitsigns.lua' (Error: File not modified since): Error: Unable to read file '/home/bruno/.config/nvim/lua/Brunoaqu/ui/gitsigns.lua' (Error: File not modified since)
    at n.F (vscode-file://vscode-app/usr/share/code/resources/app/out/vs/workbench/workbench.desktop.main.js:645:16688)
    at n.D (vscode-file://vscode-app/usr/share/code/resources/app/out/vs/workbench/workbench.desktop.main.js:645:16576)
    at async b.M (vscode-file://vscode-app/usr/share/code/resources/app/out/vs/workbench/workbench.desktop.main.js:2418:42819)
    at async b.readStream (vscode-file://vscode-app/usr/share/code/resources/app/out/vs/workbench/workbench.desktop.main.js:2418:42576)
    at async P.Cb (vscode-file://vscode-app/usr/share/code/resources/app/out/vs/workbench/workbench.desktop.main.js:2407:29172)
    at async P.resolve (vscode-file://vscode-app/usr/share/code/resources/app/out/vs/workbench/workbench.desktop.main.js:2407:27619)
    at async vscode-file://vscode-app/usr/share/code/resources/app/out/vs/workbench/workbench.desktop.main.js:2418:38687
2023-11-21 13:18:50.794 [error] Unable to read file '/home/bruno/.config/nvim/lua/Brunoaqu/ui/illuminate.lua' (Error: File not modified since): Error: Unable to read file '/home/bruno/.config/nvim/lua/Brunoaqu/ui/illuminate.lua' (Error: File not modified since)
    at n.F (vscode-file://vscode-app/usr/share/code/resources/app/out/vs/workbench/workbench.desktop.main.js:645:16688)
    at n.D (vscode-file://vscode-app/usr/share/code/resources/app/out/vs/workbench/workbench.desktop.main.js:645:16576)
    at async b.M (vscode-file://vscode-app/usr/share/code/resources/app/out/vs/workbench/workbench.desktop.main.js:2418:42819)
    at async b.readStream (vscode-file://vscode-app/usr/share/code/resources/app/out/vs/workbench/workbench.desktop.main.js:2418:42576)
    at async P.Cb (vscode-file://vscode-app/usr/share/code/resources/app/out/vs/workbench/workbench.desktop.main.js:2407:29172)
    at async P.resolve (vscode-file://vscode-app/usr/share/code/resources/app/out/vs/workbench/workbench.desktop.main.js:2407:27619)
    at async vscode-file://vscode-app/usr/share/code/resources/app/out/vs/workbench/workbench.desktop.main.js:2418:38687
2023-11-21 13:18:50.794 [error] Unable to read file '/home/bruno/.config/nvim/lua/Brunoaqu/ui/indent-blankline.lua' (Error: File not modified since): Error: Unable to read file '/home/bruno/.config/nvim/lua/Brunoaqu/ui/indent-blankline.lua' (Error: File not modified since)
    at n.F (vscode-file://vscode-app/usr/share/code/resources/app/out/vs/workbench/workbench.desktop.main.js:645:16688)
    at n.D (vscode-file://vscode-app/usr/share/code/resources/app/out/vs/workbench/workbench.desktop.main.js:645:16576)
    at async b.M (vscode-file://vscode-app/usr/share/code/resources/app/out/vs/workbench/workbench.desktop.main.js:2418:42819)
    at async b.readStream (vscode-file://vscode-app/usr/share/code/resources/app/out/vs/workbench/workbench.desktop.main.js:2418:42576)
    at async P.Cb (vscode-file://vscode-app/usr/share/code/resources/app/out/vs/workbench/workbench.desktop.main.js:2407:29172)
    at async P.resolve (vscode-file://vscode-app/usr/share/code/resources/app/out/vs/workbench/workbench.desktop.main.js:2407:27619)
    at async vscode-file://vscode-app/usr/share/code/resources/app/out/vs/workbench/workbench.desktop.main.js:2418:38687
