2023-11-21 15:14:19.181 [info] Reading sessions from keychain...
2023-11-21 15:14:19.181 [info] Getting sessions for all scopes...
2023-11-21 15:14:19.181 [info] Getting sessions for user:email...
2023-11-21 15:14:19.181 [info] Got stored sessions!
2023-11-21 15:14:19.181 [info] Got 2 verified sessions.
2023-11-21 15:14:19.181 [info] Got 2 sessions for ...
2023-11-21 15:14:19.181 [info] Got 1 sessions for user:email...
2023-11-21 15:14:19.181 [info] Getting sessions for all scopes...
2023-11-21 15:14:19.181 [info] Got 2 sessions for ...
2023-11-21 15:14:19.181 [info] Getting sessions for read:user,repo,user:email,workflow...
2023-11-21 15:14:19.181 [info] Got 0 sessions for read:user,repo,user:email,workflow...
2023-11-21 15:14:19.181 [info] Getting sessions for all scopes...
2023-11-21 15:14:19.181 [info] Got 2 sessions for ...
2023-11-21 15:14:19.181 [info] Getting sessions for user:email...
2023-11-21 15:14:19.181 [info] Got 1 sessions for user:email...
2023-11-21 15:14:19.181 [info] Getting sessions for read:user...
2023-11-21 15:14:19.181 [info] Got 1 sessions for read:user...
2023-11-21 15:14:19.181 [info] Getting sessions for read:user...
2023-11-21 15:14:19.181 [info] Got 1 sessions for read:user...
2023-11-21 15:14:19.181 [info] Getting sessions for project,read:org,read:user,repo,user:email,workflow...
2023-11-21 15:14:19.181 [info] Got 0 sessions for project,read:org,read:user,repo,user:email,workflow...
2023-11-21 15:14:19.444 [info] Getting sessions for read:user,repo,user:email,workflow...
2023-11-21 15:14:19.444 [info] Got 0 sessions for read:user,repo,user:email,workflow...
2023-11-21 15:14:19.521 [info] Getting sessions for read:user,repo,user:email...
2023-11-21 15:14:19.521 [info] Got 0 sessions for read:user,repo,user:email...
2023-11-21 15:14:19.958 [info] Getting sessions for read:user,repo,user:email,workflow...
2023-11-21 15:14:19.958 [info] Got 0 sessions for read:user,repo,user:email,workflow...
2023-11-21 15:14:20.162 [info] Getting sessions for user:email...
2023-11-21 15:14:20.162 [info] Got 1 sessions for user:email...
2023-11-21 15:14:22.753 [info] Getting sessions for user:email...
2023-11-21 15:14:22.753 [info] Got 1 sessions for user:email...
2023-11-21 15:14:22.756 [info] Getting sessions for user:email...
2023-11-21 15:14:22.756 [info] Got 1 sessions for user:email...
2023-11-21 15:14:46.872 [info] Getting sessions for read:user,repo,user:email...
2023-11-21 15:14:46.872 [info] Got 0 sessions for read:user,repo,user:email...
