2023-11-21 08:45:22.342 [info] Reading sessions from keychain...
2023-11-21 08:45:22.342 [info] Getting sessions for all scopes...
2023-11-21 08:45:22.342 [info] Getting sessions for user:email...
2023-11-21 08:45:22.342 [info] Got stored sessions!
2023-11-21 08:45:22.342 [info] Got 2 verified sessions.
2023-11-21 08:45:22.342 [info] Got 2 sessions for ...
2023-11-21 08:45:22.342 [info] Got 1 sessions for user:email...
2023-11-21 08:45:22.342 [info] Getting sessions for all scopes...
2023-11-21 08:45:22.342 [info] Got 2 sessions for ...
2023-11-21 08:45:22.342 [info] Getting sessions for all scopes...
2023-11-21 08:45:22.342 [info] Got 2 sessions for ...
2023-11-21 08:45:22.342 [info] Getting sessions for user:email...
2023-11-21 08:45:22.342 [info] Got 1 sessions for user:email...
2023-11-21 08:45:22.342 [info] Getting sessions for all scopes...
2023-11-21 08:45:22.342 [info] Got 2 sessions for ...
2023-11-21 08:45:22.342 [info] Getting sessions for read:user...
2023-11-21 08:45:22.342 [info] Got 1 sessions for read:user...
2023-11-21 08:45:22.342 [info] Getting sessions for read:user...
2023-11-21 08:45:22.342 [info] Got 1 sessions for read:user...
2023-11-21 08:45:22.342 [info] Getting sessions for user:email...
2023-11-21 08:45:22.342 [info] Got 1 sessions for user:email...
2023-11-21 08:45:22.359 [info] Getting sessions for project,read:org,read:user,repo,user:email,workflow...
2023-11-21 08:45:22.359 [info] Got 0 sessions for project,read:org,read:user,repo,user:email,workflow...
2023-11-21 08:45:22.587 [info] Getting sessions for read:user,repo,user:email,workflow...
2023-11-21 08:45:22.587 [info] Got 0 sessions for read:user,repo,user:email,workflow...
2023-11-21 08:45:22.590 [info] Getting sessions for user:email...
2023-11-21 08:45:22.590 [info] Got 1 sessions for user:email...
2023-11-21 08:45:22.712 [info] Getting sessions for read:user,repo,user:email...
2023-11-21 08:45:22.712 [info] Got 0 sessions for read:user,repo,user:email...
2023-11-21 08:45:22.791 [info] Getting sessions for read:user,repo,user:email,workflow...
2023-11-21 08:45:22.791 [info] Got 0 sessions for read:user,repo,user:email,workflow...
2023-11-21 08:45:23.245 [info] Getting sessions for user:email...
2023-11-21 08:45:23.245 [info] Got 1 sessions for user:email...
2023-11-21 08:45:23.261 [info] Getting sessions for user:email...
2023-11-21 08:45:23.261 [info] Got 1 sessions for user:email...
