2023-11-21 08:45:22.264 [info] Log level: Info
2023-11-21 08:45:22.264 [info] Validating found git in: "git"
2023-11-21 08:45:22.264 [info] Using git "2.42.0" from "git"
2023-11-21 08:45:22.264 [info] > git rev-parse --show-toplevel [1ms]
2023-11-21 08:45:22.264 [info] fatal: not a git repository (or any parent up to mount point /)
Stopping at filesystem boundary (GIT_DISCOVERY_ACROSS_FILESYSTEM not set).
2023-11-21 08:45:22.264 [info] > git rev-parse --show-toplevel [1ms]
2023-11-21 08:45:22.264 [info] fatal: not a git repository (or any parent up to mount point /)
Stopping at filesystem boundary (GIT_DISCOVERY_ACROSS_FILESYSTEM not set).
2023-11-21 08:45:22.264 [info] > git rev-parse --show-toplevel [1ms]
2023-11-21 08:45:22.264 [info] fatal: not a git repository (or any parent up to mount point /)
Stopping at filesystem boundary (GIT_DISCOVERY_ACROSS_FILESYSTEM not set).
2023-11-21 08:45:22.264 [info] > git rev-parse --show-toplevel [1ms]
2023-11-21 08:45:22.264 [info] fatal: not a git repository (or any parent up to mount point /)
Stopping at filesystem boundary (GIT_DISCOVERY_ACROSS_FILESYSTEM not set).
2023-11-21 08:45:22.264 [info] > git rev-parse --show-toplevel [1ms]
2023-11-21 08:45:22.264 [info] fatal: not a git repository (or any parent up to mount point /)
Stopping at filesystem boundary (GIT_DISCOVERY_ACROSS_FILESYSTEM not set).
2023-11-21 08:45:22.264 [info] > git rev-parse --show-toplevel [12ms]
2023-11-21 08:45:22.264 [info] fatal: not a git repository (or any parent up to mount point /)
Stopping at filesystem boundary (GIT_DISCOVERY_ACROSS_FILESYSTEM not set).
2023-11-21 08:45:28.170 [info] > git rev-parse --show-toplevel [2ms]
2023-11-21 08:45:28.170 [info] fatal: not a git repository (or any parent up to mount point /)
Stopping at filesystem boundary (GIT_DISCOVERY_ACROSS_FILESYSTEM not set).
2023-11-21 08:47:29.037 [info] > git rev-parse --show-toplevel [2ms]
2023-11-21 08:47:29.037 [info] fatal: not a git repository (or any parent up to mount point /)
Stopping at filesystem boundary (GIT_DISCOVERY_ACROSS_FILESYSTEM not set).
2023-11-21 08:48:15.761 [info] > git rev-parse --show-toplevel [3ms]
2023-11-21 08:48:15.761 [info] fatal: not a git repository (or any parent up to mount point /)
Stopping at filesystem boundary (GIT_DISCOVERY_ACROSS_FILESYSTEM not set).
