2023-11-21 10:22:35.230 [info] Reading sessions from keychain...
2023-11-21 10:22:35.230 [info] Getting sessions for all scopes...
2023-11-21 10:22:35.230 [info] Getting sessions for user:email...
2023-11-21 10:22:35.230 [info] Got stored sessions!
2023-11-21 10:22:35.230 [info] Got 2 verified sessions.
2023-11-21 10:22:35.230 [info] Got 2 sessions for ...
2023-11-21 10:22:35.230 [info] Got 1 sessions for user:email...
2023-11-21 10:22:35.230 [info] Getting sessions for read:user,repo,user:email,workflow...
2023-11-21 10:22:35.230 [info] Got 0 sessions for read:user,repo,user:email,workflow...
2023-11-21 10:22:35.230 [info] Getting sessions for all scopes...
2023-11-21 10:22:35.230 [info] Got 2 sessions for ...
2023-11-21 10:22:35.230 [info] Getting sessions for user:email...
2023-11-21 10:22:35.230 [info] Got 1 sessions for user:email...
2023-11-21 10:22:35.230 [info] Getting sessions for all scopes...
2023-11-21 10:22:35.230 [info] Got 2 sessions for ...
2023-11-21 10:22:36.286 [info] Getting sessions for all scopes...
2023-11-21 10:22:36.286 [info] Got 2 sessions for ...
2023-11-21 10:22:36.386 [info] Getting sessions for read:user...
2023-11-21 10:22:36.386 [info] Got 1 sessions for read:user...
2023-11-21 10:22:36.386 [info] Getting sessions for read:user...
2023-11-21 10:22:36.386 [info] Got 1 sessions for read:user...
2023-11-21 10:22:36.642 [info] Getting sessions for project,read:org,read:user,repo,user:email,workflow...
2023-11-21 10:22:36.642 [info] Got 0 sessions for project,read:org,read:user,repo,user:email,workflow...
2023-11-21 10:22:36.852 [info] Getting sessions for read:user,repo,user:email,workflow...
2023-11-21 10:22:36.852 [info] Got 0 sessions for read:user,repo,user:email,workflow...
2023-11-21 10:22:36.854 [info] Getting sessions for read:user,repo,user:email...
2023-11-21 10:22:36.854 [info] Got 0 sessions for read:user,repo,user:email...
2023-11-21 10:22:36.855 [info] Getting sessions for read:user,repo,user:email,workflow...
2023-11-21 10:22:36.855 [info] Got 0 sessions for read:user,repo,user:email,workflow...
2023-11-21 10:22:37.396 [info] Getting sessions for user:email...
2023-11-21 10:22:37.396 [info] Got 1 sessions for user:email...
2023-11-21 10:22:37.876 [info] Getting sessions for user:email...
2023-11-21 10:22:37.876 [info] Got 1 sessions for user:email...
2023-11-21 10:22:37.911 [info] Getting sessions for user:email...
2023-11-21 10:22:37.911 [info] Got 1 sessions for user:email...
2023-11-21 10:22:40.993 [info] Getting sessions for read:user,repo,user:email...
2023-11-21 10:22:40.993 [info] Got 0 sessions for read:user,repo,user:email...
2023-11-21 10:47:37.335 [info] Getting sessions for read:user...
2023-11-21 10:47:37.335 [info] Got 1 sessions for read:user...
2023-11-21 10:47:37.862 [info] Getting sessions for user:email...
2023-11-21 10:47:37.862 [info] Got 1 sessions for user:email...
2023-11-21 10:47:38.226 [info] Getting sessions for user:email...
2023-11-21 10:47:38.226 [info] Got 1 sessions for user:email...
2023-11-21 10:47:38.464 [info] Getting sessions for read:user...
2023-11-21 10:47:38.464 [info] Got 1 sessions for read:user...
2023-11-21 11:12:37.778 [info] Getting sessions for read:user...
2023-11-21 11:12:37.778 [info] Got 1 sessions for read:user...
2023-11-21 11:12:38.226 [info] Getting sessions for user:email...
2023-11-21 11:12:38.226 [info] Got 1 sessions for user:email...
2023-11-21 11:12:38.600 [info] Getting sessions for user:email...
2023-11-21 11:12:38.600 [info] Got 1 sessions for user:email...
2023-11-21 11:12:39.703 [info] Getting sessions for read:user...
2023-11-21 11:12:39.704 [info] Got 1 sessions for read:user...
2023-11-21 11:37:38.181 [info] Getting sessions for read:user...
2023-11-21 11:37:38.181 [info] Got 1 sessions for read:user...
2023-11-21 11:37:38.608 [info] Getting sessions for user:email...
2023-11-21 11:37:38.609 [info] Got 1 sessions for user:email...
2023-11-21 11:37:38.982 [info] Getting sessions for user:email...
2023-11-21 11:37:38.982 [info] Got 1 sessions for user:email...
2023-11-21 11:37:40.927 [info] Getting sessions for read:user...
2023-11-21 11:37:40.927 [info] Got 1 sessions for read:user...
