2023-11-21 11:52:04.873 [info] Reading sessions from keychain...
2023-11-21 11:52:04.873 [info] Getting sessions for all scopes...
2023-11-21 11:52:04.873 [info] Getting sessions for user:email...
2023-11-21 11:52:04.873 [info] Got stored sessions!
2023-11-21 11:52:04.873 [info] Got 2 verified sessions.
2023-11-21 11:52:04.873 [info] Got 2 sessions for ...
2023-11-21 11:52:04.873 [info] Got 1 sessions for user:email...
2023-11-21 11:52:04.873 [info] Getting sessions for all scopes...
2023-11-21 11:52:04.873 [info] Got 2 sessions for ...
2023-11-21 11:52:04.873 [info] Getting sessions for read:user...
2023-11-21 11:52:04.873 [info] Got 1 sessions for read:user...
2023-11-21 11:52:04.873 [info] Getting sessions for read:user...
2023-11-21 11:52:04.873 [info] Got 1 sessions for read:user...
2023-11-21 11:52:04.873 [info] Getting sessions for user:email...
2023-11-21 11:52:04.873 [info] Got 1 sessions for user:email...
2023-11-21 11:52:04.873 [info] Getting sessions for all scopes...
2023-11-21 11:52:04.873 [info] Got 2 sessions for ...
2023-11-21 11:52:04.873 [info] Getting sessions for user:email...
2023-11-21 11:52:04.873 [info] Got 1 sessions for user:email...
2023-11-21 11:52:04.873 [info] Getting sessions for project,read:org,read:user,repo,user:email,workflow...
2023-11-21 11:52:04.873 [info] Got 0 sessions for project,read:org,read:user,repo,user:email,workflow...
2023-11-21 11:52:05.040 [info] Getting sessions for read:user,repo,user:email,workflow...
2023-11-21 11:52:05.040 [info] Got 0 sessions for read:user,repo,user:email,workflow...
2023-11-21 11:52:05.085 [info] Getting sessions for user:email...
2023-11-21 11:52:05.085 [info] Got 1 sessions for user:email...
2023-11-21 11:52:05.149 [info] Getting sessions for read:user,repo,user:email...
2023-11-21 11:52:05.149 [info] Got 0 sessions for read:user,repo,user:email...
2023-11-21 11:52:05.234 [info] Getting sessions for read:user,repo,user:email,workflow...
2023-11-21 11:52:05.234 [info] Got 0 sessions for read:user,repo,user:email,workflow...
2023-11-21 11:52:05.801 [info] Getting sessions for user:email...
2023-11-21 11:52:05.801 [info] Got 1 sessions for user:email...
2023-11-21 11:52:05.886 [info] Getting sessions for user:email...
2023-11-21 11:52:05.886 [info] Got 1 sessions for user:email...
2023-11-21 12:17:05.418 [info] Getting sessions for read:user...
2023-11-21 12:17:05.418 [info] Got 1 sessions for read:user...
2023-11-21 12:17:05.767 [info] Getting sessions for user:email...
2023-11-21 12:17:05.767 [info] Got 1 sessions for user:email...
2023-11-21 12:17:06.149 [info] Getting sessions for user:email...
2023-11-21 12:17:06.149 [info] Got 1 sessions for user:email...
2023-11-21 12:17:06.827 [info] Getting sessions for read:user...
2023-11-21 12:17:06.827 [info] Got 1 sessions for read:user...
2023-11-21 12:42:05.890 [info] Getting sessions for read:user...
2023-11-21 12:42:05.890 [info] Got 1 sessions for read:user...
2023-11-21 12:42:06.146 [info] Getting sessions for user:email...
2023-11-21 12:42:06.146 [info] Got 1 sessions for user:email...
2023-11-21 12:42:06.501 [info] Getting sessions for user:email...
2023-11-21 12:42:06.501 [info] Got 1 sessions for user:email...
2023-11-21 12:42:08.188 [info] Getting sessions for read:user...
2023-11-21 12:42:08.188 [info] Got 1 sessions for read:user...
2023-11-21 13:07:06.329 [info] Getting sessions for read:user...
2023-11-21 13:07:06.329 [info] Got 1 sessions for read:user...
2023-11-21 13:07:06.505 [info] Getting sessions for user:email...
2023-11-21 13:07:06.505 [info] Got 1 sessions for user:email...
2023-11-21 13:07:06.850 [info] Getting sessions for user:email...
2023-11-21 13:07:06.850 [info] Got 1 sessions for user:email...
2023-11-21 13:07:09.396 [info] Getting sessions for read:user...
2023-11-21 13:07:09.396 [info] Got 1 sessions for read:user...
2023-11-21 13:32:06.752 [info] Getting sessions for read:user...
2023-11-21 13:32:06.752 [info] Got 1 sessions for read:user...
2023-11-21 13:32:06.851 [info] Getting sessions for user:email...
2023-11-21 13:32:06.851 [info] Got 1 sessions for user:email...
2023-11-21 13:32:07.271 [info] Getting sessions for user:email...
2023-11-21 13:32:07.271 [info] Got 1 sessions for user:email...
2023-11-21 13:32:10.970 [info] Getting sessions for read:user...
2023-11-21 13:32:10.970 [info] Got 1 sessions for read:user...
