2023-11-21 13:52:43.938 [info] Reading sessions from keychain...
2023-11-21 13:52:43.938 [info] Getting sessions for all scopes...
2023-11-21 13:52:43.938 [info] Getting sessions for user:email...
2023-11-21 13:52:43.938 [info] Got stored sessions!
2023-11-21 13:52:43.938 [info] Got 2 verified sessions.
2023-11-21 13:52:43.938 [info] Got 2 sessions for ...
2023-11-21 13:52:43.938 [info] Got 1 sessions for user:email...
2023-11-21 13:52:43.938 [info] Getting sessions for all scopes...
2023-11-21 13:52:43.938 [info] Got 2 sessions for ...
2023-11-21 13:52:44.750 [info] Getting sessions for user:email...
2023-11-21 13:52:44.750 [info] Got 1 sessions for user:email...
2023-11-21 13:52:44.754 [info] Getting sessions for all scopes...
2023-11-21 13:52:44.754 [info] Got 2 sessions for ...
2023-11-21 13:52:44.914 [info] Getting sessions for all scopes...
2023-11-21 13:52:44.914 [info] Got 2 sessions for ...
2023-11-21 13:52:45.017 [info] Getting sessions for read:user...
2023-11-21 13:52:45.017 [info] Got 1 sessions for read:user...
2023-11-21 13:52:45.017 [info] Getting sessions for read:user...
2023-11-21 13:52:45.017 [info] Got 1 sessions for read:user...
2023-11-21 13:52:45.107 [info] Getting sessions for project,read:org,read:user,repo,user:email,workflow...
2023-11-21 13:52:45.107 [info] Got 0 sessions for project,read:org,read:user,repo,user:email,workflow...
2023-11-21 13:52:45.499 [info] Getting sessions for read:user,repo,user:email,workflow...
2023-11-21 13:52:45.499 [info] Got 0 sessions for read:user,repo,user:email,workflow...
2023-11-21 13:52:45.548 [info] Getting sessions for user:email...
2023-11-21 13:52:45.548 [info] Got 1 sessions for user:email...
2023-11-21 13:52:45.664 [info] Getting sessions for read:user,repo,user:email...
2023-11-21 13:52:45.664 [info] Got 0 sessions for read:user,repo,user:email...
2023-11-21 13:52:45.760 [info] Getting sessions for read:user,repo,user:email,workflow...
2023-11-21 13:52:45.760 [info] Got 0 sessions for read:user,repo,user:email,workflow...
2023-11-21 13:52:46.329 [info] Getting sessions for user:email...
2023-11-21 13:52:46.329 [info] Got 1 sessions for user:email...
2023-11-21 13:52:46.360 [info] Getting sessions for user:email...
2023-11-21 13:52:46.360 [info] Got 1 sessions for user:email...
2023-11-21 14:17:45.886 [info] Getting sessions for read:user...
2023-11-21 14:17:45.886 [info] Got 1 sessions for read:user...
2023-11-21 14:17:46.190 [info] Getting sessions for user:email...
2023-11-21 14:17:46.191 [info] Got 1 sessions for user:email...
2023-11-21 14:17:46.560 [info] Getting sessions for user:email...
2023-11-21 14:17:46.560 [info] Got 1 sessions for user:email...
2023-11-21 14:17:47.171 [info] Getting sessions for read:user...
2023-11-21 14:17:47.171 [info] Got 1 sessions for read:user...
