2023-11-21 14:57:03.371 [info] Log level: Info
2023-11-21 14:57:03.371 [info] Validating found git in: "git"
2023-11-21 14:57:03.371 [info] Using git "2.42.0" from "git"
2023-11-21 14:57:03.371 [info] > git rev-parse --show-toplevel [47ms]
2023-11-21 14:57:03.371 [info] fatal: not a git repository (or any parent up to mount point /)
Stopping at filesystem boundary (GIT_DISCOVERY_ACROSS_FILESYSTEM not set).
2023-11-21 14:57:03.371 [info] > git rev-parse --show-toplevel [7ms]
2023-11-21 14:57:03.371 [info] fatal: not a git repository (or any parent up to mount point /)
Stopping at filesystem boundary (GIT_DISCOVERY_ACROSS_FILESYSTEM not set).
2023-11-21 14:57:03.380 [info] > git rev-parse --show-toplevel [10ms]
2023-11-21 14:57:03.380 [info] fatal: not a git repository (or any parent up to mount point /)
Stopping at filesystem boundary (GIT_DISCOVERY_ACROSS_FILESYSTEM not set).
2023-11-21 14:57:03.389 [info] > git rev-parse --show-toplevel [1ms]
2023-11-21 14:57:03.389 [info] fatal: not a git repository (or any parent up to mount point /)
Stopping at filesystem boundary (GIT_DISCOVERY_ACROSS_FILESYSTEM not set).
2023-11-21 14:57:03.406 [info] > git rev-parse --show-toplevel [10ms]
2023-11-21 14:57:03.406 [info] fatal: not a git repository (or any parent up to mount point /)
Stopping at filesystem boundary (GIT_DISCOVERY_ACROSS_FILESYSTEM not set).
2023-11-21 14:57:04.378 [info] > git rev-parse --show-toplevel [635ms]
2023-11-21 14:57:04.378 [info] fatal: not a git repository (or any parent up to mount point /)
Stopping at filesystem boundary (GIT_DISCOVERY_ACROSS_FILESYSTEM not set).
2023-11-21 14:57:04.518 [info] > git rev-parse --show-toplevel [64ms]
2023-11-21 14:57:04.518 [info] fatal: not a git repository (or any parent up to mount point /)
Stopping at filesystem boundary (GIT_DISCOVERY_ACROSS_FILESYSTEM not set).
2023-11-21 14:57:04.573 [info] > git rev-parse --show-toplevel [17ms]
2023-11-21 14:57:04.573 [info] fatal: not a git repository (or any parent up to mount point /)
Stopping at filesystem boundary (GIT_DISCOVERY_ACROSS_FILESYSTEM not set).
2023-11-21 14:57:04.597 [info] > git rev-parse --show-toplevel [12ms]
2023-11-21 14:57:04.597 [info] fatal: not a git repository (or any parent up to mount point /)
Stopping at filesystem boundary (GIT_DISCOVERY_ACROSS_FILESYSTEM not set).
2023-11-21 14:57:04.635 [info] > git rev-parse --show-toplevel [5ms]
2023-11-21 14:57:04.635 [info] fatal: not a git repository (or any parent up to mount point /)
Stopping at filesystem boundary (GIT_DISCOVERY_ACROSS_FILESYSTEM not set).
2023-11-21 14:57:04.769 [info] > git rev-parse --show-toplevel [122ms]
2023-11-21 14:57:04.769 [info] fatal: not a git repository (or any parent up to mount point /)
Stopping at filesystem boundary (GIT_DISCOVERY_ACROSS_FILESYSTEM not set).
2023-11-21 14:57:04.818 [info] > git rev-parse --show-toplevel [27ms]
2023-11-21 14:57:04.818 [info] fatal: not a git repository (or any parent up to mount point /)
Stopping at filesystem boundary (GIT_DISCOVERY_ACROSS_FILESYSTEM not set).
2023-11-21 14:57:04.837 [info] > git rev-parse --show-toplevel [6ms]
2023-11-21 14:57:04.837 [info] fatal: not a git repository (or any parent up to mount point /)
Stopping at filesystem boundary (GIT_DISCOVERY_ACROSS_FILESYSTEM not set).
2023-11-21 14:57:04.848 [info] > git rev-parse --show-toplevel [1ms]
2023-11-21 14:57:04.848 [info] fatal: not a git repository (or any parent up to mount point /)
Stopping at filesystem boundary (GIT_DISCOVERY_ACROSS_FILESYSTEM not set).
2023-11-21 14:57:04.890 [info] > git rev-parse --show-toplevel [15ms]
2023-11-21 14:57:04.891 [info] fatal: not a git repository (or any parent up to mount point /)
Stopping at filesystem boundary (GIT_DISCOVERY_ACROSS_FILESYSTEM not set).
2023-11-21 14:57:04.974 [info] > git rev-parse --show-toplevel [16ms]
2023-11-21 14:57:04.974 [info] fatal: not a git repository (or any parent up to mount point /)
Stopping at filesystem boundary (GIT_DISCOVERY_ACROSS_FILESYSTEM not set).
2023-11-21 14:57:04.991 [info] > git rev-parse --show-toplevel [5ms]
2023-11-21 14:57:04.992 [info] fatal: not a git repository (or any parent up to mount point /)
Stopping at filesystem boundary (GIT_DISCOVERY_ACROSS_FILESYSTEM not set).
2023-11-21 14:57:05.009 [info] > git rev-parse --show-toplevel [3ms]
2023-11-21 14:57:05.009 [info] fatal: not a git repository (or any parent up to mount point /)
Stopping at filesystem boundary (GIT_DISCOVERY_ACROSS_FILESYSTEM not set).
2023-11-21 14:57:05.031 [info] > git rev-parse --show-toplevel [4ms]
2023-11-21 14:57:05.031 [info] fatal: not a git repository (or any parent up to mount point /)
Stopping at filesystem boundary (GIT_DISCOVERY_ACROSS_FILESYSTEM not set).
2023-11-21 14:57:05.045 [info] > git rev-parse --show-toplevel [2ms]
2023-11-21 14:57:05.045 [info] fatal: not a git repository (or any parent up to mount point /)
Stopping at filesystem boundary (GIT_DISCOVERY_ACROSS_FILESYSTEM not set).
2023-11-21 14:57:05.062 [info] > git rev-parse --show-toplevel [2ms]
2023-11-21 14:57:05.062 [info] fatal: not a git repository (or any parent up to mount point /)
Stopping at filesystem boundary (GIT_DISCOVERY_ACROSS_FILESYSTEM not set).
2023-11-21 14:57:05.076 [info] > git rev-parse --show-toplevel [1ms]
2023-11-21 14:57:05.076 [info] fatal: not a git repository (or any parent up to mount point /)
Stopping at filesystem boundary (GIT_DISCOVERY_ACROSS_FILESYSTEM not set).
2023-11-21 14:57:05.090 [info] > git rev-parse --show-toplevel [5ms]
2023-11-21 14:57:05.090 [info] fatal: not a git repository (or any parent up to mount point /)
Stopping at filesystem boundary (GIT_DISCOVERY_ACROSS_FILESYSTEM not set).
2023-11-21 14:57:05.101 [info] > git rev-parse --show-toplevel [1ms]
2023-11-21 14:57:05.101 [info] fatal: not a git repository (or any parent up to mount point /)
Stopping at filesystem boundary (GIT_DISCOVERY_ACROSS_FILESYSTEM not set).
2023-11-21 14:57:05.111 [info] > git rev-parse --show-toplevel [1ms]
2023-11-21 14:57:05.112 [info] fatal: not a git repository (or any parent up to mount point /)
Stopping at filesystem boundary (GIT_DISCOVERY_ACROSS_FILESYSTEM not set).
2023-11-21 14:57:05.132 [info] > git rev-parse --show-toplevel [11ms]
2023-11-21 14:57:05.132 [info] fatal: not a git repository (or any parent up to mount point /)
Stopping at filesystem boundary (GIT_DISCOVERY_ACROSS_FILESYSTEM not set).
2023-11-21 14:57:05.143 [info] > git rev-parse --show-toplevel [2ms]
2023-11-21 14:57:05.143 [info] fatal: not a git repository (or any parent up to mount point /)
Stopping at filesystem boundary (GIT_DISCOVERY_ACROSS_FILESYSTEM not set).
2023-11-21 14:57:05.157 [info] > git rev-parse --show-toplevel [4ms]
2023-11-21 14:57:05.157 [info] fatal: not a git repository (or any parent up to mount point /)
Stopping at filesystem boundary (GIT_DISCOVERY_ACROSS_FILESYSTEM not set).
2023-11-21 14:57:05.169 [info] > git rev-parse --show-toplevel [2ms]
2023-11-21 14:57:05.169 [info] fatal: not a git repository (or any parent up to mount point /)
Stopping at filesystem boundary (GIT_DISCOVERY_ACROSS_FILESYSTEM not set).
2023-11-21 14:57:05.249 [info] > git rev-parse --show-toplevel [3ms]
2023-11-21 14:57:05.249 [info] fatal: not a git repository (or any parent up to mount point /)
Stopping at filesystem boundary (GIT_DISCOVERY_ACROSS_FILESYSTEM not set).
2023-11-21 14:57:05.264 [info] > git rev-parse --show-toplevel [6ms]
2023-11-21 14:57:05.264 [info] fatal: not a git repository (or any parent up to mount point /)
Stopping at filesystem boundary (GIT_DISCOVERY_ACROSS_FILESYSTEM not set).
2023-11-21 14:57:05.348 [info] > git rev-parse --show-toplevel [74ms]
2023-11-21 14:57:05.348 [info] fatal: not a git repository (or any parent up to mount point /)
Stopping at filesystem boundary (GIT_DISCOVERY_ACROSS_FILESYSTEM not set).
2023-11-21 14:57:05.362 [info] > git rev-parse --show-toplevel [2ms]
2023-11-21 14:57:05.363 [info] fatal: not a git repository (or any parent up to mount point /)
Stopping at filesystem boundary (GIT_DISCOVERY_ACROSS_FILESYSTEM not set).
2023-11-21 14:57:05.374 [info] > git rev-parse --show-toplevel [1ms]
2023-11-21 14:57:05.375 [info] fatal: not a git repository (or any parent up to mount point /)
Stopping at filesystem boundary (GIT_DISCOVERY_ACROSS_FILESYSTEM not set).
2023-11-21 14:57:05.387 [info] > git rev-parse --show-toplevel [2ms]
2023-11-21 14:57:05.387 [info] fatal: not a git repository (or any parent up to mount point /)
Stopping at filesystem boundary (GIT_DISCOVERY_ACROSS_FILESYSTEM not set).
2023-11-21 14:57:05.587 [info] > git rev-parse --show-toplevel [2ms]
2023-11-21 14:57:05.587 [info] fatal: not a git repository (or any parent up to mount point /)
Stopping at filesystem boundary (GIT_DISCOVERY_ACROSS_FILESYSTEM not set).
2023-11-21 15:05:02.447 [info] > git rev-parse --show-toplevel [2ms]
2023-11-21 15:05:02.448 [info] fatal: not a git repository (or any parent up to mount point /)
Stopping at filesystem boundary (GIT_DISCOVERY_ACROSS_FILESYSTEM not set).
2023-11-21 15:05:13.991 [info] > git rev-parse --show-toplevel [3ms]
2023-11-21 15:05:13.991 [info] fatal: not a git repository (or any parent up to mount point /)
Stopping at filesystem boundary (GIT_DISCOVERY_ACROSS_FILESYSTEM not set).
2023-11-21 15:05:16.823 [info] > git rev-parse --show-toplevel [2ms]
2023-11-21 15:05:16.823 [info] fatal: not a git repository (or any parent up to mount point /)
Stopping at filesystem boundary (GIT_DISCOVERY_ACROSS_FILESYSTEM not set).
2023-11-21 15:05:17.049 [info] > git rev-parse --show-toplevel [2ms]
2023-11-21 15:05:17.049 [info] fatal: not a git repository (or any parent up to mount point /)
Stopping at filesystem boundary (GIT_DISCOVERY_ACROSS_FILESYSTEM not set).
2023-11-21 15:05:51.839 [info] > git rev-parse --show-toplevel [2ms]
2023-11-21 15:05:51.839 [info] fatal: not a git repository (or any parent up to mount point /)
Stopping at filesystem boundary (GIT_DISCOVERY_ACROSS_FILESYSTEM not set).
