[1700591158497] INFO  (ext): SQLTools is starting
[1700591158498] INFO  (ext): initializing language client...
[1700591158499] INFO  (ext): Registering client for languages [{"scheme":"sqltools"},{"language":"sql","scheme":"untitled"},{"language":"sql","scheme":"file"},{"language":"sql","scheme":"sqltools"}]
    ns: "lc"
[1700591158501] INFO  (ext): loading plugins...
[1700591158501] INFO  (ext): registering Formatter Plugin.
    plugin: {
      "name": "Formatter Plugin"
    }
[1700591158501] INFO  (ext): registering Connection Manager Plugin.
    plugin: {
      "name": "Connection Manager Plugin"
    }
[1700591158501] INFO  (ext): registering CodeLens Plugin.
    plugin: {
      "name": "CodeLens Plugin",
      "registeredLanguages": []
    }
[1700591158502] INFO  (ext): registering Dependency Manager Plugin.
    plugin: {
      "name": "Dependency Manager Plugin",
      "installingDrivers": []
    }
[1700591158504] INFO  (ext): Connection explorer changed. Will be updated.
    ns: "conn-man:explorer"
[1700591158504] INFO  (ext): registering History Manager Plugin.
    plugin: {
      "name": "History Manager Plugin"
    }
[1700591158504] INFO  (ext): registering Bookmarks Manager Plugin.
    plugin: {
      "name": "Bookmarks Manager Plugin"
    }
[1700591158505] INFO  (ext): registering Authentication Provider Plugin.
    plugin: {
      "name": "Authentication Provider Plugin",
      "isRegistered": false
    }
[1700591158505] INFO  (ext): registering Object Drop-in Provider (plugin).
    plugin: {
      "type": "plugin",
      "name": "Object Drop-in Provider",
      "isRegistered": false
    }
[1700591158505] INFO  (ext): SQLTools activation completed. 8.038338 ms
[1700591158505] INFO  (ext): Formatter Plugin registered!
[1700591158505] INFO  (ext): CodeLens Plugin registered!
[1700591158505] INFO  (ext): Dependency Manager Plugin registered!
[1700591158506] INFO  (ext): Connection Manager Plugin registered!
[1700591158506] INFO  (ext): History Manager Plugin registered!
[1700591158506] INFO  (ext): Bookmarks Manager Plugin registered!
[1700591158506] INFO  (ext): Authentication Provider Plugin registered!
[1700591158506] INFO  (ext): Object Drop-in Provider (plugin) registered!
[1700591158703] INFO  (ls): SQLTools Server started!
===============================
Using node runtime?: no
ExecPath: /usr/share/code/code 
===============================
[1700591158779] INFO  (ext): LanguageClient ready
    ns: "lc"
[1700591158779] INFO  (ls): Initialized with node version:v18.15.0
[1700591159954] INFO  (ext): EXECUTING COMMAND => sqltools.refreshTree
[1700591159954] INFO  (ext): Connection explorer changed. Will be updated.
    ns: "conn-man:explorer"
[1700591160504] INFO  (ext): Connection explorer changed. Will be updated.
    ns: "conn-man:explorer"
[1700591161020] INFO  (ext): Connection explorer changed. Will be updated.
    ns: "conn-man:explorer"
[1700591161199] INFO  (ext): Connection explorer changed. Will be updated.
    ns: "conn-man:explorer"
[1700591173741] INFO  (ext): Connection explorer changed. Will be updated.
    ns: "conn-man:explorer"
[1700591241848] INFO  (ext): Connection explorer changed. Will be updated.
    ns: "conn-man:explorer"
[1700591252111] INFO  (ext): Connection explorer changed. Will be updated.
    ns: "conn-man:explorer"
[1700591252470] INFO  (ext): Connection explorer changed. Will be updated.
    ns: "conn-man:explorer"
[1700591254275] INFO  (ext): Connection explorer changed. Will be updated.
    ns: "conn-man:explorer"
[1700591410933] INFO  (ext): Connection explorer changed. Will be updated.
    ns: "conn-man:explorer"
[1700591411954] INFO  (ext): Connection explorer changed. Will be updated.
    ns: "conn-man:explorer"
[1700591411955] INFO  (ext): Connection explorer changed. Will be updated.
    ns: "conn-man:explorer"
[1700591522076] INFO  (ext): Connection explorer changed. Will be updated.
    ns: "conn-man:explorer"
[1700591522956] INFO  (ext): Connection explorer changed. Will be updated.
    ns: "conn-man:explorer"
[1700591523949] INFO  (ext): Connection explorer changed. Will be updated.
    ns: "conn-man:explorer"
[1700591583790] INFO  (ext): Connection explorer changed. Will be updated.
    ns: "conn-man:explorer"
[1700591585580] INFO  (ext): Connection explorer changed. Will be updated.
    ns: "conn-man:explorer"
[1700591586452] INFO  (ext): Connection explorer changed. Will be updated.
    ns: "conn-man:explorer"
[1700591586452] INFO  (ext): Connection explorer changed. Will be updated.
    ns: "conn-man:explorer"
[1700591593102] INFO  (ext): Connection explorer changed. Will be updated.
    ns: "conn-man:explorer"
[1700591594112] INFO  (ext): Connection explorer changed. Will be updated.
    ns: "conn-man:explorer"
[1700591602182] INFO  (ext): Connection explorer changed. Will be updated.
    ns: "conn-man:explorer"
[1700591603015] INFO  (ext): Connection explorer changed. Will be updated.
    ns: "conn-man:explorer"
[1700591603015] INFO  (ext): Connection explorer changed. Will be updated.
    ns: "conn-man:explorer"
[1700591715692] INFO  (ext): Connection explorer changed. Will be updated.
    ns: "conn-man:explorer"
[1700591718275] INFO  (ext): Connection explorer changed. Will be updated.
    ns: "conn-man:explorer"
[1700591719106] INFO  (ext): Connection explorer changed. Will be updated.
    ns: "conn-man:explorer"
[1700591719107] INFO  (ext): Connection explorer changed. Will be updated.
    ns: "conn-man:explorer"
[1700591959509] INFO  (ext): Connection explorer changed. Will be updated.
    ns: "conn-man:explorer"
[1700592041547] INFO  (ext): Connection explorer changed. Will be updated.
    ns: "conn-man:explorer"
[1700592138985] INFO  (ext): Connection explorer changed. Will be updated.
    ns: "conn-man:explorer"
[1700592142072] INFO  (ext): Connection explorer changed. Will be updated.
    ns: "conn-man:explorer"
[1700592535222] INFO  (ext): Connection explorer changed. Will be updated.
    ns: "conn-man:explorer"
[1700592541965] INFO  (ext): Connection explorer changed. Will be updated.
    ns: "conn-man:explorer"
