2023-11-20 15:59:10.278 [info] Log level: Info
2023-11-20 15:59:10.278 [info] Validating found git in: "git"
2023-11-20 15:59:10.278 [info] Using git "2.42.0" from "git"
2023-11-20 15:59:10.278 [info] > git rev-parse --show-toplevel [151ms]
2023-11-20 15:59:10.278 [info] > git rev-parse --git-dir --git-common-dir [3ms]
2023-11-20 15:59:10.278 [info] Open repository: /home/bruno/Desktop/api
2023-11-20 15:59:10.326 [info] > git rev-parse --show-toplevel [35ms]
2023-11-20 15:59:10.326 [info] > git config --get commit.template [41ms]
2023-11-20 15:59:10.363 [info] > git rev-parse --show-toplevel [9ms]
2023-11-20 15:59:10.372 [info] > git for-each-ref --format=%(refname)%00%(upstream:short)%00%(objectname)%00%(upstream:track)%00%(upstream:remotename)%00%(upstream:remoteref) refs/heads/master refs/remotes/master [10ms]
2023-11-20 15:59:10.390 [info] > git status -z -uall [11ms]
2023-11-20 15:59:10.390 [info] > git rev-parse --show-toplevel [19ms]
2023-11-20 15:59:10.410 [info] > git rev-parse --show-toplevel [11ms]
2023-11-20 15:59:10.436 [info] > git config --get commit.template [26ms]
2023-11-20 15:59:10.437 [info] > git rev-parse --show-toplevel [5ms]
2023-11-20 15:59:10.452 [info] > git for-each-ref --format=%(refname)%00%(upstream:short)%00%(objectname)%00%(upstream:track)%00%(upstream:remotename)%00%(upstream:remoteref) refs/heads/master refs/remotes/master [9ms]
2023-11-20 15:59:10.465 [info] > git rev-parse --show-toplevel [16ms]
2023-11-20 15:59:10.466 [info] > git status -z -uall [7ms]
2023-11-20 15:59:10.477 [info] > git rev-parse --show-toplevel [3ms]
2023-11-20 15:59:10.494 [info] > git rev-parse --show-toplevel [10ms]
2023-11-20 15:59:12.122 [info] > git config --local branch.master.github-pr-owner-number [3ms]
2023-11-20 15:59:12.147 [info] > git config --get commit.template [12ms]
2023-11-20 15:59:12.147 [info] > git for-each-ref --format=%(refname)%00%(upstream:short)%00%(objectname)%00%(upstream:track)%00%(upstream:remotename)%00%(upstream:remoteref) refs/heads/master refs/remotes/master [2ms]
2023-11-20 15:59:12.165 [info] > git status -z -uall [6ms]
2023-11-20 15:59:12.417 [info] > git fetch [977ms]
2023-11-20 15:59:12.417 [info] Missing or invalid credentials.
Skip silent fetch commands
git@github.com: Permission denied (publickey).
fatal: Could not read from remote repository.

Please make sure you have the correct access rights
and the repository exists.
2023-11-20 15:59:12.432 [info] > git config --get commit.template [1ms]
2023-11-20 15:59:12.447 [info] > git for-each-ref --format=%(refname)%00%(upstream:short)%00%(objectname)%00%(upstream:track)%00%(upstream:remotename)%00%(upstream:remoteref) refs/heads/master refs/remotes/master [3ms]
2023-11-20 15:59:12.464 [info] > git status -z -uall [5ms]
2023-11-20 15:59:13.146 [info] > git check-ignore -v -z --stdin [1ms]
2023-11-20 15:59:13.840 [info] > git show --textconv :Dockerfile [19ms]
2023-11-20 15:59:13.842 [info] > git ls-files --stage -- /home/bruno/Desktop/api/Dockerfile [8ms]
2023-11-20 15:59:13.868 [info] > git cat-file -s 79469c2bdbec914ed00d441b027a914829fe8ec2 [13ms]
2023-11-20 16:03:27.100 [info] > git config --get commit.template [15ms]
2023-11-20 16:03:27.115 [info] > git for-each-ref --format=%(refname)%00%(upstream:short)%00%(objectname)%00%(upstream:track)%00%(upstream:remotename)%00%(upstream:remoteref) refs/heads/master refs/remotes/master [17ms]
2023-11-20 16:03:27.131 [info] > git ls-files --stage -- /home/bruno/Desktop/api/Dockerfile [17ms]
2023-11-20 16:03:27.144 [info] > git status -z -uall [14ms]
2023-11-20 16:03:27.146 [info] > git cat-file -s 79469c2bdbec914ed00d441b027a914829fe8ec2 [2ms]
2023-11-20 16:03:27.160 [info] > git show --textconv :Dockerfile [2ms]
2023-11-20 16:03:28.032 [info] > git fetch [960ms]
2023-11-20 16:03:28.032 [info] Missing or invalid credentials.
Skip silent fetch commands
git@github.com: Permission denied (publickey).
fatal: Could not read from remote repository.

Please make sure you have the correct access rights
and the repository exists.
2023-11-20 16:03:28.055 [info] > git config --get commit.template [11ms]
2023-11-20 16:03:28.055 [info] > git for-each-ref --format=%(refname)%00%(upstream:short)%00%(objectname)%00%(upstream:track)%00%(upstream:remotename)%00%(upstream:remoteref) refs/heads/master refs/remotes/master [1ms]
2023-11-20 16:03:28.070 [info] > git status -z -uall [5ms]
2023-11-20 16:03:28.298 [info] > git ls-files --stage -- /home/bruno/Desktop/api/Dockerfile [2ms]
2023-11-20 16:03:28.315 [info] > git cat-file -s 79469c2bdbec914ed00d441b027a914829fe8ec2 [2ms]
2023-11-20 16:03:28.334 [info] > git show --textconv :Dockerfile [2ms]
2023-11-20 16:04:12.112 [info] > git config --local branch.master.github-pr-owner-number [1ms]
2023-11-20 16:04:12.136 [info] > git config --get commit.template [12ms]
2023-11-20 16:04:12.137 [info] > git for-each-ref --format=%(refname)%00%(upstream:short)%00%(objectname)%00%(upstream:track)%00%(upstream:remotename)%00%(upstream:remoteref) refs/heads/master refs/remotes/master [1ms]
2023-11-20 16:04:12.154 [info] > git status -z -uall [5ms]
2023-11-20 16:06:39.102 [info] > git fetch [927ms]
2023-11-20 16:06:39.102 [info] Missing or invalid credentials.
Skip silent fetch commands
git@github.com: Permission denied (publickey).
fatal: Could not read from remote repository.

Please make sure you have the correct access rights
and the repository exists.
2023-11-20 16:06:39.125 [info] > git config --get commit.template [11ms]
2023-11-20 16:06:39.125 [info] > git for-each-ref --format=%(refname)%00%(upstream:short)%00%(objectname)%00%(upstream:track)%00%(upstream:remotename)%00%(upstream:remoteref) refs/heads/master refs/remotes/master [1ms]
2023-11-20 16:06:39.140 [info] > git status -z -uall [5ms]
2023-11-20 16:09:12.172 [info] > git config --local branch.master.github-pr-owner-number [1ms]
2023-11-20 16:09:12.193 [info] > git config --get commit.template [10ms]
2023-11-20 16:09:12.194 [info] > git for-each-ref --format=%(refname)%00%(upstream:short)%00%(objectname)%00%(upstream:track)%00%(upstream:remotename)%00%(upstream:remoteref) refs/heads/master refs/remotes/master [1ms]
2023-11-20 16:09:12.209 [info] > git status -z -uall [5ms]
2023-11-20 16:12:12.593 [info] > git ls-files --stage -- /home/bruno/Desktop/api/Dockerfile [1ms]
2023-11-20 16:12:12.606 [info] > git cat-file -s 79469c2bdbec914ed00d441b027a914829fe8ec2 [2ms]
2023-11-20 16:12:12.619 [info] > git show --textconv :Dockerfile [1ms]
2023-11-20 16:12:13.497 [info] > git fetch [921ms]
2023-11-20 16:12:13.497 [info] Missing or invalid credentials.
Skip silent fetch commands
git@github.com: Permission denied (publickey).
fatal: Could not read from remote repository.

Please make sure you have the correct access rights
and the repository exists.
2023-11-20 16:12:13.521 [info] > git config --get commit.template [12ms]
2023-11-20 16:12:13.522 [info] > git for-each-ref --format=%(refname)%00%(upstream:short)%00%(objectname)%00%(upstream:track)%00%(upstream:remotename)%00%(upstream:remoteref) refs/heads/master refs/remotes/master [1ms]
2023-11-20 16:12:13.537 [info] > git status -z -uall [5ms]
2023-11-20 16:13:07.555 [info] > git rev-parse --show-toplevel [2ms]
2023-11-20 16:13:07.555 [info] fatal: not a git repository (or any parent up to mount point /)
Stopping at filesystem boundary (GIT_DISCOVERY_ACROSS_FILESYSTEM not set).
2023-11-20 16:14:12.226 [info] > git config --local branch.master.github-pr-owner-number [1ms]
2023-11-20 16:14:12.252 [info] > git config --get commit.template [13ms]
2023-11-20 16:14:12.253 [info] > git for-each-ref --format=%(refname)%00%(upstream:short)%00%(objectname)%00%(upstream:track)%00%(upstream:remotename)%00%(upstream:remoteref) refs/heads/master refs/remotes/master [2ms]
2023-11-20 16:14:12.270 [info] > git status -z -uall [5ms]
2023-11-20 16:15:16.898 [info] > git fetch [988ms]
2023-11-20 16:15:16.898 [info] Missing or invalid credentials.
Skip silent fetch commands
git@github.com: Permission denied (publickey).
fatal: Could not read from remote repository.

Please make sure you have the correct access rights
and the repository exists.
2023-11-20 16:15:16.922 [info] > git config --get commit.template [11ms]
2023-11-20 16:15:16.923 [info] > git for-each-ref --format=%(refname)%00%(upstream:short)%00%(objectname)%00%(upstream:track)%00%(upstream:remotename)%00%(upstream:remoteref) refs/heads/master refs/remotes/master [1ms]
2023-11-20 16:15:16.937 [info] > git status -z -uall [4ms]
2023-11-20 16:19:12.287 [info] > git config --local branch.master.github-pr-owner-number [1ms]
2023-11-20 16:19:12.308 [info] > git config --get commit.template [10ms]
2023-11-20 16:19:12.309 [info] > git for-each-ref --format=%(refname)%00%(upstream:short)%00%(objectname)%00%(upstream:track)%00%(upstream:remotename)%00%(upstream:remoteref) refs/heads/master refs/remotes/master [1ms]
2023-11-20 16:19:12.323 [info] > git status -z -uall [4ms]
2023-11-20 16:21:32.971 [info] > git fetch [978ms]
2023-11-20 16:21:32.971 [info] Missing or invalid credentials.
Skip silent fetch commands
git@github.com: Permission denied (publickey).
fatal: Could not read from remote repository.

Please make sure you have the correct access rights
and the repository exists.
2023-11-20 16:21:32.995 [info] > git config --get commit.template [11ms]
2023-11-20 16:21:32.995 [info] > git for-each-ref --format=%(refname)%00%(upstream:short)%00%(objectname)%00%(upstream:track)%00%(upstream:remotename)%00%(upstream:remoteref) refs/heads/master refs/remotes/master [1ms]
2023-11-20 16:21:33.010 [info] > git status -z -uall [4ms]
2023-11-20 16:24:12.341 [info] > git config --local branch.master.github-pr-owner-number [4ms]
2023-11-20 16:24:12.363 [info] > git config --get commit.template [12ms]
2023-11-20 16:24:12.363 [info] > git for-each-ref --format=%(refname)%00%(upstream:short)%00%(objectname)%00%(upstream:track)%00%(upstream:remotename)%00%(upstream:remoteref) refs/heads/master refs/remotes/master [1ms]
2023-11-20 16:24:12.379 [info] > git status -z -uall [5ms]
2023-11-20 16:27:43.620 [info] > git fetch [1027ms]
2023-11-20 16:27:43.620 [info] Missing or invalid credentials.
Skip silent fetch commands
git@github.com: Permission denied (publickey).
fatal: Could not read from remote repository.

Please make sure you have the correct access rights
and the repository exists.
2023-11-20 16:27:43.642 [info] > git config --get commit.template [11ms]
2023-11-20 16:27:43.643 [info] > git for-each-ref --format=%(refname)%00%(upstream:short)%00%(objectname)%00%(upstream:track)%00%(upstream:remotename)%00%(upstream:remoteref) refs/heads/master refs/remotes/master [1ms]
2023-11-20 16:27:43.658 [info] > git status -z -uall [5ms]
2023-11-20 16:29:12.416 [info] > git config --local branch.master.github-pr-owner-number [2ms]
2023-11-20 16:29:12.451 [info] > git for-each-ref --format=%(refname)%00%(upstream:short)%00%(objectname)%00%(upstream:track)%00%(upstream:remotename)%00%(upstream:remoteref) refs/heads/master refs/remotes/master [2ms]
2023-11-20 16:29:12.451 [info] > git config --get commit.template [18ms]
2023-11-20 16:29:12.470 [info] > git status -z -uall [5ms]
2023-11-20 16:30:49.218 [info] > git fetch [925ms]
2023-11-20 16:30:49.218 [info] Missing or invalid credentials.
Skip silent fetch commands
git@github.com: Permission denied (publickey).
fatal: Could not read from remote repository.

Please make sure you have the correct access rights
and the repository exists.
2023-11-20 16:30:49.242 [info] > git config --get commit.template [11ms]
2023-11-20 16:30:49.242 [info] > git for-each-ref --format=%(refname)%00%(upstream:short)%00%(objectname)%00%(upstream:track)%00%(upstream:remotename)%00%(upstream:remoteref) refs/heads/master refs/remotes/master [1ms]
2023-11-20 16:30:49.257 [info] > git status -z -uall [4ms]
2023-11-20 16:34:12.490 [info] > git config --local branch.master.github-pr-owner-number [1ms]
2023-11-20 16:34:12.513 [info] > git config --get commit.template [11ms]
2023-11-20 16:34:12.514 [info] > git for-each-ref --format=%(refname)%00%(upstream:short)%00%(objectname)%00%(upstream:track)%00%(upstream:remotename)%00%(upstream:remoteref) refs/heads/master refs/remotes/master [2ms]
2023-11-20 16:34:12.528 [info] > git status -z -uall [4ms]
2023-11-20 16:38:10.736 [info] > git fetch [927ms]
2023-11-20 16:38:10.736 [info] Missing or invalid credentials.
Skip silent fetch commands
git@github.com: Permission denied (publickey).
fatal: Could not read from remote repository.

Please make sure you have the correct access rights
and the repository exists.
2023-11-20 16:38:10.760 [info] > git config --get commit.template [12ms]
2023-11-20 16:38:10.761 [info] > git for-each-ref --format=%(refname)%00%(upstream:short)%00%(objectname)%00%(upstream:track)%00%(upstream:remotename)%00%(upstream:remoteref) refs/heads/master refs/remotes/master [2ms]
2023-11-20 16:38:10.776 [info] > git status -z -uall [4ms]
2023-11-20 16:38:15.686 [info] > git show --textconv :Dockerfile [19ms]
2023-11-20 16:38:15.686 [info] > git ls-files --stage -- /home/bruno/Desktop/api/Dockerfile [5ms]
2023-11-20 16:38:15.702 [info] > git cat-file -s 79469c2bdbec914ed00d441b027a914829fe8ec2 [2ms]
2023-11-20 16:39:12.546 [info] > git config --local branch.master.github-pr-owner-number [1ms]
2023-11-20 16:39:12.568 [info] > git config --get commit.template [11ms]
2023-11-20 16:39:12.569 [info] > git for-each-ref --format=%(refname)%00%(upstream:short)%00%(objectname)%00%(upstream:track)%00%(upstream:remotename)%00%(upstream:remoteref) refs/heads/master refs/remotes/master [2ms]
2023-11-20 16:39:12.584 [info] > git status -z -uall [5ms]
2023-11-20 16:44:12.603 [info] > git config --local branch.master.github-pr-owner-number [1ms]
2023-11-20 16:44:12.626 [info] > git config --get commit.template [12ms]
2023-11-20 16:44:12.627 [info] > git for-each-ref --format=%(refname)%00%(upstream:short)%00%(objectname)%00%(upstream:track)%00%(upstream:remotename)%00%(upstream:remoteref) refs/heads/master refs/remotes/master [1ms]
2023-11-20 16:44:12.644 [info] > git status -z -uall [5ms]
2023-11-20 16:49:12.662 [info] > git config --local branch.master.github-pr-owner-number [1ms]
2023-11-20 16:49:12.686 [info] > git config --get commit.template [11ms]
2023-11-20 16:49:12.686 [info] > git for-each-ref --format=%(refname)%00%(upstream:short)%00%(objectname)%00%(upstream:track)%00%(upstream:remotename)%00%(upstream:remoteref) refs/heads/master refs/remotes/master [1ms]
2023-11-20 16:49:12.704 [info] > git status -z -uall [7ms]
2023-11-20 16:54:12.751 [info] > git config --local branch.master.github-pr-owner-number [4ms]
2023-11-20 16:54:12.810 [info] > git config --get commit.template [25ms]
2023-11-20 16:54:12.812 [info] > git for-each-ref --format=%(refname)%00%(upstream:short)%00%(objectname)%00%(upstream:track)%00%(upstream:remotename)%00%(upstream:remoteref) refs/heads/master refs/remotes/master [3ms]
2023-11-20 16:54:12.835 [info] > git status -z -uall [5ms]
