2023-11-20 15:59:10.022 [info] Using settings sync service https://vscode-sync.trafficmanager.net/
2023-11-20 15:59:10.022 [info] Auto Sync is enabled.
2023-11-20 15:59:10.022 [info] Auto Sync: Suspended until auth token is available.
2023-11-20 15:59:10.238 [info] Auto Sync: Triggered by Interval
2023-11-20 15:59:10.238 [info] Sync started.
2023-11-20 15:59:11.028 [info] Deleting non existing profile from backup /home/bruno/.config/Code/User/sync/extensions
2023-11-20 15:59:11.076 [info] Deleting non existing profile from backup /home/bruno/.config/Code/User/sync/globalState
2023-11-20 15:59:11.077 [info] Deleting non existing profile from backup /home/bruno/.config/Code/User/sync/keybindings
2023-11-20 15:59:11.077 [info] Deleting non existing profile from backup /home/bruno/.config/Code/User/sync/profiles
2023-11-20 15:59:11.078 [info] Deleting non existing profile from backup /home/bruno/.config/Code/User/sync/settings
2023-11-20 15:59:11.078 [info] Deleting non existing profile from backup /home/bruno/.config/Code/User/sync/snippets
2023-11-20 15:59:11.079 [info] Deleting non existing profile from backup /home/bruno/.config/Code/User/sync/tasks
2023-11-20 15:59:11.150 [info] Settings: No changes found during synchronizing settings.
2023-11-20 15:59:11.191 [info] Keybindings: Last sync resource does not exist locally.
2023-11-20 15:59:11.475 [info] Keybindings: No changes found during synchronizing keybindings.
2023-11-20 15:59:11.503 [info] Snippets: Last sync resource does not exist locally.
2023-11-20 15:59:11.732 [info] Snippets: No changes found during synchronizing snippets.
2023-11-20 15:59:11.733 [info] Tasks: Last sync resource does not exist locally.
2023-11-20 15:59:11.887 [info] Tasks: No changes found during synchronizing tasks.
2023-11-20 15:59:11.895 [info] GlobalState: Last sync resource does not exist locally.
2023-11-20 15:59:12.712 [info] GlobalState: Updated remote ui state. Updated: commandPalette.mru.cache,commandPalette.mru.counter.
2023-11-20 15:59:12.717 [info] GlobalState: Updated last synchronized ui state
2023-11-20 15:59:12.718 [info] Extensions: Last sync resource does not exist locally.
2023-11-20 15:59:13.171 [info] Extensions: No changes found during synchronizing extensions.
2023-11-20 15:59:13.173 [info] Profiles: Last sync resource does not exist locally.
2023-11-20 15:59:13.321 [info] Profiles: No changes found during synchronizing profiles.
2023-11-20 15:59:13.322 [info] Syncing profile. Personal
2023-11-20 15:59:13.330 [info] Settings (Personal): No changes found during synchronizing settings.
2023-11-20 15:59:13.335 [info] Keybindings (Personal): No changes found during synchronizing keybindings.
2023-11-20 15:59:13.337 [info] Snippets (Personal): No changes found during synchronizing snippets.
2023-11-20 15:59:13.340 [info] Tasks (Personal): No changes found during synchronizing tasks.
2023-11-20 15:59:13.352 [info] GlobalState (Personal): No changes found during synchronizing ui state.
2023-11-20 15:59:13.404 [info] Extensions (Personal): No changes found during synchronizing extensions.
2023-11-20 15:59:13.405 [info] Sync done. Took 3167ms
2023-11-20 16:00:06.937 [info] Auto Sync: Triggered by Activity
2023-11-20 16:00:06.938 [info] Sync started.
2023-11-20 16:00:07.091 [info] Settings: Last sync resource does not exist locally.
2023-11-20 16:00:07.266 [info] Settings: No changes found during synchronizing settings.
2023-11-20 16:00:07.269 [info] Keybindings: No changes found during synchronizing keybindings.
2023-11-20 16:00:07.272 [info] Snippets: No changes found during synchronizing snippets.
2023-11-20 16:00:07.274 [info] Tasks: No changes found during synchronizing tasks.
2023-11-20 16:00:07.277 [info] GlobalState: No changes found during synchronizing ui state.
2023-11-20 16:00:07.407 [info] Extensions: No changes found during synchronizing extensions.
2023-11-20 16:00:07.408 [info] Profiles: No changes found during synchronizing profiles.
2023-11-20 16:00:07.409 [info] Syncing profile. Personal
2023-11-20 16:00:07.411 [info] Settings (Personal): No changes found during synchronizing settings.
2023-11-20 16:00:07.413 [info] Keybindings (Personal): No changes found during synchronizing keybindings.
2023-11-20 16:00:07.414 [info] Snippets (Personal): No changes found during synchronizing snippets.
2023-11-20 16:00:07.416 [info] Tasks (Personal): No changes found during synchronizing tasks.
2023-11-20 16:00:07.419 [info] GlobalState (Personal): No changes found during synchronizing ui state.
2023-11-20 16:00:07.462 [info] Extensions (Personal): No changes found during synchronizing extensions.
2023-11-20 16:00:07.463 [info] Sync done. Took 526ms
2023-11-20 16:01:10.034 [info] Auto Sync: Triggered by Activity
2023-11-20 16:01:10.035 [info] Sync started.
2023-11-20 16:01:10.196 [info] Settings: No changes found during synchronizing settings.
2023-11-20 16:01:10.198 [info] Keybindings: No changes found during synchronizing keybindings.
2023-11-20 16:01:10.200 [info] Snippets: No changes found during synchronizing snippets.
2023-11-20 16:01:10.203 [info] Tasks: No changes found during synchronizing tasks.
2023-11-20 16:01:10.206 [info] GlobalState: No changes found during synchronizing ui state.
2023-11-20 16:01:10.322 [info] Extensions: No changes found during synchronizing extensions.
2023-11-20 16:01:10.323 [info] Profiles: No changes found during synchronizing profiles.
2023-11-20 16:01:10.324 [info] Syncing profile. Personal
2023-11-20 16:01:10.325 [info] Settings (Personal): No changes found during synchronizing settings.
2023-11-20 16:01:10.327 [info] Keybindings (Personal): No changes found during synchronizing keybindings.
2023-11-20 16:01:10.328 [info] Snippets (Personal): No changes found during synchronizing snippets.
2023-11-20 16:01:10.330 [info] Tasks (Personal): No changes found during synchronizing tasks.
2023-11-20 16:01:10.332 [info] GlobalState (Personal): No changes found during synchronizing ui state.
2023-11-20 16:01:10.377 [info] Extensions (Personal): No changes found during synchronizing extensions.
2023-11-20 16:01:10.378 [info] Sync done. Took 343ms
2023-11-20 16:02:04.640 [info] Auto Sync: Triggered by Activity
2023-11-20 16:02:04.640 [info] Sync started.
2023-11-20 16:02:04.822 [info] Settings: No changes found during synchronizing settings.
2023-11-20 16:02:04.826 [info] Keybindings: No changes found during synchronizing keybindings.
2023-11-20 16:02:04.829 [info] Snippets: No changes found during synchronizing snippets.
2023-11-20 16:02:04.832 [info] Tasks: No changes found during synchronizing tasks.
2023-11-20 16:02:04.835 [info] GlobalState: No changes found during synchronizing ui state.
2023-11-20 16:02:04.940 [info] Extensions: No changes found during synchronizing extensions.
2023-11-20 16:02:04.941 [info] Profiles: No changes found during synchronizing profiles.
2023-11-20 16:02:04.942 [info] Syncing profile. Personal
2023-11-20 16:02:04.943 [info] Settings (Personal): No changes found during synchronizing settings.
2023-11-20 16:02:04.945 [info] Keybindings (Personal): No changes found during synchronizing keybindings.
2023-11-20 16:02:04.947 [info] Snippets (Personal): No changes found during synchronizing snippets.
2023-11-20 16:02:04.949 [info] Tasks (Personal): No changes found during synchronizing tasks.
2023-11-20 16:02:04.951 [info] GlobalState (Personal): No changes found during synchronizing ui state.
2023-11-20 16:02:05.006 [info] Extensions (Personal): No changes found during synchronizing extensions.
2023-11-20 16:02:05.008 [info] Sync done. Took 367ms
2023-11-20 16:03:30.050 [info] Auto Sync: Triggered by Activity
2023-11-20 16:03:30.050 [info] Sync started.
2023-11-20 16:03:30.239 [info] Settings: No changes found during synchronizing settings.
2023-11-20 16:03:30.242 [info] Keybindings: No changes found during synchronizing keybindings.
2023-11-20 16:03:30.245 [info] Snippets: No changes found during synchronizing snippets.
2023-11-20 16:03:30.248 [info] Tasks: No changes found during synchronizing tasks.
2023-11-20 16:03:30.252 [info] GlobalState: No changes found during synchronizing ui state.
2023-11-20 16:03:30.356 [info] Extensions: No changes found during synchronizing extensions.
2023-11-20 16:03:30.357 [info] Profiles: No changes found during synchronizing profiles.
2023-11-20 16:03:30.358 [info] Syncing profile. Personal
2023-11-20 16:03:30.359 [info] Settings (Personal): No changes found during synchronizing settings.
2023-11-20 16:03:30.361 [info] Keybindings (Personal): No changes found during synchronizing keybindings.
2023-11-20 16:03:30.363 [info] Snippets (Personal): No changes found during synchronizing snippets.
2023-11-20 16:03:30.364 [info] Tasks (Personal): No changes found during synchronizing tasks.
2023-11-20 16:03:30.366 [info] GlobalState (Personal): No changes found during synchronizing ui state.
2023-11-20 16:03:30.406 [info] Extensions (Personal): No changes found during synchronizing extensions.
2023-11-20 16:03:30.407 [info] Sync done. Took 358ms
2023-11-20 16:04:00.604 [info] Auto Sync: Triggered by Activity
2023-11-20 16:04:00.604 [info] Sync started.
2023-11-20 16:04:00.801 [info] Settings: No changes found during synchronizing settings.
2023-11-20 16:04:00.805 [info] Keybindings: No changes found during synchronizing keybindings.
2023-11-20 16:04:00.808 [info] Snippets: No changes found during synchronizing snippets.
2023-11-20 16:04:00.810 [info] Tasks: No changes found during synchronizing tasks.
2023-11-20 16:04:00.814 [info] GlobalState: No changes found during synchronizing ui state.
2023-11-20 16:04:00.900 [info] Extensions: No changes found during synchronizing extensions.
2023-11-20 16:04:00.902 [info] Profiles: No changes found during synchronizing profiles.
2023-11-20 16:04:00.903 [info] Syncing profile. Personal
2023-11-20 16:04:00.904 [info] Settings (Personal): No changes found during synchronizing settings.
2023-11-20 16:04:00.906 [info] Keybindings (Personal): No changes found during synchronizing keybindings.
2023-11-20 16:04:00.908 [info] Snippets (Personal): No changes found during synchronizing snippets.
2023-11-20 16:04:00.910 [info] Tasks (Personal): No changes found during synchronizing tasks.
2023-11-20 16:04:00.912 [info] GlobalState (Personal): No changes found during synchronizing ui state.
2023-11-20 16:04:00.970 [info] Extensions (Personal): No changes found during synchronizing extensions.
2023-11-20 16:04:00.971 [info] Sync done. Took 366ms
2023-11-20 16:04:18.286 [info] Auto Sync: Triggered by Activity
2023-11-20 16:04:18.287 [info] Sync started.
2023-11-20 16:04:18.477 [info] Settings: No changes found during synchronizing settings.
2023-11-20 16:04:18.480 [info] Keybindings: No changes found during synchronizing keybindings.
2023-11-20 16:04:18.482 [info] Snippets: No changes found during synchronizing snippets.
2023-11-20 16:04:18.484 [info] Tasks: No changes found during synchronizing tasks.
2023-11-20 16:04:18.490 [info] GlobalState: No changes found during synchronizing ui state.
2023-11-20 16:04:18.601 [info] Extensions: No changes found during synchronizing extensions.
2023-11-20 16:04:18.602 [info] Profiles: No changes found during synchronizing profiles.
2023-11-20 16:04:18.603 [info] Syncing profile. Personal
2023-11-20 16:04:18.604 [info] Settings (Personal): No changes found during synchronizing settings.
2023-11-20 16:04:18.606 [info] Keybindings (Personal): No changes found during synchronizing keybindings.
2023-11-20 16:04:18.607 [info] Snippets (Personal): No changes found during synchronizing snippets.
2023-11-20 16:04:18.609 [info] Tasks (Personal): No changes found during synchronizing tasks.
2023-11-20 16:04:18.611 [info] GlobalState (Personal): No changes found during synchronizing ui state.
2023-11-20 16:04:18.646 [info] Extensions (Personal): No changes found during synchronizing extensions.
2023-11-20 16:04:18.647 [info] Sync done. Took 362ms
2023-11-20 16:04:33.668 [info] Auto Sync: Triggered by Activity
2023-11-20 16:04:33.668 [info] Sync started.
2023-11-20 16:04:33.855 [info] Settings: No changes found during synchronizing settings.
2023-11-20 16:04:33.858 [info] Keybindings: No changes found during synchronizing keybindings.
2023-11-20 16:04:33.862 [info] Snippets: No changes found during synchronizing snippets.
2023-11-20 16:04:33.865 [info] Tasks: No changes found during synchronizing tasks.
2023-11-20 16:04:33.871 [info] GlobalState: No changes found during synchronizing ui state.
2023-11-20 16:04:33.962 [info] Extensions: No changes found during synchronizing extensions.
2023-11-20 16:04:33.963 [info] Profiles: No changes found during synchronizing profiles.
2023-11-20 16:04:33.963 [info] Syncing profile. Personal
2023-11-20 16:04:33.965 [info] Settings (Personal): No changes found during synchronizing settings.
2023-11-20 16:04:33.967 [info] Keybindings (Personal): No changes found during synchronizing keybindings.
2023-11-20 16:04:33.968 [info] Snippets (Personal): No changes found during synchronizing snippets.
2023-11-20 16:04:33.970 [info] Tasks (Personal): No changes found during synchronizing tasks.
2023-11-20 16:04:33.971 [info] GlobalState (Personal): No changes found during synchronizing ui state.
2023-11-20 16:04:34.012 [info] Extensions (Personal): No changes found during synchronizing extensions.
2023-11-20 16:04:34.013 [info] Sync done. Took 346ms
2023-11-20 16:06:41.159 [info] Auto Sync: Triggered by Activity
2023-11-20 16:06:41.160 [info] Sync started.
2023-11-20 16:06:41.321 [info] Settings: No changes found during synchronizing settings.
2023-11-20 16:06:41.324 [info] Keybindings: No changes found during synchronizing keybindings.
2023-11-20 16:06:41.326 [info] Snippets: No changes found during synchronizing snippets.
2023-11-20 16:06:41.328 [info] Tasks: No changes found during synchronizing tasks.
2023-11-20 16:06:41.331 [info] GlobalState: No changes found during synchronizing ui state.
2023-11-20 16:06:41.433 [info] Extensions: No changes found during synchronizing extensions.
2023-11-20 16:06:41.435 [info] Profiles: No changes found during synchronizing profiles.
2023-11-20 16:06:41.436 [info] Syncing profile. Personal
2023-11-20 16:06:41.438 [info] Settings (Personal): No changes found during synchronizing settings.
2023-11-20 16:06:41.440 [info] Keybindings (Personal): No changes found during synchronizing keybindings.
2023-11-20 16:06:41.441 [info] Snippets (Personal): No changes found during synchronizing snippets.
2023-11-20 16:06:41.443 [info] Tasks (Personal): No changes found during synchronizing tasks.
2023-11-20 16:06:41.445 [info] GlobalState (Personal): No changes found during synchronizing ui state.
2023-11-20 16:06:41.482 [info] Extensions (Personal): No changes found during synchronizing extensions.
2023-11-20 16:06:41.483 [info] Sync done. Took 324ms
2023-11-20 16:11:41.514 [info] Auto Sync: Triggered by Interval
2023-11-20 16:11:41.514 [info] Sync started.
2023-11-20 16:11:42.114 [info] Settings: No changes found during synchronizing settings.
2023-11-20 16:11:42.117 [info] Keybindings: No changes found during synchronizing keybindings.
2023-11-20 16:11:42.119 [info] Snippets: No changes found during synchronizing snippets.
2023-11-20 16:11:42.121 [info] Tasks: No changes found during synchronizing tasks.
2023-11-20 16:11:42.124 [info] GlobalState: No changes found during synchronizing ui state.
2023-11-20 16:11:42.238 [info] Extensions: No changes found during synchronizing extensions.
2023-11-20 16:11:42.239 [info] Profiles: No changes found during synchronizing profiles.
2023-11-20 16:11:42.240 [info] Syncing profile. Personal
2023-11-20 16:11:42.241 [info] Settings (Personal): No changes found during synchronizing settings.
2023-11-20 16:11:42.243 [info] Keybindings (Personal): No changes found during synchronizing keybindings.
2023-11-20 16:11:42.244 [info] Snippets (Personal): No changes found during synchronizing snippets.
2023-11-20 16:11:42.246 [info] Tasks (Personal): No changes found during synchronizing tasks.
2023-11-20 16:11:42.248 [info] GlobalState (Personal): No changes found during synchronizing ui state.
2023-11-20 16:11:42.291 [info] Extensions (Personal): No changes found during synchronizing extensions.
2023-11-20 16:11:42.291 [info] Sync done. Took 777ms
2023-11-20 16:12:15.548 [info] Auto Sync: Triggered by Activity
2023-11-20 16:12:15.549 [info] Sync started.
2023-11-20 16:12:15.742 [info] Settings: No changes found during synchronizing settings.
2023-11-20 16:12:15.744 [info] Keybindings: No changes found during synchronizing keybindings.
2023-11-20 16:12:15.746 [info] Snippets: No changes found during synchronizing snippets.
2023-11-20 16:12:15.749 [info] Tasks: No changes found during synchronizing tasks.
2023-11-20 16:12:15.753 [info] GlobalState: No changes found during synchronizing ui state.
2023-11-20 16:12:15.858 [info] Extensions: No changes found during synchronizing extensions.
2023-11-20 16:12:15.859 [info] Profiles: No changes found during synchronizing profiles.
2023-11-20 16:12:15.860 [info] Syncing profile. Personal
2023-11-20 16:12:15.862 [info] Settings (Personal): No changes found during synchronizing settings.
2023-11-20 16:12:15.864 [info] Keybindings (Personal): No changes found during synchronizing keybindings.
2023-11-20 16:12:15.866 [info] Snippets (Personal): No changes found during synchronizing snippets.
2023-11-20 16:12:15.868 [info] Tasks (Personal): No changes found during synchronizing tasks.
2023-11-20 16:12:15.869 [info] GlobalState (Personal): No changes found during synchronizing ui state.
2023-11-20 16:12:15.920 [info] Extensions (Personal): No changes found during synchronizing extensions.
2023-11-20 16:12:15.921 [info] Sync done. Took 372ms
2023-11-20 16:13:11.196 [info] Auto Sync: Triggered by Activity
2023-11-20 16:13:11.197 [info] Sync started.
2023-11-20 16:13:11.394 [info] Settings: No changes found during synchronizing settings.
2023-11-20 16:13:11.397 [info] Keybindings: No changes found during synchronizing keybindings.
2023-11-20 16:13:11.399 [info] Snippets: No changes found during synchronizing snippets.
2023-11-20 16:13:11.401 [info] Tasks: No changes found during synchronizing tasks.
2023-11-20 16:13:11.404 [info] GlobalState: No changes found during synchronizing ui state.
2023-11-20 16:13:11.503 [info] Extensions: No changes found during synchronizing extensions.
2023-11-20 16:13:11.504 [info] Profiles: No changes found during synchronizing profiles.
2023-11-20 16:13:11.505 [info] Syncing profile. Personal
2023-11-20 16:13:11.507 [info] Settings (Personal): No changes found during synchronizing settings.
2023-11-20 16:13:11.509 [info] Keybindings (Personal): No changes found during synchronizing keybindings.
2023-11-20 16:13:11.511 [info] Snippets (Personal): No changes found during synchronizing snippets.
2023-11-20 16:13:11.513 [info] Tasks (Personal): No changes found during synchronizing tasks.
2023-11-20 16:13:11.516 [info] GlobalState (Personal): No changes found during synchronizing ui state.
2023-11-20 16:13:11.560 [info] Extensions (Personal): No changes found during synchronizing extensions.
2023-11-20 16:13:11.561 [info] Sync done. Took 365ms
2023-11-20 16:13:44.172 [info] Auto Sync: Triggered by Activity
2023-11-20 16:13:44.173 [info] Sync started.
2023-11-20 16:13:44.352 [info] Settings: No changes found during synchronizing settings.
2023-11-20 16:13:44.355 [info] Keybindings: No changes found during synchronizing keybindings.
2023-11-20 16:13:44.358 [info] Snippets: No changes found during synchronizing snippets.
2023-11-20 16:13:44.360 [info] Tasks: No changes found during synchronizing tasks.
2023-11-20 16:13:44.363 [info] GlobalState: No changes found during synchronizing ui state.
2023-11-20 16:13:44.465 [info] Extensions: No changes found during synchronizing extensions.
2023-11-20 16:13:44.466 [info] Profiles: No changes found during synchronizing profiles.
2023-11-20 16:13:44.467 [info] Syncing profile. Personal
2023-11-20 16:13:44.468 [info] Settings (Personal): No changes found during synchronizing settings.
2023-11-20 16:13:44.470 [info] Keybindings (Personal): No changes found during synchronizing keybindings.
2023-11-20 16:13:44.473 [info] Snippets (Personal): No changes found during synchronizing snippets.
2023-11-20 16:13:44.475 [info] Tasks (Personal): No changes found during synchronizing tasks.
2023-11-20 16:13:44.476 [info] GlobalState (Personal): No changes found during synchronizing ui state.
2023-11-20 16:13:44.517 [info] Extensions (Personal): No changes found during synchronizing extensions.
2023-11-20 16:13:44.518 [info] Sync done. Took 347ms
2023-11-20 16:14:41.137 [info] Auto Sync: Triggered by Activity
2023-11-20 16:14:41.138 [info] Sync started.
2023-11-20 16:14:41.340 [info] Settings: No changes found during synchronizing settings.
2023-11-20 16:14:41.343 [info] Keybindings: No changes found during synchronizing keybindings.
2023-11-20 16:14:41.346 [info] Snippets: No changes found during synchronizing snippets.
2023-11-20 16:14:41.348 [info] Tasks: No changes found during synchronizing tasks.
2023-11-20 16:14:41.352 [info] GlobalState: No changes found during synchronizing ui state.
2023-11-20 16:14:41.450 [info] Extensions: No changes found during synchronizing extensions.
2023-11-20 16:14:41.451 [info] Profiles: No changes found during synchronizing profiles.
2023-11-20 16:14:41.452 [info] Syncing profile. Personal
2023-11-20 16:14:41.453 [info] Settings (Personal): No changes found during synchronizing settings.
2023-11-20 16:14:41.454 [info] Keybindings (Personal): No changes found during synchronizing keybindings.
2023-11-20 16:14:41.456 [info] Snippets (Personal): No changes found during synchronizing snippets.
2023-11-20 16:14:41.457 [info] Tasks (Personal): No changes found during synchronizing tasks.
2023-11-20 16:14:41.459 [info] GlobalState (Personal): No changes found during synchronizing ui state.
2023-11-20 16:14:41.495 [info] Extensions (Personal): No changes found during synchronizing extensions.
2023-11-20 16:14:41.495 [info] Sync done. Took 360ms
2023-11-20 16:15:05.128 [info] Auto Sync: Triggered by Activity
2023-11-20 16:15:05.129 [info] Sync started.
2023-11-20 16:15:05.288 [info] Settings: No changes found during synchronizing settings.
2023-11-20 16:15:05.290 [info] Keybindings: No changes found during synchronizing keybindings.
2023-11-20 16:15:05.292 [info] Snippets: No changes found during synchronizing snippets.
2023-11-20 16:15:05.294 [info] Tasks: No changes found during synchronizing tasks.
2023-11-20 16:15:05.297 [info] GlobalState: No changes found during synchronizing ui state.
2023-11-20 16:15:05.386 [info] Extensions: No changes found during synchronizing extensions.
2023-11-20 16:15:05.386 [info] Profiles: No changes found during synchronizing profiles.
2023-11-20 16:15:05.387 [info] Syncing profile. Personal
2023-11-20 16:15:05.389 [info] Settings (Personal): No changes found during synchronizing settings.
2023-11-20 16:15:05.391 [info] Keybindings (Personal): No changes found during synchronizing keybindings.
2023-11-20 16:15:05.393 [info] Snippets (Personal): No changes found during synchronizing snippets.
2023-11-20 16:15:05.394 [info] Tasks (Personal): No changes found during synchronizing tasks.
2023-11-20 16:15:05.396 [info] GlobalState (Personal): No changes found during synchronizing ui state.
2023-11-20 16:15:05.429 [info] Extensions (Personal): No changes found during synchronizing extensions.
2023-11-20 16:15:05.429 [info] Sync done. Took 301ms
2023-11-20 16:15:18.888 [info] Auto Sync: Triggered by Activity
2023-11-20 16:15:18.888 [info] Sync started.
2023-11-20 16:15:19.078 [info] Settings: No changes found during synchronizing settings.
2023-11-20 16:15:19.083 [info] Keybindings: No changes found during synchronizing keybindings.
2023-11-20 16:15:19.087 [info] Snippets: No changes found during synchronizing snippets.
2023-11-20 16:15:19.090 [info] Tasks: No changes found during synchronizing tasks.
2023-11-20 16:15:19.097 [info] GlobalState: No changes found during synchronizing ui state.
2023-11-20 16:15:19.197 [info] Extensions: No changes found during synchronizing extensions.
2023-11-20 16:15:19.198 [info] Profiles: No changes found during synchronizing profiles.
2023-11-20 16:15:19.198 [info] Syncing profile. Personal
2023-11-20 16:15:19.200 [info] Settings (Personal): No changes found during synchronizing settings.
2023-11-20 16:15:19.201 [info] Keybindings (Personal): No changes found during synchronizing keybindings.
2023-11-20 16:15:19.203 [info] Snippets (Personal): No changes found during synchronizing snippets.
2023-11-20 16:15:19.205 [info] Tasks (Personal): No changes found during synchronizing tasks.
2023-11-20 16:15:19.207 [info] GlobalState (Personal): No changes found during synchronizing ui state.
2023-11-20 16:15:19.242 [info] Extensions (Personal): No changes found during synchronizing extensions.
2023-11-20 16:15:19.242 [info] Sync done. Took 355ms
2023-11-20 16:15:34.688 [info] Auto Sync: Triggered by Activity
2023-11-20 16:15:34.688 [info] Sync started.
2023-11-20 16:15:34.908 [info] Settings: No changes found during synchronizing settings.
2023-11-20 16:15:34.910 [info] Keybindings: No changes found during synchronizing keybindings.
2023-11-20 16:15:34.913 [info] Snippets: No changes found during synchronizing snippets.
2023-11-20 16:15:34.915 [info] Tasks: No changes found during synchronizing tasks.
2023-11-20 16:15:34.918 [info] GlobalState: No changes found during synchronizing ui state.
2023-11-20 16:15:35.010 [info] Extensions: No changes found during synchronizing extensions.
2023-11-20 16:15:35.011 [info] Profiles: No changes found during synchronizing profiles.
2023-11-20 16:15:35.012 [info] Syncing profile. Personal
2023-11-20 16:15:35.013 [info] Settings (Personal): No changes found during synchronizing settings.
2023-11-20 16:15:35.015 [info] Keybindings (Personal): No changes found during synchronizing keybindings.
2023-11-20 16:15:35.017 [info] Snippets (Personal): No changes found during synchronizing snippets.
2023-11-20 16:15:35.018 [info] Tasks (Personal): No changes found during synchronizing tasks.
2023-11-20 16:15:35.020 [info] GlobalState (Personal): No changes found during synchronizing ui state.
2023-11-20 16:15:35.057 [info] Extensions (Personal): No changes found during synchronizing extensions.
2023-11-20 16:15:35.057 [info] Sync done. Took 371ms
2023-11-20 16:20:35.083 [info] Auto Sync: Triggered by Interval
2023-11-20 16:20:35.084 [info] Sync started.
2023-11-20 16:20:35.674 [info] Settings: No changes found during synchronizing settings.
2023-11-20 16:20:35.677 [info] Keybindings: No changes found during synchronizing keybindings.
2023-11-20 16:20:35.678 [info] Snippets: No changes found during synchronizing snippets.
2023-11-20 16:20:35.680 [info] Tasks: No changes found during synchronizing tasks.
2023-11-20 16:20:35.683 [info] GlobalState: No changes found during synchronizing ui state.
2023-11-20 16:20:35.782 [info] Extensions: No changes found during synchronizing extensions.
2023-11-20 16:20:35.783 [info] Profiles: No changes found during synchronizing profiles.
2023-11-20 16:20:35.784 [info] Syncing profile. Personal
2023-11-20 16:20:35.786 [info] Settings (Personal): No changes found during synchronizing settings.
2023-11-20 16:20:35.788 [info] Keybindings (Personal): No changes found during synchronizing keybindings.
2023-11-20 16:20:35.789 [info] Snippets (Personal): No changes found during synchronizing snippets.
2023-11-20 16:20:35.791 [info] Tasks (Personal): No changes found during synchronizing tasks.
2023-11-20 16:20:35.793 [info] GlobalState (Personal): No changes found during synchronizing ui state.
2023-11-20 16:20:35.828 [info] Extensions (Personal): No changes found during synchronizing extensions.
2023-11-20 16:20:35.830 [info] Sync done. Took 747ms
2023-11-20 16:21:34.973 [info] Auto Sync: Triggered by Activity
2023-11-20 16:21:34.973 [info] Sync started.
2023-11-20 16:21:35.149 [info] Settings: No changes found during synchronizing settings.
2023-11-20 16:21:35.151 [info] Keybindings: No changes found during synchronizing keybindings.
2023-11-20 16:21:35.153 [info] Snippets: No changes found during synchronizing snippets.
2023-11-20 16:21:35.155 [info] Tasks: No changes found during synchronizing tasks.
2023-11-20 16:21:35.158 [info] GlobalState: No changes found during synchronizing ui state.
2023-11-20 16:21:35.260 [info] Extensions: No changes found during synchronizing extensions.
2023-11-20 16:21:35.260 [info] Profiles: No changes found during synchronizing profiles.
2023-11-20 16:21:35.261 [info] Syncing profile. Personal
2023-11-20 16:21:35.263 [info] Settings (Personal): No changes found during synchronizing settings.
2023-11-20 16:21:35.264 [info] Keybindings (Personal): No changes found during synchronizing keybindings.
2023-11-20 16:21:35.266 [info] Snippets (Personal): No changes found during synchronizing snippets.
2023-11-20 16:21:35.268 [info] Tasks (Personal): No changes found during synchronizing tasks.
2023-11-20 16:21:35.270 [info] GlobalState (Personal): No changes found during synchronizing ui state.
2023-11-20 16:21:35.315 [info] Extensions (Personal): No changes found during synchronizing extensions.
2023-11-20 16:21:35.315 [info] Sync done. Took 344ms
2023-11-20 16:21:54.426 [info] Auto Sync: Triggered by Activity
2023-11-20 16:21:54.426 [info] Sync started.
2023-11-20 16:21:54.583 [info] Settings: No changes found during synchronizing settings.
2023-11-20 16:21:54.585 [info] Keybindings: No changes found during synchronizing keybindings.
2023-11-20 16:21:54.586 [info] Snippets: No changes found during synchronizing snippets.
2023-11-20 16:21:54.588 [info] Tasks: No changes found during synchronizing tasks.
2023-11-20 16:21:54.590 [info] GlobalState: No changes found during synchronizing ui state.
2023-11-20 16:21:54.678 [info] Extensions: No changes found during synchronizing extensions.
2023-11-20 16:21:54.679 [info] Profiles: No changes found during synchronizing profiles.
2023-11-20 16:21:54.680 [info] Syncing profile. Personal
2023-11-20 16:21:54.681 [info] Settings (Personal): No changes found during synchronizing settings.
2023-11-20 16:21:54.683 [info] Keybindings (Personal): No changes found during synchronizing keybindings.
2023-11-20 16:21:54.685 [info] Snippets (Personal): No changes found during synchronizing snippets.
2023-11-20 16:21:54.686 [info] Tasks (Personal): No changes found during synchronizing tasks.
2023-11-20 16:21:54.688 [info] GlobalState (Personal): No changes found during synchronizing ui state.
2023-11-20 16:21:54.723 [info] Extensions (Personal): No changes found during synchronizing extensions.
2023-11-20 16:21:54.724 [info] Sync done. Took 298ms
2023-11-20 16:26:54.768 [info] Auto Sync: Triggered by Interval
2023-11-20 16:26:54.769 [info] Sync started.
2023-11-20 16:26:55.367 [info] Settings: No changes found during synchronizing settings.
2023-11-20 16:26:55.369 [info] Keybindings: No changes found during synchronizing keybindings.
2023-11-20 16:26:55.371 [info] Snippets: No changes found during synchronizing snippets.
2023-11-20 16:26:55.373 [info] Tasks: No changes found during synchronizing tasks.
2023-11-20 16:26:55.377 [info] GlobalState: No changes found during synchronizing ui state.
2023-11-20 16:26:55.478 [info] Extensions: No changes found during synchronizing extensions.
2023-11-20 16:26:55.479 [info] Profiles: No changes found during synchronizing profiles.
2023-11-20 16:26:55.480 [info] Syncing profile. Personal
2023-11-20 16:26:55.481 [info] Settings (Personal): No changes found during synchronizing settings.
2023-11-20 16:26:55.483 [info] Keybindings (Personal): No changes found during synchronizing keybindings.
2023-11-20 16:26:55.484 [info] Snippets (Personal): No changes found during synchronizing snippets.
2023-11-20 16:26:55.485 [info] Tasks (Personal): No changes found during synchronizing tasks.
2023-11-20 16:26:55.487 [info] GlobalState (Personal): No changes found during synchronizing ui state.
2023-11-20 16:26:55.526 [info] Extensions (Personal): No changes found during synchronizing extensions.
2023-11-20 16:26:55.527 [info] Sync done. Took 758ms
2023-11-20 16:27:45.547 [info] Auto Sync: Triggered by Activity
2023-11-20 16:27:45.548 [info] Sync started.
2023-11-20 16:27:45.718 [info] Settings: No changes found during synchronizing settings.
2023-11-20 16:27:45.721 [info] Keybindings: No changes found during synchronizing keybindings.
2023-11-20 16:27:45.723 [info] Snippets: No changes found during synchronizing snippets.
2023-11-20 16:27:45.725 [info] Tasks: No changes found during synchronizing tasks.
2023-11-20 16:27:45.727 [info] GlobalState: No changes found during synchronizing ui state.
2023-11-20 16:27:45.813 [info] Extensions: No changes found during synchronizing extensions.
2023-11-20 16:27:45.815 [info] Profiles: No changes found during synchronizing profiles.
2023-11-20 16:27:45.815 [info] Syncing profile. Personal
2023-11-20 16:27:45.817 [info] Settings (Personal): No changes found during synchronizing settings.
2023-11-20 16:27:45.819 [info] Keybindings (Personal): No changes found during synchronizing keybindings.
2023-11-20 16:27:45.821 [info] Snippets (Personal): No changes found during synchronizing snippets.
2023-11-20 16:27:45.822 [info] Tasks (Personal): No changes found during synchronizing tasks.
2023-11-20 16:27:45.824 [info] GlobalState (Personal): No changes found during synchronizing ui state.
2023-11-20 16:27:45.866 [info] Extensions (Personal): No changes found during synchronizing extensions.
2023-11-20 16:27:45.866 [info] Sync done. Took 320ms
2023-11-20 16:29:14.474 [info] Auto Sync: Triggered by Activity
2023-11-20 16:29:14.475 [info] Sync started.
2023-11-20 16:29:14.696 [info] Settings: No changes found during synchronizing settings.
2023-11-20 16:29:14.700 [info] Keybindings: No changes found during synchronizing keybindings.
2023-11-20 16:29:14.703 [info] Snippets: No changes found during synchronizing snippets.
2023-11-20 16:29:14.705 [info] Tasks: No changes found during synchronizing tasks.
2023-11-20 16:29:14.709 [info] GlobalState: No changes found during synchronizing ui state.
2023-11-20 16:29:14.793 [info] Extensions: No changes found during synchronizing extensions.
2023-11-20 16:29:14.794 [info] Profiles: No changes found during synchronizing profiles.
2023-11-20 16:29:14.795 [info] Syncing profile. Personal
2023-11-20 16:29:14.796 [info] Settings (Personal): No changes found during synchronizing settings.
2023-11-20 16:29:14.798 [info] Keybindings (Personal): No changes found during synchronizing keybindings.
2023-11-20 16:29:14.800 [info] Snippets (Personal): No changes found during synchronizing snippets.
2023-11-20 16:29:14.802 [info] Tasks (Personal): No changes found during synchronizing tasks.
2023-11-20 16:29:14.804 [info] GlobalState (Personal): No changes found during synchronizing ui state.
2023-11-20 16:29:14.846 [info] Extensions (Personal): No changes found during synchronizing extensions.
2023-11-20 16:29:14.847 [info] Sync done. Took 375ms
2023-11-20 16:30:52.008 [info] Auto Sync: Triggered by Activity
2023-11-20 16:30:52.008 [info] Sync started.
2023-11-20 16:30:52.167 [info] Settings: No changes found during synchronizing settings.
2023-11-20 16:30:52.169 [info] Keybindings: No changes found during synchronizing keybindings.
2023-11-20 16:30:52.171 [info] Snippets: No changes found during synchronizing snippets.
2023-11-20 16:30:52.173 [info] Tasks: No changes found during synchronizing tasks.
2023-11-20 16:30:52.176 [info] GlobalState: No changes found during synchronizing ui state.
2023-11-20 16:30:52.267 [info] Extensions: No changes found during synchronizing extensions.
2023-11-20 16:30:52.269 [info] Profiles: No changes found during synchronizing profiles.
2023-11-20 16:30:52.270 [info] Syncing profile. Personal
2023-11-20 16:30:52.271 [info] Settings (Personal): No changes found during synchronizing settings.
2023-11-20 16:30:52.273 [info] Keybindings (Personal): No changes found during synchronizing keybindings.
2023-11-20 16:30:52.275 [info] Snippets (Personal): No changes found during synchronizing snippets.
2023-11-20 16:30:52.276 [info] Tasks (Personal): No changes found during synchronizing tasks.
2023-11-20 16:30:52.278 [info] GlobalState (Personal): No changes found during synchronizing ui state.
2023-11-20 16:30:52.316 [info] Extensions (Personal): No changes found during synchronizing extensions.
2023-11-20 16:30:52.317 [info] Sync done. Took 309ms
2023-11-20 16:35:52.321 [info] Auto Sync: Triggered by Interval
2023-11-20 16:35:52.321 [info] Sync started.
2023-11-20 16:35:52.905 [info] Settings: No changes found during synchronizing settings.
2023-11-20 16:35:52.909 [info] Keybindings: No changes found during synchronizing keybindings.
2023-11-20 16:35:52.913 [info] Snippets: No changes found during synchronizing snippets.
2023-11-20 16:35:52.916 [info] Tasks: No changes found during synchronizing tasks.
2023-11-20 16:35:52.920 [info] GlobalState: No changes found during synchronizing ui state.
2023-11-20 16:35:53.022 [info] Extensions: No changes found during synchronizing extensions.
2023-11-20 16:35:53.023 [info] Profiles: No changes found during synchronizing profiles.
2023-11-20 16:35:53.024 [info] Syncing profile. Personal
2023-11-20 16:35:53.025 [info] Settings (Personal): No changes found during synchronizing settings.
2023-11-20 16:35:53.027 [info] Keybindings (Personal): No changes found during synchronizing keybindings.
2023-11-20 16:35:53.029 [info] Snippets (Personal): No changes found during synchronizing snippets.
2023-11-20 16:35:53.031 [info] Tasks (Personal): No changes found during synchronizing tasks.
2023-11-20 16:35:53.033 [info] GlobalState (Personal): No changes found during synchronizing ui state.
2023-11-20 16:35:53.070 [info] Extensions (Personal): No changes found during synchronizing extensions.
2023-11-20 16:35:53.070 [info] Sync done. Took 749ms
2023-11-20 16:38:12.765 [info] Auto Sync: Triggered by Activity
2023-11-20 16:38:12.765 [info] Sync started.
2023-11-20 16:38:13.334 [info] Settings: No changes found during synchronizing settings.
2023-11-20 16:38:13.336 [info] Keybindings: No changes found during synchronizing keybindings.
2023-11-20 16:38:13.338 [info] Snippets: No changes found during synchronizing snippets.
2023-11-20 16:38:13.340 [info] Tasks: No changes found during synchronizing tasks.
2023-11-20 16:38:13.343 [info] GlobalState: No changes found during synchronizing ui state.
2023-11-20 16:38:13.428 [info] Extensions: No changes found during synchronizing extensions.
2023-11-20 16:38:13.429 [info] Profiles: No changes found during synchronizing profiles.
2023-11-20 16:38:13.430 [info] Syncing profile. Personal
2023-11-20 16:38:13.431 [info] Settings (Personal): No changes found during synchronizing settings.
2023-11-20 16:38:13.433 [info] Keybindings (Personal): No changes found during synchronizing keybindings.
2023-11-20 16:38:13.435 [info] Snippets (Personal): No changes found during synchronizing snippets.
2023-11-20 16:38:13.436 [info] Tasks (Personal): No changes found during synchronizing tasks.
2023-11-20 16:38:13.438 [info] GlobalState (Personal): No changes found during synchronizing ui state.
2023-11-20 16:38:13.472 [info] Extensions (Personal): No changes found during synchronizing extensions.
2023-11-20 16:38:13.473 [info] Sync done. Took 708ms
2023-11-20 16:43:13.477 [info] Auto Sync: Triggered by Interval
2023-11-20 16:43:13.477 [info] Sync started.
2023-11-20 16:43:14.054 [info] Settings: No changes found during synchronizing settings.
2023-11-20 16:43:14.056 [info] Keybindings: No changes found during synchronizing keybindings.
2023-11-20 16:43:14.057 [info] Snippets: No changes found during synchronizing snippets.
2023-11-20 16:43:14.059 [info] Tasks: No changes found during synchronizing tasks.
2023-11-20 16:43:14.062 [info] GlobalState: No changes found during synchronizing ui state.
2023-11-20 16:43:14.160 [info] Extensions: No changes found during synchronizing extensions.
2023-11-20 16:43:14.161 [info] Profiles: No changes found during synchronizing profiles.
2023-11-20 16:43:14.162 [info] Syncing profile. Personal
2023-11-20 16:43:14.163 [info] Settings (Personal): No changes found during synchronizing settings.
2023-11-20 16:43:14.165 [info] Keybindings (Personal): No changes found during synchronizing keybindings.
2023-11-20 16:43:14.166 [info] Snippets (Personal): No changes found during synchronizing snippets.
2023-11-20 16:43:14.168 [info] Tasks (Personal): No changes found during synchronizing tasks.
2023-11-20 16:43:14.169 [info] GlobalState (Personal): No changes found during synchronizing ui state.
2023-11-20 16:43:14.210 [info] Extensions (Personal): No changes found during synchronizing extensions.
2023-11-20 16:43:14.210 [info] Sync done. Took 734ms
2023-11-20 16:48:14.212 [info] Auto Sync: Triggered by Interval
2023-11-20 16:48:14.212 [info] Sync started.
2023-11-20 16:48:14.765 [info] Settings: No changes found during synchronizing settings.
2023-11-20 16:48:14.768 [info] Keybindings: No changes found during synchronizing keybindings.
2023-11-20 16:48:14.769 [info] Snippets: No changes found during synchronizing snippets.
2023-11-20 16:48:14.771 [info] Tasks: No changes found during synchronizing tasks.
2023-11-20 16:48:14.774 [info] GlobalState: No changes found during synchronizing ui state.
2023-11-20 16:48:14.872 [info] Extensions: No changes found during synchronizing extensions.
2023-11-20 16:48:14.873 [info] Profiles: No changes found during synchronizing profiles.
2023-11-20 16:48:14.874 [info] Syncing profile. Personal
2023-11-20 16:48:14.875 [info] Settings (Personal): No changes found during synchronizing settings.
2023-11-20 16:48:14.877 [info] Keybindings (Personal): No changes found during synchronizing keybindings.
2023-11-20 16:48:14.879 [info] Snippets (Personal): No changes found during synchronizing snippets.
2023-11-20 16:48:14.880 [info] Tasks (Personal): No changes found during synchronizing tasks.
2023-11-20 16:48:14.882 [info] GlobalState (Personal): No changes found during synchronizing ui state.
2023-11-20 16:48:14.917 [info] Extensions (Personal): No changes found during synchronizing extensions.
2023-11-20 16:48:14.918 [info] Sync done. Took 707ms
2023-11-20 16:53:14.923 [info] Auto Sync: Triggered by Interval
2023-11-20 16:53:14.923 [info] Sync started.
2023-11-20 16:53:15.477 [info] Settings: No changes found during synchronizing settings.
2023-11-20 16:53:15.479 [info] Keybindings: No changes found during synchronizing keybindings.
2023-11-20 16:53:15.482 [info] Snippets: No changes found during synchronizing snippets.
2023-11-20 16:53:15.483 [info] Tasks: No changes found during synchronizing tasks.
2023-11-20 16:53:15.487 [info] GlobalState: No changes found during synchronizing ui state.
2023-11-20 16:53:15.576 [info] Extensions: No changes found during synchronizing extensions.
2023-11-20 16:53:15.576 [info] Profiles: No changes found during synchronizing profiles.
2023-11-20 16:53:15.577 [info] Syncing profile. Personal
2023-11-20 16:53:15.578 [info] Settings (Personal): No changes found during synchronizing settings.
2023-11-20 16:53:15.580 [info] Keybindings (Personal): No changes found during synchronizing keybindings.
2023-11-20 16:53:15.582 [info] Snippets (Personal): No changes found during synchronizing snippets.
2023-11-20 16:53:15.583 [info] Tasks (Personal): No changes found during synchronizing tasks.
2023-11-20 16:53:15.585 [info] GlobalState (Personal): No changes found during synchronizing ui state.
2023-11-20 16:53:15.640 [info] Extensions (Personal): No changes found during synchronizing extensions.
2023-11-20 16:53:15.640 [info] Sync done. Took 719ms
