2023-11-21 15:25:58.808 [info] Log level: Info
2023-11-21 15:25:58.808 [info] Validating found git in: "git"
2023-11-21 15:25:58.808 [info] Using git "2.42.0" from "git"
2023-11-21 15:25:58.809 [info] > git rev-parse --show-toplevel [124ms]
2023-11-21 15:25:58.809 [info] fatal: not a git repository (or any parent up to mount point /)
Stopping at filesystem boundary (GIT_DISCOVERY_ACROSS_FILESYSTEM not set).
2023-11-21 15:25:58.809 [info] > git rev-parse --show-toplevel [3ms]
2023-11-21 15:25:58.809 [info] fatal: not a git repository (or any parent up to mount point /)
Stopping at filesystem boundary (GIT_DISCOVERY_ACROSS_FILESYSTEM not set).
2023-11-21 15:25:58.809 [info] > git rev-parse --show-toplevel [1ms]
2023-11-21 15:25:58.809 [info] fatal: not a git repository (or any parent up to mount point /)
Stopping at filesystem boundary (GIT_DISCOVERY_ACROSS_FILESYSTEM not set).
2023-11-21 15:25:58.815 [info] > git rev-parse --show-toplevel [1ms]
2023-11-21 15:25:58.815 [info] fatal: not a git repository (or any parent up to mount point /)
Stopping at filesystem boundary (GIT_DISCOVERY_ACROSS_FILESYSTEM not set).
2023-11-21 15:25:58.827 [info] > git rev-parse --show-toplevel [7ms]
2023-11-21 15:25:58.827 [info] fatal: not a git repository (or any parent up to mount point /)
Stopping at filesystem boundary (GIT_DISCOVERY_ACROSS_FILESYSTEM not set).
2023-11-21 15:25:58.834 [info] > git rev-parse --show-toplevel [1ms]
2023-11-21 15:25:58.834 [info] fatal: not a git repository (or any parent up to mount point /)
Stopping at filesystem boundary (GIT_DISCOVERY_ACROSS_FILESYSTEM not set).
2023-11-21 15:25:58.842 [info] > git rev-parse --show-toplevel [1ms]
2023-11-21 15:25:58.843 [info] fatal: not a git repository (or any parent up to mount point /)
Stopping at filesystem boundary (GIT_DISCOVERY_ACROSS_FILESYSTEM not set).
2023-11-21 15:25:58.851 [info] > git rev-parse --show-toplevel [1ms]
2023-11-21 15:25:58.851 [info] fatal: not a git repository (or any parent up to mount point /)
Stopping at filesystem boundary (GIT_DISCOVERY_ACROSS_FILESYSTEM not set).
2023-11-21 15:25:58.860 [info] > git rev-parse --show-toplevel [4ms]
2023-11-21 15:25:58.860 [info] fatal: not a git repository (or any parent up to mount point /)
Stopping at filesystem boundary (GIT_DISCOVERY_ACROSS_FILESYSTEM not set).
2023-11-21 15:25:58.867 [info] > git rev-parse --show-toplevel [1ms]
2023-11-21 15:25:58.867 [info] fatal: not a git repository (or any parent up to mount point /)
Stopping at filesystem boundary (GIT_DISCOVERY_ACROSS_FILESYSTEM not set).
2023-11-21 15:25:58.905 [info] > git rev-parse --show-toplevel [10ms]
2023-11-21 15:25:58.905 [info] fatal: not a git repository (or any parent up to mount point /)
Stopping at filesystem boundary (GIT_DISCOVERY_ACROSS_FILESYSTEM not set).
2023-11-21 15:25:58.923 [info] > git rev-parse --show-toplevel [4ms]
2023-11-21 15:25:58.923 [info] fatal: not a git repository (or any parent up to mount point /)
Stopping at filesystem boundary (GIT_DISCOVERY_ACROSS_FILESYSTEM not set).
2023-11-21 15:25:58.940 [info] > git rev-parse --show-toplevel [1ms]
2023-11-21 15:25:58.940 [info] fatal: not a git repository (or any parent up to mount point /)
Stopping at filesystem boundary (GIT_DISCOVERY_ACROSS_FILESYSTEM not set).
2023-11-21 15:25:58.948 [info] > git rev-parse --show-toplevel [1ms]
2023-11-21 15:25:58.948 [info] fatal: not a git repository (or any parent up to mount point /)
Stopping at filesystem boundary (GIT_DISCOVERY_ACROSS_FILESYSTEM not set).
2023-11-21 15:25:58.955 [info] > git rev-parse --show-toplevel [1ms]
2023-11-21 15:25:58.955 [info] fatal: not a git repository (or any parent up to mount point /)
Stopping at filesystem boundary (GIT_DISCOVERY_ACROSS_FILESYSTEM not set).
2023-11-21 15:25:58.961 [info] > git rev-parse --show-toplevel [1ms]
2023-11-21 15:25:58.961 [info] fatal: not a git repository (or any parent up to mount point /)
Stopping at filesystem boundary (GIT_DISCOVERY_ACROSS_FILESYSTEM not set).
2023-11-21 15:25:58.967 [info] > git rev-parse --show-toplevel [1ms]
2023-11-21 15:25:58.967 [info] fatal: not a git repository (or any parent up to mount point /)
Stopping at filesystem boundary (GIT_DISCOVERY_ACROSS_FILESYSTEM not set).
2023-11-21 15:25:58.973 [info] > git rev-parse --show-toplevel [1ms]
2023-11-21 15:25:58.973 [info] fatal: not a git repository (or any parent up to mount point /)
Stopping at filesystem boundary (GIT_DISCOVERY_ACROSS_FILESYSTEM not set).
2023-11-21 15:25:59.002 [info] > git rev-parse --show-toplevel [23ms]
2023-11-21 15:25:59.002 [info] fatal: not a git repository (or any parent up to mount point /)
Stopping at filesystem boundary (GIT_DISCOVERY_ACROSS_FILESYSTEM not set).
2023-11-21 15:25:59.986 [info] > git rev-parse --show-toplevel [590ms]
2023-11-21 15:25:59.986 [info] fatal: not a git repository (or any parent up to mount point /)
Stopping at filesystem boundary (GIT_DISCOVERY_ACROSS_FILESYSTEM not set).
2023-11-21 15:26:00.084 [info] > git rev-parse --show-toplevel [11ms]
2023-11-21 15:26:00.084 [info] fatal: not a git repository (or any parent up to mount point /)
Stopping at filesystem boundary (GIT_DISCOVERY_ACROSS_FILESYSTEM not set).
2023-11-21 15:26:00.129 [info] > git rev-parse --show-toplevel [6ms]
2023-11-21 15:26:00.129 [info] fatal: not a git repository (or any parent up to mount point /)
Stopping at filesystem boundary (GIT_DISCOVERY_ACROSS_FILESYSTEM not set).
2023-11-21 15:26:00.162 [info] > git rev-parse --show-toplevel [10ms]
2023-11-21 15:26:00.162 [info] fatal: not a git repository (or any parent up to mount point /)
Stopping at filesystem boundary (GIT_DISCOVERY_ACROSS_FILESYSTEM not set).
2023-11-21 15:26:00.179 [info] > git rev-parse --show-toplevel [4ms]
2023-11-21 15:26:00.179 [info] fatal: not a git repository (or any parent up to mount point /)
Stopping at filesystem boundary (GIT_DISCOVERY_ACROSS_FILESYSTEM not set).
2023-11-21 15:26:00.311 [info] > git rev-parse --show-toplevel [121ms]
2023-11-21 15:26:00.311 [info] fatal: not a git repository (or any parent up to mount point /)
Stopping at filesystem boundary (GIT_DISCOVERY_ACROSS_FILESYSTEM not set).
2023-11-21 15:26:00.327 [info] > git rev-parse --show-toplevel [6ms]
2023-11-21 15:26:00.327 [info] fatal: not a git repository (or any parent up to mount point /)
Stopping at filesystem boundary (GIT_DISCOVERY_ACROSS_FILESYSTEM not set).
2023-11-21 15:26:00.342 [info] > git rev-parse --show-toplevel [3ms]
2023-11-21 15:26:00.342 [info] fatal: not a git repository (or any parent up to mount point /)
Stopping at filesystem boundary (GIT_DISCOVERY_ACROSS_FILESYSTEM not set).
2023-11-21 15:26:00.389 [info] > git rev-parse --show-toplevel [16ms]
2023-11-21 15:26:00.389 [info] fatal: not a git repository (or any parent up to mount point /)
Stopping at filesystem boundary (GIT_DISCOVERY_ACROSS_FILESYSTEM not set).
2023-11-21 15:26:00.457 [info] > git rev-parse --show-toplevel [56ms]
2023-11-21 15:26:00.457 [info] fatal: not a git repository (or any parent up to mount point /)
Stopping at filesystem boundary (GIT_DISCOVERY_ACROSS_FILESYSTEM not set).
2023-11-21 15:26:00.480 [info] > git rev-parse --show-toplevel [11ms]
2023-11-21 15:26:00.480 [info] fatal: not a git repository (or any parent up to mount point /)
Stopping at filesystem boundary (GIT_DISCOVERY_ACROSS_FILESYSTEM not set).
2023-11-21 15:26:00.490 [info] > git rev-parse --show-toplevel [2ms]
2023-11-21 15:26:00.490 [info] fatal: not a git repository (or any parent up to mount point /)
Stopping at filesystem boundary (GIT_DISCOVERY_ACROSS_FILESYSTEM not set).
2023-11-21 15:26:00.505 [info] > git rev-parse --show-toplevel [3ms]
2023-11-21 15:26:00.505 [info] fatal: not a git repository (or any parent up to mount point /)
Stopping at filesystem boundary (GIT_DISCOVERY_ACROSS_FILESYSTEM not set).
2023-11-21 15:26:00.516 [info] > git rev-parse --show-toplevel [1ms]
2023-11-21 15:26:00.516 [info] fatal: not a git repository (or any parent up to mount point /)
Stopping at filesystem boundary (GIT_DISCOVERY_ACROSS_FILESYSTEM not set).
2023-11-21 15:26:00.532 [info] > git rev-parse --show-toplevel [6ms]
2023-11-21 15:26:00.532 [info] fatal: not a git repository (or any parent up to mount point /)
Stopping at filesystem boundary (GIT_DISCOVERY_ACROSS_FILESYSTEM not set).
2023-11-21 15:26:00.544 [info] > git rev-parse --show-toplevel [1ms]
2023-11-21 15:26:00.544 [info] fatal: not a git repository (or any parent up to mount point /)
Stopping at filesystem boundary (GIT_DISCOVERY_ACROSS_FILESYSTEM not set).
2023-11-21 15:26:00.571 [info] > git rev-parse --show-toplevel [13ms]
2023-11-21 15:26:00.571 [info] fatal: not a git repository (or any parent up to mount point /)
Stopping at filesystem boundary (GIT_DISCOVERY_ACROSS_FILESYSTEM not set).
2023-11-21 15:26:00.584 [info] > git rev-parse --show-toplevel [2ms]
2023-11-21 15:26:00.584 [info] fatal: not a git repository (or any parent up to mount point /)
Stopping at filesystem boundary (GIT_DISCOVERY_ACROSS_FILESYSTEM not set).
2023-11-21 15:26:00.596 [info] > git rev-parse --show-toplevel [1ms]
2023-11-21 15:26:00.596 [info] fatal: not a git repository (or any parent up to mount point /)
Stopping at filesystem boundary (GIT_DISCOVERY_ACROSS_FILESYSTEM not set).
2023-11-21 15:26:13.766 [info] > git rev-parse --show-toplevel [2ms]
2023-11-21 15:26:13.766 [info] fatal: not a git repository (or any parent up to mount point /)
Stopping at filesystem boundary (GIT_DISCOVERY_ACROSS_FILESYSTEM not set).
2023-11-21 15:27:21.871 [info] > git rev-parse --show-toplevel [3ms]
2023-11-21 15:27:21.871 [info] fatal: not a git repository (or any parent up to mount point /)
Stopping at filesystem boundary (GIT_DISCOVERY_ACROSS_FILESYSTEM not set).
2023-11-21 15:27:30.694 [info] > git rev-parse --show-toplevel [3ms]
2023-11-21 15:27:30.694 [info] fatal: not a git repository (or any parent up to mount point /)
Stopping at filesystem boundary (GIT_DISCOVERY_ACROSS_FILESYSTEM not set).
2023-11-21 15:27:30.900 [info] > git rev-parse --show-toplevel [3ms]
2023-11-21 15:27:30.900 [info] fatal: not a git repository (or any parent up to mount point /)
Stopping at filesystem boundary (GIT_DISCOVERY_ACROSS_FILESYSTEM not set).
2023-11-21 15:27:32.135 [info] > git rev-parse --show-toplevel [2ms]
2023-11-21 15:27:32.135 [info] fatal: not a git repository (or any parent up to mount point /)
Stopping at filesystem boundary (GIT_DISCOVERY_ACROSS_FILESYSTEM not set).
2023-11-21 15:27:32.496 [info] > git rev-parse --show-toplevel [3ms]
2023-11-21 15:27:32.496 [info] fatal: not a git repository (or any parent up to mount point /)
Stopping at filesystem boundary (GIT_DISCOVERY_ACROSS_FILESYSTEM not set).
2023-11-21 15:27:34.308 [info] > git rev-parse --show-toplevel [5ms]
2023-11-21 15:27:34.308 [info] fatal: not a git repository (or any parent up to mount point /)
Stopping at filesystem boundary (GIT_DISCOVERY_ACROSS_FILESYSTEM not set).
2023-11-21 15:30:10.961 [info] > git rev-parse --show-toplevel [2ms]
2023-11-21 15:30:10.961 [info] fatal: not a git repository (or any parent up to mount point /)
Stopping at filesystem boundary (GIT_DISCOVERY_ACROSS_FILESYSTEM not set).
2023-11-21 15:32:02.099 [info] > git rev-parse --show-toplevel [4ms]
2023-11-21 15:32:02.099 [info] fatal: not a git repository (or any parent up to mount point /)
Stopping at filesystem boundary (GIT_DISCOVERY_ACROSS_FILESYSTEM not set).
2023-11-21 15:32:02.983 [info] > git rev-parse --show-toplevel [3ms]
2023-11-21 15:32:02.983 [info] fatal: not a git repository (or any parent up to mount point /)
Stopping at filesystem boundary (GIT_DISCOVERY_ACROSS_FILESYSTEM not set).
2023-11-21 15:32:03.977 [info] > git rev-parse --show-toplevel [2ms]
2023-11-21 15:32:03.977 [info] fatal: not a git repository (or any parent up to mount point /)
Stopping at filesystem boundary (GIT_DISCOVERY_ACROSS_FILESYSTEM not set).
2023-11-21 15:33:03.812 [info] > git rev-parse --show-toplevel [2ms]
2023-11-21 15:33:03.812 [info] fatal: not a git repository (or any parent up to mount point /)
Stopping at filesystem boundary (GIT_DISCOVERY_ACROSS_FILESYSTEM not set).
2023-11-21 15:33:05.602 [info] > git rev-parse --show-toplevel [2ms]
2023-11-21 15:33:05.602 [info] fatal: not a git repository (or any parent up to mount point /)
Stopping at filesystem boundary (GIT_DISCOVERY_ACROSS_FILESYSTEM not set).
2023-11-21 15:33:13.129 [info] > git rev-parse --show-toplevel [2ms]
2023-11-21 15:33:13.129 [info] fatal: not a git repository (or any parent up to mount point /)
Stopping at filesystem boundary (GIT_DISCOVERY_ACROSS_FILESYSTEM not set).
2023-11-21 15:33:14.136 [info] > git rev-parse --show-toplevel [3ms]
2023-11-21 15:33:14.136 [info] fatal: not a git repository (or any parent up to mount point /)
Stopping at filesystem boundary (GIT_DISCOVERY_ACROSS_FILESYSTEM not set).
2023-11-21 15:33:22.202 [info] > git rev-parse --show-toplevel [3ms]
2023-11-21 15:33:22.202 [info] fatal: not a git repository (or any parent up to mount point /)
Stopping at filesystem boundary (GIT_DISCOVERY_ACROSS_FILESYSTEM not set).
2023-11-21 15:35:15.727 [info] > git rev-parse --show-toplevel [2ms]
2023-11-21 15:35:15.728 [info] fatal: not a git repository (or any parent up to mount point /)
Stopping at filesystem boundary (GIT_DISCOVERY_ACROSS_FILESYSTEM not set).
2023-11-21 15:35:17.026 [info] > git rev-parse --show-toplevel [2ms]
2023-11-21 15:35:17.026 [info] fatal: not a git repository (or any parent up to mount point /)
Stopping at filesystem boundary (GIT_DISCOVERY_ACROSS_FILESYSTEM not set).
2023-11-21 15:35:18.300 [info] > git rev-parse --show-toplevel [2ms]
2023-11-21 15:35:18.300 [info] fatal: not a git repository (or any parent up to mount point /)
Stopping at filesystem boundary (GIT_DISCOVERY_ACROSS_FILESYSTEM not set).
2023-11-21 15:36:43.724 [info] > git rev-parse --show-toplevel [2ms]
2023-11-21 15:36:43.724 [info] fatal: not a git repository (or any parent up to mount point /)
Stopping at filesystem boundary (GIT_DISCOVERY_ACROSS_FILESYSTEM not set).
2023-11-21 15:39:19.532 [info] > git rev-parse --show-toplevel [2ms]
2023-11-21 15:39:19.532 [info] fatal: not a git repository (or any parent up to mount point /)
Stopping at filesystem boundary (GIT_DISCOVERY_ACROSS_FILESYSTEM not set).
2023-11-21 15:40:10.285 [info] > git rev-parse --show-toplevel [2ms]
2023-11-21 15:40:10.285 [info] fatal: not a git repository (or any parent up to mount point /)
Stopping at filesystem boundary (GIT_DISCOVERY_ACROSS_FILESYSTEM not set).
2023-11-21 15:40:41.570 [info] > git rev-parse --show-toplevel [3ms]
2023-11-21 15:40:41.570 [info] fatal: not a git repository (or any parent up to mount point /)
Stopping at filesystem boundary (GIT_DISCOVERY_ACROSS_FILESYSTEM not set).
2023-11-21 15:41:33.694 [info] > git rev-parse --show-toplevel [1ms]
2023-11-21 15:41:33.707 [info] > git rev-parse --git-dir --git-common-dir [2ms]
2023-11-21 15:41:33.716 [info] Open repository: /home/bruno/.config/tmux/plugins/tmux-resurrect
2023-11-21 15:41:33.741 [info] > git config --get commit.template [12ms]
2023-11-21 15:41:33.754 [info] > git for-each-ref --format=%(refname)%00%(upstream:short)%00%(objectname)%00%(upstream:track)%00%(upstream:remotename)%00%(upstream:remoteref) refs/heads/master refs/remotes/master [13ms]
2023-11-21 15:41:33.768 [info] > git status -z -uall [3ms]
2023-11-21 15:41:33.784 [info] > git config --get commit.template [1ms]
2023-11-21 15:41:33.827 [info] > git for-each-ref --format=%(refname)%00%(upstream:short)%00%(objectname)%00%(upstream:track)%00%(upstream:remotename)%00%(upstream:remoteref) refs/heads/master refs/remotes/master [32ms]
2023-11-21 15:41:33.839 [info] > git status -z -uall [1ms]
2023-11-21 15:41:33.862 [info] > git config --local branch.master.github-pr-owner-number [9ms]
2023-11-21 15:41:33.884 [info] > git config --get commit.template [11ms]
2023-11-21 15:41:33.884 [info] > git for-each-ref --format=%(refname)%00%(upstream:short)%00%(objectname)%00%(upstream:track)%00%(upstream:remotename)%00%(upstream:remoteref) refs/heads/master refs/remotes/master [1ms]
2023-11-21 15:41:33.895 [info] > git status -z -uall [1ms]
2023-11-21 15:41:33.907 [info] > git config --local branch.master.remote [1ms]
2023-11-21 15:41:33.931 [info] > git config --get commit.template [12ms]
2023-11-21 15:41:33.931 [info] > git for-each-ref --format=%(refname)%00%(upstream:short)%00%(objectname)%00%(upstream:track)%00%(upstream:remotename)%00%(upstream:remoteref) refs/heads/master refs/remotes/master [1ms]
2023-11-21 15:41:33.943 [info] > git status -z -uall [1ms]
2023-11-21 15:41:34.291 [info] > git check-ignore -v -z --stdin [1ms]
2023-11-21 15:41:39.277 [info] > git fetch [938ms]
2023-11-21 15:41:39.277 [info] Missing or invalid credentials.
Skip silent fetch commands
git@github.com: Permission denied (publickey).
fatal: Could not read from remote repository.

Please make sure you have the correct access rights
and the repository exists.
2023-11-21 15:41:39.299 [info] > git config --get commit.template [11ms]
2023-11-21 15:41:39.300 [info] > git for-each-ref --format=%(refname)%00%(upstream:short)%00%(objectname)%00%(upstream:track)%00%(upstream:remotename)%00%(upstream:remoteref) refs/heads/master refs/remotes/master [2ms]
2023-11-21 15:41:39.313 [info] > git status -z -uall [3ms]
2023-11-21 15:41:39.330 [info] > git config --local branch.master.github-pr-owner-number [1ms]
2023-11-21 15:41:39.353 [info] > git config --get commit.template [12ms]
2023-11-21 15:41:39.354 [info] > git for-each-ref --format=%(refname)%00%(upstream:short)%00%(objectname)%00%(upstream:track)%00%(upstream:remotename)%00%(upstream:remoteref) refs/heads/master refs/remotes/master [1ms]
2023-11-21 15:41:39.368 [info] > git status -z -uall [3ms]
2023-11-21 15:41:39.915 [info] > git rev-parse --show-toplevel [5ms]
2023-11-21 15:41:45.527 [info] > git config --get commit.template [12ms]
2023-11-21 15:41:45.528 [info] > git for-each-ref --format=%(refname)%00%(upstream:short)%00%(objectname)%00%(upstream:track)%00%(upstream:remotename)%00%(upstream:remoteref) refs/heads/master refs/remotes/master [1ms]
2023-11-21 15:41:45.542 [info] > git status -z -uall [3ms]
2023-11-21 15:41:46.091 [info] > git rev-parse --show-toplevel [5ms]
2023-11-21 15:42:19.005 [info] > git rev-parse --show-toplevel [2ms]
2023-11-21 15:42:19.005 [info] fatal: not a git repository (or any parent up to mount point /)
Stopping at filesystem boundary (GIT_DISCOVERY_ACROSS_FILESYSTEM not set).
2023-11-21 15:42:22.094 [info] > git rev-parse --show-toplevel [2ms]
2023-11-21 15:42:22.094 [info] fatal: not a git repository (or any parent up to mount point /)
Stopping at filesystem boundary (GIT_DISCOVERY_ACROSS_FILESYSTEM not set).
2023-11-21 15:46:33.732 [info] > git config --local branch.master.github-pr-owner-number [1ms]
2023-11-21 15:46:33.755 [info] > git config --get commit.template [12ms]
2023-11-21 15:46:33.756 [info] > git for-each-ref --format=%(refname)%00%(upstream:short)%00%(objectname)%00%(upstream:track)%00%(upstream:remotename)%00%(upstream:remoteref) refs/heads/master refs/remotes/master [2ms]
2023-11-21 15:46:33.771 [info] > git status -z -uall [4ms]
2023-11-21 15:46:34.288 [info] > git rev-parse --show-toplevel [2ms]
2023-11-21 15:48:43.396 [info] > git fetch [965ms]
2023-11-21 15:48:43.396 [info] Missing or invalid credentials.
Skip silent fetch commands
git@github.com: Permission denied (publickey).
fatal: Could not read from remote repository.

Please make sure you have the correct access rights
and the repository exists.
2023-11-21 15:48:43.419 [info] > git config --get commit.template [12ms]
2023-11-21 15:48:43.420 [info] > git for-each-ref --format=%(refname)%00%(upstream:short)%00%(objectname)%00%(upstream:track)%00%(upstream:remotename)%00%(upstream:remoteref) refs/heads/master refs/remotes/master [1ms]
2023-11-21 15:48:43.433 [info] > git status -z -uall [2ms]
2023-11-21 15:48:43.964 [info] > git rev-parse --show-toplevel [2ms]
2023-11-21 15:48:55.244 [info] > git rev-parse --show-toplevel [2ms]
2023-11-21 15:48:55.244 [info] fatal: not a git repository (or any parent up to mount point /)
Stopping at filesystem boundary (GIT_DISCOVERY_ACROSS_FILESYSTEM not set).
2023-11-21 15:49:01.997 [info] > git rev-parse --show-toplevel [4ms]
2023-11-21 15:49:01.997 [info] fatal: not a git repository (or any parent up to mount point /)
Stopping at filesystem boundary (GIT_DISCOVERY_ACROSS_FILESYSTEM not set).
2023-11-21 15:49:40.856 [info] Log level: Info
2023-11-21 15:49:40.856 [info] Validating found git in: "git"
2023-11-21 15:49:40.856 [info] Using git "2.42.0" from "git"
2023-11-21 15:49:40.856 [info] > git rev-parse --show-toplevel [41ms]
2023-11-21 15:49:40.856 [info] fatal: not a git repository (or any parent up to mount point /)
Stopping at filesystem boundary (GIT_DISCOVERY_ACROSS_FILESYSTEM not set).
2023-11-21 15:49:40.858 [info] > git rev-parse --show-toplevel [13ms]
2023-11-21 15:49:40.858 [info] fatal: not a git repository (or any parent up to mount point /)
Stopping at filesystem boundary (GIT_DISCOVERY_ACROSS_FILESYSTEM not set).
2023-11-21 15:49:41.773 [info] > git rev-parse --show-toplevel [613ms]
2023-11-21 15:49:41.773 [info] fatal: not a git repository (or any parent up to mount point /)
Stopping at filesystem boundary (GIT_DISCOVERY_ACROSS_FILESYSTEM not set).
2023-11-21 15:49:41.893 [info] > git rev-parse --show-toplevel [46ms]
2023-11-21 15:49:41.893 [info] fatal: not a git repository (or any parent up to mount point /)
Stopping at filesystem boundary (GIT_DISCOVERY_ACROSS_FILESYSTEM not set).
2023-11-21 15:49:41.913 [info] > git rev-parse --show-toplevel [4ms]
2023-11-21 15:49:41.913 [info] fatal: not a git repository (or any parent up to mount point /)
Stopping at filesystem boundary (GIT_DISCOVERY_ACROSS_FILESYSTEM not set).
2023-11-21 15:49:41.952 [info] > git rev-parse --show-toplevel [6ms]
2023-11-21 15:49:41.952 [info] fatal: not a git repository (or any parent up to mount point /)
Stopping at filesystem boundary (GIT_DISCOVERY_ACROSS_FILESYSTEM not set).
2023-11-21 15:49:41.964 [info] > git rev-parse --show-toplevel [2ms]
2023-11-21 15:49:41.964 [info] fatal: not a git repository (or any parent up to mount point /)
Stopping at filesystem boundary (GIT_DISCOVERY_ACROSS_FILESYSTEM not set).
2023-11-21 15:49:42.071 [info] > git rev-parse --show-toplevel [97ms]
2023-11-21 15:49:42.071 [info] fatal: not a git repository (or any parent up to mount point /)
Stopping at filesystem boundary (GIT_DISCOVERY_ACROSS_FILESYSTEM not set).
2023-11-21 15:49:42.099 [info] > git rev-parse --show-toplevel [6ms]
2023-11-21 15:49:42.099 [info] fatal: not a git repository (or any parent up to mount point /)
Stopping at filesystem boundary (GIT_DISCOVERY_ACROSS_FILESYSTEM not set).
2023-11-21 15:49:42.123 [info] > git rev-parse --show-toplevel [14ms]
2023-11-21 15:49:42.123 [info] fatal: not a git repository (or any parent up to mount point /)
Stopping at filesystem boundary (GIT_DISCOVERY_ACROSS_FILESYSTEM not set).
2023-11-21 15:49:42.183 [info] > git rev-parse --show-toplevel [20ms]
2023-11-21 15:49:42.183 [info] fatal: not a git repository (or any parent up to mount point /)
Stopping at filesystem boundary (GIT_DISCOVERY_ACROSS_FILESYSTEM not set).
2023-11-21 15:49:42.275 [info] > git rev-parse --show-toplevel [79ms]
2023-11-21 15:49:42.275 [info] fatal: not a git repository (or any parent up to mount point /)
Stopping at filesystem boundary (GIT_DISCOVERY_ACROSS_FILESYSTEM not set).
2023-11-21 15:49:42.298 [info] > git rev-parse --show-toplevel [13ms]
2023-11-21 15:49:42.298 [info] fatal: not a git repository (or any parent up to mount point /)
Stopping at filesystem boundary (GIT_DISCOVERY_ACROSS_FILESYSTEM not set).
2023-11-21 15:49:42.314 [info] > git rev-parse --show-toplevel [3ms]
2023-11-21 15:49:42.314 [info] fatal: not a git repository (or any parent up to mount point /)
Stopping at filesystem boundary (GIT_DISCOVERY_ACROSS_FILESYSTEM not set).
2023-11-21 15:49:42.335 [info] > git rev-parse --show-toplevel [3ms]
2023-11-21 15:49:42.335 [info] fatal: not a git repository (or any parent up to mount point /)
Stopping at filesystem boundary (GIT_DISCOVERY_ACROSS_FILESYSTEM not set).
2023-11-21 15:49:42.347 [info] > git rev-parse --show-toplevel [2ms]
2023-11-21 15:49:42.347 [info] fatal: not a git repository (or any parent up to mount point /)
Stopping at filesystem boundary (GIT_DISCOVERY_ACROSS_FILESYSTEM not set).
2023-11-21 15:49:42.367 [info] > git rev-parse --show-toplevel [11ms]
2023-11-21 15:49:42.367 [info] fatal: not a git repository (or any parent up to mount point /)
Stopping at filesystem boundary (GIT_DISCOVERY_ACROSS_FILESYSTEM not set).
2023-11-21 15:49:42.381 [info] > git rev-parse --show-toplevel [1ms]
2023-11-21 15:49:42.381 [info] fatal: not a git repository (or any parent up to mount point /)
Stopping at filesystem boundary (GIT_DISCOVERY_ACROSS_FILESYSTEM not set).
2023-11-21 15:49:42.395 [info] > git rev-parse --show-toplevel [4ms]
2023-11-21 15:49:42.395 [info] fatal: not a git repository (or any parent up to mount point /)
Stopping at filesystem boundary (GIT_DISCOVERY_ACROSS_FILESYSTEM not set).
2023-11-21 15:49:42.408 [info] > git rev-parse --show-toplevel [4ms]
2023-11-21 15:49:42.408 [info] fatal: not a git repository (or any parent up to mount point /)
Stopping at filesystem boundary (GIT_DISCOVERY_ACROSS_FILESYSTEM not set).
2023-11-21 15:49:42.419 [info] > git rev-parse --show-toplevel [2ms]
2023-11-21 15:49:42.419 [info] fatal: not a git repository (or any parent up to mount point /)
Stopping at filesystem boundary (GIT_DISCOVERY_ACROSS_FILESYSTEM not set).
2023-11-21 15:49:42.430 [info] > git rev-parse --show-toplevel [1ms]
2023-11-21 15:49:42.430 [info] fatal: not a git repository (or any parent up to mount point /)
Stopping at filesystem boundary (GIT_DISCOVERY_ACROSS_FILESYSTEM not set).
2023-11-21 15:49:42.452 [info] > git rev-parse --show-toplevel [13ms]
2023-11-21 15:49:42.452 [info] fatal: not a git repository (or any parent up to mount point /)
Stopping at filesystem boundary (GIT_DISCOVERY_ACROSS_FILESYSTEM not set).
2023-11-21 15:49:42.465 [info] > git rev-parse --show-toplevel [3ms]
2023-11-21 15:49:42.465 [info] fatal: not a git repository (or any parent up to mount point /)
Stopping at filesystem boundary (GIT_DISCOVERY_ACROSS_FILESYSTEM not set).
2023-11-21 15:49:42.476 [info] > git rev-parse --show-toplevel [1ms]
2023-11-21 15:49:42.476 [info] fatal: not a git repository (or any parent up to mount point /)
Stopping at filesystem boundary (GIT_DISCOVERY_ACROSS_FILESYSTEM not set).
2023-11-21 15:49:42.486 [info] > git rev-parse --show-toplevel [1ms]
2023-11-21 15:49:42.486 [info] fatal: not a git repository (or any parent up to mount point /)
Stopping at filesystem boundary (GIT_DISCOVERY_ACROSS_FILESYSTEM not set).
2023-11-21 15:49:42.499 [info] > git rev-parse --show-toplevel [3ms]
2023-11-21 15:49:42.499 [info] fatal: not a git repository (or any parent up to mount point /)
Stopping at filesystem boundary (GIT_DISCOVERY_ACROSS_FILESYSTEM not set).
2023-11-21 15:49:42.509 [info] > git rev-parse --show-toplevel [1ms]
2023-11-21 15:49:42.509 [info] fatal: not a git repository (or any parent up to mount point /)
Stopping at filesystem boundary (GIT_DISCOVERY_ACROSS_FILESYSTEM not set).
2023-11-21 15:49:42.520 [info] > git rev-parse --show-toplevel [2ms]
2023-11-21 15:49:42.520 [info] fatal: not a git repository (or any parent up to mount point /)
Stopping at filesystem boundary (GIT_DISCOVERY_ACROSS_FILESYSTEM not set).
2023-11-21 15:49:42.551 [info] > git rev-parse --show-toplevel [22ms]
2023-11-21 15:49:42.551 [info] fatal: not a git repository (or any parent up to mount point /)
Stopping at filesystem boundary (GIT_DISCOVERY_ACROSS_FILESYSTEM not set).
2023-11-21 15:49:42.606 [info] > git rev-parse --show-toplevel [3ms]
2023-11-21 15:49:42.606 [info] fatal: not a git repository (or any parent up to mount point /)
Stopping at filesystem boundary (GIT_DISCOVERY_ACROSS_FILESYSTEM not set).
2023-11-21 15:49:42.688 [info] > git rev-parse --show-toplevel [71ms]
2023-11-21 15:49:42.688 [info] fatal: not a git repository (or any parent up to mount point /)
Stopping at filesystem boundary (GIT_DISCOVERY_ACROSS_FILESYSTEM not set).
2023-11-21 15:49:42.699 [info] > git rev-parse --show-toplevel [1ms]
2023-11-21 15:49:42.699 [info] fatal: not a git repository (or any parent up to mount point /)
Stopping at filesystem boundary (GIT_DISCOVERY_ACROSS_FILESYSTEM not set).
2023-11-21 15:49:42.712 [info] > git rev-parse --show-toplevel [1ms]
2023-11-21 15:49:42.712 [info] fatal: not a git repository (or any parent up to mount point /)
Stopping at filesystem boundary (GIT_DISCOVERY_ACROSS_FILESYSTEM not set).
2023-11-21 15:51:31.847 [info] > git rev-parse --show-toplevel [1ms]
2023-11-21 15:51:31.847 [info] fatal: not a git repository (or any parent up to mount point /)
Stopping at filesystem boundary (GIT_DISCOVERY_ACROSS_FILESYSTEM not set).
2023-11-21 15:59:33.843 [info] > git rev-parse --show-toplevel [4ms]
2023-11-21 15:59:33.843 [info] fatal: not a git repository (or any parent up to mount point /)
Stopping at filesystem boundary (GIT_DISCOVERY_ACROSS_FILESYSTEM not set).
2023-11-21 15:59:46.897 [info] > git rev-parse --show-toplevel [1ms]
2023-11-21 15:59:46.897 [info] fatal: not a git repository (or any parent up to mount point /)
Stopping at filesystem boundary (GIT_DISCOVERY_ACROSS_FILESYSTEM not set).
2023-11-21 16:00:27.592 [info] > git rev-parse --show-toplevel [2ms]
2023-11-21 16:00:27.592 [info] fatal: not a git repository (or any parent up to mount point /)
Stopping at filesystem boundary (GIT_DISCOVERY_ACROSS_FILESYSTEM not set).
2023-11-21 16:00:43.468 [info] > git rev-parse --show-toplevel [1ms]
2023-11-21 16:00:43.468 [info] fatal: not a git repository (or any parent up to mount point /)
Stopping at filesystem boundary (GIT_DISCOVERY_ACROSS_FILESYSTEM not set).
2023-11-21 16:00:48.203 [info] > git rev-parse --show-toplevel [2ms]
2023-11-21 16:00:48.203 [info] fatal: not a git repository (or any parent up to mount point /)
Stopping at filesystem boundary (GIT_DISCOVERY_ACROSS_FILESYSTEM not set).
2023-11-21 16:01:03.499 [info] > git rev-parse --show-toplevel [1ms]
2023-11-21 16:01:03.499 [info] fatal: not a git repository (or any parent up to mount point /)
Stopping at filesystem boundary (GIT_DISCOVERY_ACROSS_FILESYSTEM not set).
2023-11-21 16:01:15.534 [info] > git rev-parse --show-toplevel [3ms]
2023-11-21 16:01:15.534 [info] fatal: not a git repository (or any parent up to mount point /)
Stopping at filesystem boundary (GIT_DISCOVERY_ACROSS_FILESYSTEM not set).
2023-11-21 16:01:25.839 [info] > git rev-parse --show-toplevel [1ms]
2023-11-21 16:01:25.839 [info] fatal: not a git repository (or any parent up to mount point /)
Stopping at filesystem boundary (GIT_DISCOVERY_ACROSS_FILESYSTEM not set).
2023-11-21 16:01:26.258 [info] > git rev-parse --show-toplevel [2ms]
2023-11-21 16:01:26.258 [info] fatal: not a git repository (or any parent up to mount point /)
Stopping at filesystem boundary (GIT_DISCOVERY_ACROSS_FILESYSTEM not set).
2023-11-21 16:01:30.206 [info] > git rev-parse --show-toplevel [1ms]
2023-11-21 16:01:30.206 [info] fatal: not a git repository (or any parent up to mount point /)
Stopping at filesystem boundary (GIT_DISCOVERY_ACROSS_FILESYSTEM not set).
2023-11-21 16:02:08.860 [info] > git rev-parse --show-toplevel [2ms]
2023-11-21 16:02:08.860 [info] fatal: not a git repository (or any parent up to mount point /)
Stopping at filesystem boundary (GIT_DISCOVERY_ACROSS_FILESYSTEM not set).
2023-11-21 16:04:00.093 [info] > git rev-parse --show-toplevel [2ms]
2023-11-21 16:04:00.093 [info] fatal: not a git repository (or any parent up to mount point /)
Stopping at filesystem boundary (GIT_DISCOVERY_ACROSS_FILESYSTEM not set).
2023-11-21 16:04:03.677 [info] > git rev-parse --show-toplevel [1ms]
2023-11-21 16:04:03.677 [info] fatal: not a git repository (or any parent up to mount point /)
Stopping at filesystem boundary (GIT_DISCOVERY_ACROSS_FILESYSTEM not set).
2023-11-21 16:04:04.492 [info] > git rev-parse --show-toplevel [2ms]
2023-11-21 16:04:04.492 [info] fatal: not a git repository (or any parent up to mount point /)
Stopping at filesystem boundary (GIT_DISCOVERY_ACROSS_FILESYSTEM not set).
2023-11-21 16:04:11.958 [info] > git rev-parse --show-toplevel [3ms]
2023-11-21 16:04:11.958 [info] fatal: not a git repository (or any parent up to mount point /)
Stopping at filesystem boundary (GIT_DISCOVERY_ACROSS_FILESYSTEM not set).
2023-11-21 16:04:11.981 [info] > git rev-parse --show-toplevel [8ms]
2023-11-21 16:04:11.981 [info] fatal: not a git repository (or any parent up to mount point /)
Stopping at filesystem boundary (GIT_DISCOVERY_ACROSS_FILESYSTEM not set).
2023-11-21 16:04:47.821 [info] > git rev-parse --show-toplevel [2ms]
2023-11-21 16:04:47.821 [info] fatal: not a git repository (or any parent up to mount point /)
Stopping at filesystem boundary (GIT_DISCOVERY_ACROSS_FILESYSTEM not set).
2023-11-21 16:04:47.862 [info] > git rev-parse --show-toplevel [2ms]
2023-11-21 16:04:47.862 [info] fatal: not a git repository (or any parent up to mount point /)
Stopping at filesystem boundary (GIT_DISCOVERY_ACROSS_FILESYSTEM not set).
2023-11-21 16:04:47.875 [info] > git rev-parse --show-toplevel [1ms]
2023-11-21 16:04:47.875 [info] fatal: not a git repository (or any parent up to mount point /)
Stopping at filesystem boundary (GIT_DISCOVERY_ACROSS_FILESYSTEM not set).
2023-11-21 16:05:44.998 [info] > git rev-parse --show-toplevel [1ms]
2023-11-21 16:05:44.998 [info] fatal: not a git repository (or any parent up to mount point /)
Stopping at filesystem boundary (GIT_DISCOVERY_ACROSS_FILESYSTEM not set).
2023-11-21 16:05:45.315 [info] > git rev-parse --show-toplevel [1ms]
2023-11-21 16:05:45.315 [info] fatal: not a git repository (or any parent up to mount point /)
Stopping at filesystem boundary (GIT_DISCOVERY_ACROSS_FILESYSTEM not set).
2023-11-21 16:05:45.439 [info] > git rev-parse --show-toplevel [1ms]
2023-11-21 16:05:45.439 [info] fatal: not a git repository (or any parent up to mount point /)
Stopping at filesystem boundary (GIT_DISCOVERY_ACROSS_FILESYSTEM not set).
2023-11-21 16:05:45.600 [info] > git rev-parse --show-toplevel [2ms]
2023-11-21 16:05:45.600 [info] fatal: not a git repository (or any parent up to mount point /)
Stopping at filesystem boundary (GIT_DISCOVERY_ACROSS_FILESYSTEM not set).
2023-11-21 16:05:45.724 [info] > git rev-parse --show-toplevel [2ms]
2023-11-21 16:05:45.724 [info] fatal: not a git repository (or any parent up to mount point /)
Stopping at filesystem boundary (GIT_DISCOVERY_ACROSS_FILESYSTEM not set).
2023-11-21 16:05:45.914 [info] > git rev-parse --show-toplevel [9ms]
2023-11-21 16:05:45.914 [info] fatal: not a git repository (or any parent up to mount point /)
Stopping at filesystem boundary (GIT_DISCOVERY_ACROSS_FILESYSTEM not set).
2023-11-21 16:06:02.925 [info] > git rev-parse --show-toplevel [2ms]
2023-11-21 16:06:02.925 [info] fatal: not a git repository (or any parent up to mount point /)
Stopping at filesystem boundary (GIT_DISCOVERY_ACROSS_FILESYSTEM not set).
2023-11-21 16:06:06.523 [info] > git rev-parse --show-toplevel [2ms]
2023-11-21 16:06:06.523 [info] fatal: not a git repository (or any parent up to mount point /)
Stopping at filesystem boundary (GIT_DISCOVERY_ACROSS_FILESYSTEM not set).
2023-11-21 16:08:12.165 [info] > git rev-parse --show-toplevel [2ms]
2023-11-21 16:08:12.165 [info] fatal: not a git repository (or any parent up to mount point /)
Stopping at filesystem boundary (GIT_DISCOVERY_ACROSS_FILESYSTEM not set).
