2023-11-21 14:17:57.412 [info] Reading sessions from keychain...
2023-11-21 14:17:57.412 [info] Getting sessions for all scopes...
2023-11-21 14:17:57.412 [info] Getting sessions for user:email...
2023-11-21 14:17:57.412 [info] Got stored sessions!
2023-11-21 14:17:57.412 [info] Got 2 verified sessions.
2023-11-21 14:17:57.412 [info] Got 2 sessions for ...
2023-11-21 14:17:57.412 [info] Got 1 sessions for user:email...
2023-11-21 14:17:57.412 [info] Getting sessions for all scopes...
2023-11-21 14:17:57.412 [info] Got 2 sessions for ...
2023-11-21 14:17:57.412 [info] Getting sessions for all scopes...
2023-11-21 14:17:57.412 [info] Got 2 sessions for ...
2023-11-21 14:17:57.412 [info] Getting sessions for user:email...
2023-11-21 14:17:57.412 [info] Got 1 sessions for user:email...
2023-11-21 14:17:57.418 [info] Getting sessions for all scopes...
2023-11-21 14:17:57.419 [info] Got 2 sessions for ...
2023-11-21 14:17:57.465 [info] Getting sessions for project,read:org,read:user,repo,user:email,workflow...
2023-11-21 14:17:57.465 [info] Got 0 sessions for project,read:org,read:user,repo,user:email,workflow...
2023-11-21 14:17:57.620 [info] Getting sessions for read:user,repo,user:email,workflow...
2023-11-21 14:17:57.620 [info] Got 0 sessions for read:user,repo,user:email,workflow...
2023-11-21 14:17:57.624 [info] Getting sessions for read:user,repo,user:email...
2023-11-21 14:17:57.624 [info] Got 0 sessions for read:user,repo,user:email...
2023-11-21 14:17:57.627 [info] Getting sessions for read:user,repo,user:email,workflow...
2023-11-21 14:17:57.627 [info] Got 0 sessions for read:user,repo,user:email,workflow...
2023-11-21 14:18:00.371 [info] Getting sessions for all scopes...
2023-11-21 14:18:00.371 [info] Got 2 sessions for ...
2023-11-21 14:18:00.402 [info] Getting sessions for read:user...
2023-11-21 14:18:00.402 [info] Got 1 sessions for read:user...
2023-11-21 14:18:00.402 [info] Getting sessions for read:user...
2023-11-21 14:18:00.402 [info] Got 1 sessions for read:user...
2023-11-21 14:18:00.805 [info] Getting sessions for user:email...
2023-11-21 14:18:00.805 [info] Got 1 sessions for user:email...
2023-11-21 14:18:01.429 [info] Getting sessions for user:email...
2023-11-21 14:18:01.429 [info] Got 1 sessions for user:email...
2023-11-21 14:18:01.447 [info] Getting sessions for user:email...
2023-11-21 14:18:01.447 [info] Got 1 sessions for user:email...
2023-11-21 14:43:01.032 [info] Getting sessions for read:user...
2023-11-21 14:43:01.032 [info] Got 1 sessions for read:user...
2023-11-21 14:43:01.402 [info] Getting sessions for user:email...
2023-11-21 14:43:01.402 [info] Got 1 sessions for user:email...
2023-11-21 14:43:01.759 [info] Getting sessions for user:email...
2023-11-21 14:43:01.759 [info] Got 1 sessions for user:email...
2023-11-21 14:43:02.265 [info] Getting sessions for read:user...
2023-11-21 14:43:02.265 [info] Got 1 sessions for read:user...
2023-11-21 14:46:31.291 [info] Getting sessions for read:user,repo,user:email,workflow...
2023-11-21 14:46:31.291 [info] Got 0 sessions for read:user,repo,user:email,workflow...
