[1700591152694] INFO  (ext): SQLTools is starting
[1700591152696] INFO  (ext): initializing language client...
[1700591152698] INFO  (ext): Registering client for languages [{"scheme":"sqltools"},{"language":"sql","scheme":"untitled"},{"language":"sql","scheme":"file"},{"language":"sql","scheme":"sqltools"}]
    ns: "lc"
[1700591152702] INFO  (ext): loading plugins...
[1700591152702] INFO  (ext): registering Formatter Plugin.
    plugin: {
      "name": "Formatter Plugin"
    }
[1700591152702] INFO  (ext): registering Connection Manager Plugin.
    plugin: {
      "name": "Connection Manager Plugin"
    }
[1700591152702] INFO  (ext): registering CodeLens Plugin.
    plugin: {
      "name": "CodeLens Plugin",
      "registeredLanguages": []
    }
[1700591152704] INFO  (ext): registering Dependency Manager Plugin.
    plugin: {
      "name": "Dependency Manager Plugin",
      "installingDrivers": []
    }
[1700591152707] INFO  (ext): Connection explorer changed. Will be updated.
    ns: "conn-man:explorer"
[1700591152707] INFO  (ext): registering History Manager Plugin.
    plugin: {
      "name": "History Manager Plugin"
    }
[1700591152707] INFO  (ext): registering Bookmarks Manager Plugin.
    plugin: {
      "name": "Bookmarks Manager Plugin"
    }
[1700591152708] INFO  (ext): registering Authentication Provider Plugin.
    plugin: {
      "name": "Authentication Provider Plugin",
      "isRegistered": false
    }
[1700591152708] INFO  (ext): registering Object Drop-in Provider (plugin).
    plugin: {
      "type": "plugin",
      "name": "Object Drop-in Provider",
      "isRegistered": false
    }
[1700591152709] INFO  (ext): SQLTools activation completed. 14.236588 ms
[1700591152709] INFO  (ext): Formatter Plugin registered!
[1700591152709] INFO  (ext): CodeLens Plugin registered!
[1700591152709] INFO  (ext): Dependency Manager Plugin registered!
[1700591152709] INFO  (ext): Connection Manager Plugin registered!
[1700591152709] INFO  (ext): History Manager Plugin registered!
[1700591152709] INFO  (ext): Bookmarks Manager Plugin registered!
[1700591152709] INFO  (ext): Authentication Provider Plugin registered!
[1700591152709] INFO  (ext): Object Drop-in Provider (plugin) registered!
[1700591152886] INFO  (ls): SQLTools Server started!
===============================
Using node runtime?: no
ExecPath: /usr/share/code/code 
===============================
[1700591152952] INFO  (ext): LanguageClient ready
    ns: "lc"
[1700591152951] INFO  (ls): Initialized with node version:v18.15.0
[1700591154003] INFO  (ext): EXECUTING COMMAND => sqltools.refreshTree
[1700591154003] INFO  (ext): Connection explorer changed. Will be updated.
    ns: "conn-man:explorer"
