2023-11-21 11:52:03.509 [info] Log level: Info
2023-11-21 11:52:03.509 [info] Validating found git in: "git"
2023-11-21 11:52:03.509 [info] Using git "2.42.0" from "git"
2023-11-21 11:52:03.509 [info] > git rev-parse --show-toplevel [1ms]
2023-11-21 11:52:03.509 [info] fatal: not a git repository (or any parent up to mount point /)
Stopping at filesystem boundary (GIT_DISCOVERY_ACROSS_FILESYSTEM not set).
2023-11-21 11:52:03.509 [info] > git rev-parse --show-toplevel [1ms]
2023-11-21 11:52:03.509 [info] fatal: not a git repository (or any parent up to mount point /)
Stopping at filesystem boundary (GIT_DISCOVERY_ACROSS_FILESYSTEM not set).
2023-11-21 11:52:03.509 [info] > git rev-parse --show-toplevel [1ms]
2023-11-21 11:52:03.509 [info] fatal: not a git repository (or any parent up to mount point /)
Stopping at filesystem boundary (GIT_DISCOVERY_ACROSS_FILESYSTEM not set).
2023-11-21 11:52:04.696 [info] > git rev-parse --show-toplevel [62ms]
2023-11-21 11:52:04.696 [info] fatal: not a git repository (or any parent up to mount point /)
Stopping at filesystem boundary (GIT_DISCOVERY_ACROSS_FILESYSTEM not set).
2023-11-21 11:52:04.766 [info] > git rev-parse --show-toplevel [16ms]
2023-11-21 11:52:04.766 [info] fatal: not a git repository (or any parent up to mount point /)
Stopping at filesystem boundary (GIT_DISCOVERY_ACROSS_FILESYSTEM not set).
2023-11-21 11:52:04.842 [info] > git rev-parse --show-toplevel [30ms]
2023-11-21 11:52:04.842 [info] fatal: not a git repository (or any parent up to mount point /)
Stopping at filesystem boundary (GIT_DISCOVERY_ACROSS_FILESYSTEM not set).
2023-11-21 11:52:04.872 [info] > git rev-parse --show-toplevel [8ms]
2023-11-21 11:52:04.872 [info] fatal: not a git repository (or any parent up to mount point /)
Stopping at filesystem boundary (GIT_DISCOVERY_ACROSS_FILESYSTEM not set).
2023-11-21 11:52:05.412 [info] > git rev-parse --show-toplevel [7ms]
2023-11-21 11:52:05.412 [info] fatal: not a git repository (or any parent up to mount point /)
Stopping at filesystem boundary (GIT_DISCOVERY_ACROSS_FILESYSTEM not set).
2023-11-21 11:52:50.976 [info] > git rev-parse --show-toplevel [2ms]
2023-11-21 11:52:50.976 [info] fatal: not a git repository (or any parent up to mount point /)
Stopping at filesystem boundary (GIT_DISCOVERY_ACROSS_FILESYSTEM not set).
2023-11-21 11:53:47.936 [info] > git rev-parse --show-toplevel [3ms]
2023-11-21 11:53:47.936 [info] fatal: not a git repository (or any parent up to mount point /)
Stopping at filesystem boundary (GIT_DISCOVERY_ACROSS_FILESYSTEM not set).
2023-11-21 11:54:39.783 [info] > git rev-parse --show-toplevel [3ms]
2023-11-21 11:54:39.783 [info] fatal: not a git repository (or any parent up to mount point /)
Stopping at filesystem boundary (GIT_DISCOVERY_ACROSS_FILESYSTEM not set).
2023-11-21 11:54:41.929 [info] > git rev-parse --show-toplevel [6ms]
2023-11-21 11:54:41.929 [info] fatal: not a git repository (or any parent up to mount point /)
Stopping at filesystem boundary (GIT_DISCOVERY_ACROSS_FILESYSTEM not set).
2023-11-21 11:55:59.199 [info] > git rev-parse --show-toplevel [3ms]
2023-11-21 11:55:59.199 [info] fatal: not a git repository (or any parent up to mount point /)
Stopping at filesystem boundary (GIT_DISCOVERY_ACROSS_FILESYSTEM not set).
2023-11-21 11:55:59.901 [info] > git rev-parse --show-toplevel [4ms]
2023-11-21 11:55:59.901 [info] fatal: not a git repository (or any parent up to mount point /)
Stopping at filesystem boundary (GIT_DISCOVERY_ACROSS_FILESYSTEM not set).
2023-11-21 11:56:00.648 [info] > git rev-parse --show-toplevel [3ms]
2023-11-21 11:56:00.648 [info] fatal: not a git repository (or any parent up to mount point /)
Stopping at filesystem boundary (GIT_DISCOVERY_ACROSS_FILESYSTEM not set).
2023-11-21 11:56:01.932 [info] > git rev-parse --show-toplevel [2ms]
2023-11-21 11:56:01.932 [info] fatal: not a git repository (or any parent up to mount point /)
Stopping at filesystem boundary (GIT_DISCOVERY_ACROSS_FILESYSTEM not set).
2023-11-21 11:56:02.913 [info] > git rev-parse --show-toplevel [3ms]
2023-11-21 11:56:02.913 [info] fatal: not a git repository (or any parent up to mount point /)
Stopping at filesystem boundary (GIT_DISCOVERY_ACROSS_FILESYSTEM not set).
2023-11-21 11:56:21.243 [info] > git rev-parse --show-toplevel [3ms]
2023-11-21 11:56:21.243 [info] fatal: not a git repository (or any parent up to mount point /)
Stopping at filesystem boundary (GIT_DISCOVERY_ACROSS_FILESYSTEM not set).
2023-11-21 11:59:35.672 [info] > git rev-parse --show-toplevel [1ms]
2023-11-21 11:59:35.672 [info] fatal: not a git repository (or any parent up to mount point /)
Stopping at filesystem boundary (GIT_DISCOVERY_ACROSS_FILESYSTEM not set).
2023-11-21 11:59:49.953 [info] > git rev-parse --show-toplevel [4ms]
2023-11-21 11:59:49.953 [info] fatal: not a git repository (or any parent up to mount point /)
Stopping at filesystem boundary (GIT_DISCOVERY_ACROSS_FILESYSTEM not set).
2023-11-21 11:59:59.361 [info] > git rev-parse --show-toplevel [3ms]
2023-11-21 11:59:59.361 [info] fatal: not a git repository (or any parent up to mount point /)
Stopping at filesystem boundary (GIT_DISCOVERY_ACROSS_FILESYSTEM not set).
2023-11-21 12:00:49.684 [info] > git rev-parse --show-toplevel [3ms]
2023-11-21 12:00:49.684 [info] fatal: not a git repository (or any parent up to mount point /)
Stopping at filesystem boundary (GIT_DISCOVERY_ACROSS_FILESYSTEM not set).
2023-11-21 12:01:01.331 [info] > git rev-parse --show-toplevel [3ms]
2023-11-21 12:01:01.331 [info] fatal: not a git repository (or any parent up to mount point /)
Stopping at filesystem boundary (GIT_DISCOVERY_ACROSS_FILESYSTEM not set).
2023-11-21 12:01:06.215 [info] > git rev-parse --show-toplevel [3ms]
2023-11-21 12:01:06.215 [info] fatal: not a git repository (or any parent up to mount point /)
Stopping at filesystem boundary (GIT_DISCOVERY_ACROSS_FILESYSTEM not set).
2023-11-21 12:02:59.765 [info] > git rev-parse --show-toplevel [4ms]
2023-11-21 12:02:59.765 [info] fatal: not a git repository (or any parent up to mount point /)
Stopping at filesystem boundary (GIT_DISCOVERY_ACROSS_FILESYSTEM not set).
2023-11-21 12:03:01.394 [info] > git rev-parse --show-toplevel [2ms]
2023-11-21 12:03:01.394 [info] fatal: not a git repository (or any parent up to mount point /)
Stopping at filesystem boundary (GIT_DISCOVERY_ACROSS_FILESYSTEM not set).
2023-11-21 12:03:01.609 [info] > git rev-parse --show-toplevel [2ms]
2023-11-21 12:03:01.609 [info] fatal: not a git repository (or any parent up to mount point /)
Stopping at filesystem boundary (GIT_DISCOVERY_ACROSS_FILESYSTEM not set).
2023-11-21 12:03:01.870 [info] > git rev-parse --show-toplevel [4ms]
2023-11-21 12:03:01.870 [info] fatal: not a git repository (or any parent up to mount point /)
Stopping at filesystem boundary (GIT_DISCOVERY_ACROSS_FILESYSTEM not set).
2023-11-21 12:03:01.933 [info] > git rev-parse --show-toplevel [14ms]
2023-11-21 12:03:01.933 [info] fatal: not a git repository (or any parent up to mount point /)
Stopping at filesystem boundary (GIT_DISCOVERY_ACROSS_FILESYSTEM not set).
2023-11-21 12:03:02.133 [info] > git rev-parse --show-toplevel [1ms]
2023-11-21 12:03:02.133 [info] fatal: not a git repository (or any parent up to mount point /)
Stopping at filesystem boundary (GIT_DISCOVERY_ACROSS_FILESYSTEM not set).
2023-11-21 12:03:02.225 [info] > git rev-parse --show-toplevel [3ms]
2023-11-21 12:03:02.225 [info] fatal: not a git repository (or any parent up to mount point /)
Stopping at filesystem boundary (GIT_DISCOVERY_ACROSS_FILESYSTEM not set).
2023-11-21 12:03:02.418 [info] > git rev-parse --show-toplevel [4ms]
2023-11-21 12:03:02.418 [info] fatal: not a git repository (or any parent up to mount point /)
Stopping at filesystem boundary (GIT_DISCOVERY_ACROSS_FILESYSTEM not set).
2023-11-21 12:03:02.579 [info] > git rev-parse --show-toplevel [14ms]
2023-11-21 12:03:02.579 [info] fatal: not a git repository (or any parent up to mount point /)
Stopping at filesystem boundary (GIT_DISCOVERY_ACROSS_FILESYSTEM not set).
2023-11-21 12:03:02.720 [info] > git rev-parse --show-toplevel [6ms]
2023-11-21 12:03:02.720 [info] fatal: not a git repository (or any parent up to mount point /)
Stopping at filesystem boundary (GIT_DISCOVERY_ACROSS_FILESYSTEM not set).
2023-11-21 12:03:13.464 [info] > git rev-parse --show-toplevel [3ms]
2023-11-21 12:03:13.464 [info] fatal: not a git repository (or any parent up to mount point /)
Stopping at filesystem boundary (GIT_DISCOVERY_ACROSS_FILESYSTEM not set).
2023-11-21 12:03:31.901 [info] > git rev-parse --show-toplevel [2ms]
2023-11-21 12:03:31.901 [info] fatal: not a git repository (or any parent up to mount point /)
Stopping at filesystem boundary (GIT_DISCOVERY_ACROSS_FILESYSTEM not set).
2023-11-21 12:03:38.756 [info] > git rev-parse --show-toplevel [3ms]
2023-11-21 12:03:38.756 [info] fatal: not a git repository (or any parent up to mount point /)
Stopping at filesystem boundary (GIT_DISCOVERY_ACROSS_FILESYSTEM not set).
2023-11-21 12:04:44.743 [info] > git rev-parse --show-toplevel [2ms]
2023-11-21 12:04:44.743 [info] fatal: not a git repository (or any parent up to mount point /)
Stopping at filesystem boundary (GIT_DISCOVERY_ACROSS_FILESYSTEM not set).
2023-11-21 12:04:45.179 [info] > git rev-parse --show-toplevel [3ms]
2023-11-21 12:04:45.179 [info] fatal: not a git repository (or any parent up to mount point /)
Stopping at filesystem boundary (GIT_DISCOVERY_ACROSS_FILESYSTEM not set).
2023-11-21 12:04:51.406 [info] > git rev-parse --show-toplevel [3ms]
2023-11-21 12:04:51.406 [info] fatal: not a git repository (or any parent up to mount point /)
Stopping at filesystem boundary (GIT_DISCOVERY_ACROSS_FILESYSTEM not set).
2023-11-21 12:05:53.467 [info] > git rev-parse --show-toplevel [1ms]
2023-11-21 12:05:53.467 [info] fatal: not a git repository (or any parent up to mount point /)
Stopping at filesystem boundary (GIT_DISCOVERY_ACROSS_FILESYSTEM not set).
2023-11-21 12:06:12.633 [info] > git rev-parse --show-toplevel [2ms]
2023-11-21 12:06:12.633 [info] fatal: not a git repository (or any parent up to mount point /)
Stopping at filesystem boundary (GIT_DISCOVERY_ACROSS_FILESYSTEM not set).
2023-11-21 12:06:13.291 [info] > git rev-parse --show-toplevel [2ms]
2023-11-21 12:06:13.291 [info] fatal: not a git repository (or any parent up to mount point /)
Stopping at filesystem boundary (GIT_DISCOVERY_ACROSS_FILESYSTEM not set).
2023-11-21 12:06:14.446 [info] > git rev-parse --show-toplevel [1ms]
2023-11-21 12:06:14.446 [info] fatal: not a git repository (or any parent up to mount point /)
Stopping at filesystem boundary (GIT_DISCOVERY_ACROSS_FILESYSTEM not set).
2023-11-21 12:06:14.466 [info] > git rev-parse --show-toplevel [1ms]
2023-11-21 12:06:14.466 [info] fatal: not a git repository (or any parent up to mount point /)
Stopping at filesystem boundary (GIT_DISCOVERY_ACROSS_FILESYSTEM not set).
2023-11-21 12:06:14.489 [info] > git rev-parse --show-toplevel [1ms]
2023-11-21 12:06:14.489 [info] fatal: not a git repository (or any parent up to mount point /)
Stopping at filesystem boundary (GIT_DISCOVERY_ACROSS_FILESYSTEM not set).
2023-11-21 12:06:53.235 [info] > git rev-parse --show-toplevel [2ms]
2023-11-21 12:06:53.235 [info] fatal: not a git repository (or any parent up to mount point /)
Stopping at filesystem boundary (GIT_DISCOVERY_ACROSS_FILESYSTEM not set).
2023-11-21 12:06:53.271 [info] > git rev-parse --show-toplevel [2ms]
2023-11-21 12:06:53.271 [info] fatal: not a git repository (or any parent up to mount point /)
Stopping at filesystem boundary (GIT_DISCOVERY_ACROSS_FILESYSTEM not set).
2023-11-21 12:06:53.287 [info] > git rev-parse --show-toplevel [1ms]
2023-11-21 12:06:53.287 [info] fatal: not a git repository (or any parent up to mount point /)
Stopping at filesystem boundary (GIT_DISCOVERY_ACROSS_FILESYSTEM not set).
2023-11-21 12:07:42.069 [info] > git rev-parse --show-toplevel [2ms]
2023-11-21 12:07:42.069 [info] fatal: not a git repository (or any parent up to mount point /)
Stopping at filesystem boundary (GIT_DISCOVERY_ACROSS_FILESYSTEM not set).
2023-11-21 12:07:42.090 [info] > git rev-parse --show-toplevel [4ms]
2023-11-21 12:07:42.090 [info] fatal: not a git repository (or any parent up to mount point /)
Stopping at filesystem boundary (GIT_DISCOVERY_ACROSS_FILESYSTEM not set).
2023-11-21 12:07:42.106 [info] > git rev-parse --show-toplevel [0ms]
2023-11-21 12:07:42.106 [info] fatal: not a git repository (or any parent up to mount point /)
Stopping at filesystem boundary (GIT_DISCOVERY_ACROSS_FILESYSTEM not set).
2023-11-21 12:12:45.038 [info] > git rev-parse --show-toplevel [3ms]
2023-11-21 12:12:45.038 [info] fatal: not a git repository (or any parent up to mount point /)
Stopping at filesystem boundary (GIT_DISCOVERY_ACROSS_FILESYSTEM not set).
2023-11-21 12:12:45.072 [info] > git rev-parse --show-toplevel [2ms]
2023-11-21 12:12:45.072 [info] fatal: not a git repository (or any parent up to mount point /)
Stopping at filesystem boundary (GIT_DISCOVERY_ACROSS_FILESYSTEM not set).
2023-11-21 12:12:45.110 [info] > git rev-parse --show-toplevel [20ms]
2023-11-21 12:12:45.110 [info] fatal: not a git repository (or any parent up to mount point /)
Stopping at filesystem boundary (GIT_DISCOVERY_ACROSS_FILESYSTEM not set).
2023-11-21 12:13:59.882 [info] > git rev-parse --show-toplevel [2ms]
2023-11-21 12:13:59.882 [info] fatal: not a git repository (or any parent up to mount point /)
Stopping at filesystem boundary (GIT_DISCOVERY_ACROSS_FILESYSTEM not set).
2023-11-21 12:13:59.902 [info] > git rev-parse --show-toplevel [1ms]
2023-11-21 12:13:59.902 [info] fatal: not a git repository (or any parent up to mount point /)
Stopping at filesystem boundary (GIT_DISCOVERY_ACROSS_FILESYSTEM not set).
2023-11-21 12:13:59.917 [info] > git rev-parse --show-toplevel [1ms]
2023-11-21 12:13:59.917 [info] fatal: not a git repository (or any parent up to mount point /)
Stopping at filesystem boundary (GIT_DISCOVERY_ACROSS_FILESYSTEM not set).
2023-11-21 12:14:16.361 [info] > git rev-parse --show-toplevel [2ms]
2023-11-21 12:14:16.361 [info] fatal: not a git repository (or any parent up to mount point /)
Stopping at filesystem boundary (GIT_DISCOVERY_ACROSS_FILESYSTEM not set).
2023-11-21 12:14:16.399 [info] > git rev-parse --show-toplevel [3ms]
2023-11-21 12:14:16.399 [info] fatal: not a git repository (or any parent up to mount point /)
Stopping at filesystem boundary (GIT_DISCOVERY_ACROSS_FILESYSTEM not set).
2023-11-21 12:14:16.424 [info] > git rev-parse --show-toplevel [1ms]
2023-11-21 12:14:16.424 [info] fatal: not a git repository (or any parent up to mount point /)
Stopping at filesystem boundary (GIT_DISCOVERY_ACROSS_FILESYSTEM not set).
2023-11-21 12:14:57.925 [info] > git rev-parse --show-toplevel [1ms]
2023-11-21 12:14:57.925 [info] fatal: not a git repository (or any parent up to mount point /)
Stopping at filesystem boundary (GIT_DISCOVERY_ACROSS_FILESYSTEM not set).
2023-11-21 12:14:57.945 [info] > git rev-parse --show-toplevel [2ms]
2023-11-21 12:14:57.945 [info] fatal: not a git repository (or any parent up to mount point /)
Stopping at filesystem boundary (GIT_DISCOVERY_ACROSS_FILESYSTEM not set).
2023-11-21 12:14:57.960 [info] > git rev-parse --show-toplevel [1ms]
2023-11-21 12:14:57.960 [info] fatal: not a git repository (or any parent up to mount point /)
Stopping at filesystem boundary (GIT_DISCOVERY_ACROSS_FILESYSTEM not set).
2023-11-21 12:15:13.377 [info] > git rev-parse --show-toplevel [2ms]
2023-11-21 12:15:13.377 [info] fatal: not a git repository (or any parent up to mount point /)
Stopping at filesystem boundary (GIT_DISCOVERY_ACROSS_FILESYSTEM not set).
2023-11-21 12:15:13.417 [info] > git rev-parse --show-toplevel [2ms]
2023-11-21 12:15:13.417 [info] fatal: not a git repository (or any parent up to mount point /)
Stopping at filesystem boundary (GIT_DISCOVERY_ACROSS_FILESYSTEM not set).
2023-11-21 12:15:13.438 [info] > git rev-parse --show-toplevel [1ms]
2023-11-21 12:15:13.438 [info] fatal: not a git repository (or any parent up to mount point /)
Stopping at filesystem boundary (GIT_DISCOVERY_ACROSS_FILESYSTEM not set).
2023-11-21 12:15:48.859 [info] > git rev-parse --show-toplevel [1ms]
2023-11-21 12:15:48.859 [info] fatal: not a git repository (or any parent up to mount point /)
Stopping at filesystem boundary (GIT_DISCOVERY_ACROSS_FILESYSTEM not set).
2023-11-21 12:15:48.879 [info] > git rev-parse --show-toplevel [1ms]
2023-11-21 12:15:48.879 [info] fatal: not a git repository (or any parent up to mount point /)
Stopping at filesystem boundary (GIT_DISCOVERY_ACROSS_FILESYSTEM not set).
2023-11-21 12:15:48.895 [info] > git rev-parse --show-toplevel [1ms]
2023-11-21 12:15:48.895 [info] fatal: not a git repository (or any parent up to mount point /)
Stopping at filesystem boundary (GIT_DISCOVERY_ACROSS_FILESYSTEM not set).
2023-11-21 12:18:52.740 [info] > git rev-parse --show-toplevel [3ms]
2023-11-21 12:18:52.740 [info] fatal: not a git repository (or any parent up to mount point /)
Stopping at filesystem boundary (GIT_DISCOVERY_ACROSS_FILESYSTEM not set).
2023-11-21 12:18:52.781 [info] > git rev-parse --show-toplevel [3ms]
2023-11-21 12:18:52.781 [info] fatal: not a git repository (or any parent up to mount point /)
Stopping at filesystem boundary (GIT_DISCOVERY_ACROSS_FILESYSTEM not set).
2023-11-21 12:18:52.796 [info] > git rev-parse --show-toplevel [1ms]
2023-11-21 12:18:52.796 [info] fatal: not a git repository (or any parent up to mount point /)
Stopping at filesystem boundary (GIT_DISCOVERY_ACROSS_FILESYSTEM not set).
2023-11-21 12:20:28.787 [info] > git rev-parse --show-toplevel [2ms]
2023-11-21 12:20:28.787 [info] fatal: not a git repository (or any parent up to mount point /)
Stopping at filesystem boundary (GIT_DISCOVERY_ACROSS_FILESYSTEM not set).
2023-11-21 12:20:28.822 [info] > git rev-parse --show-toplevel [1ms]
2023-11-21 12:20:28.822 [info] fatal: not a git repository (or any parent up to mount point /)
Stopping at filesystem boundary (GIT_DISCOVERY_ACROSS_FILESYSTEM not set).
2023-11-21 12:20:28.856 [info] > git rev-parse --show-toplevel [19ms]
2023-11-21 12:20:28.856 [info] fatal: not a git repository (or any parent up to mount point /)
Stopping at filesystem boundary (GIT_DISCOVERY_ACROSS_FILESYSTEM not set).
2023-11-21 12:20:39.532 [info] > git rev-parse --show-toplevel [1ms]
2023-11-21 12:20:39.532 [info] fatal: not a git repository (or any parent up to mount point /)
Stopping at filesystem boundary (GIT_DISCOVERY_ACROSS_FILESYSTEM not set).
2023-11-21 12:20:39.573 [info] > git rev-parse --show-toplevel [1ms]
2023-11-21 12:20:39.573 [info] fatal: not a git repository (or any parent up to mount point /)
Stopping at filesystem boundary (GIT_DISCOVERY_ACROSS_FILESYSTEM not set).
2023-11-21 12:20:39.591 [info] > git rev-parse --show-toplevel [1ms]
2023-11-21 12:20:39.591 [info] fatal: not a git repository (or any parent up to mount point /)
Stopping at filesystem boundary (GIT_DISCOVERY_ACROSS_FILESYSTEM not set).
2023-11-21 12:21:07.081 [info] > git rev-parse --show-toplevel [2ms]
2023-11-21 12:21:07.081 [info] fatal: not a git repository (or any parent up to mount point /)
Stopping at filesystem boundary (GIT_DISCOVERY_ACROSS_FILESYSTEM not set).
2023-11-21 12:21:07.134 [info] > git rev-parse --show-toplevel [2ms]
2023-11-21 12:21:07.134 [info] fatal: not a git repository (or any parent up to mount point /)
Stopping at filesystem boundary (GIT_DISCOVERY_ACROSS_FILESYSTEM not set).
2023-11-21 12:21:07.150 [info] > git rev-parse --show-toplevel [1ms]
2023-11-21 12:21:07.150 [info] fatal: not a git repository (or any parent up to mount point /)
Stopping at filesystem boundary (GIT_DISCOVERY_ACROSS_FILESYSTEM not set).
2023-11-21 12:22:27.034 [info] > git rev-parse --show-toplevel [1ms]
2023-11-21 12:22:27.034 [info] fatal: not a git repository (or any parent up to mount point /)
Stopping at filesystem boundary (GIT_DISCOVERY_ACROSS_FILESYSTEM not set).
2023-11-21 12:22:27.090 [info] > git rev-parse --show-toplevel [3ms]
2023-11-21 12:22:27.090 [info] fatal: not a git repository (or any parent up to mount point /)
Stopping at filesystem boundary (GIT_DISCOVERY_ACROSS_FILESYSTEM not set).
2023-11-21 12:22:27.106 [info] > git rev-parse --show-toplevel [1ms]
2023-11-21 12:22:27.106 [info] fatal: not a git repository (or any parent up to mount point /)
Stopping at filesystem boundary (GIT_DISCOVERY_ACROSS_FILESYSTEM not set).
2023-11-21 12:23:30.596 [info] > git rev-parse --show-toplevel [2ms]
2023-11-21 12:23:30.596 [info] fatal: not a git repository (or any parent up to mount point /)
Stopping at filesystem boundary (GIT_DISCOVERY_ACROSS_FILESYSTEM not set).
2023-11-21 12:23:30.636 [info] > git rev-parse --show-toplevel [2ms]
2023-11-21 12:23:30.636 [info] fatal: not a git repository (or any parent up to mount point /)
Stopping at filesystem boundary (GIT_DISCOVERY_ACROSS_FILESYSTEM not set).
2023-11-21 12:23:30.652 [info] > git rev-parse --show-toplevel [1ms]
2023-11-21 12:23:30.652 [info] fatal: not a git repository (or any parent up to mount point /)
Stopping at filesystem boundary (GIT_DISCOVERY_ACROSS_FILESYSTEM not set).
2023-11-21 12:23:34.042 [info] > git rev-parse --show-toplevel [1ms]
2023-11-21 12:23:34.042 [info] fatal: not a git repository (or any parent up to mount point /)
Stopping at filesystem boundary (GIT_DISCOVERY_ACROSS_FILESYSTEM not set).
2023-11-21 12:23:34.096 [info] > git rev-parse --show-toplevel [2ms]
2023-11-21 12:23:34.096 [info] fatal: not a git repository (or any parent up to mount point /)
Stopping at filesystem boundary (GIT_DISCOVERY_ACROSS_FILESYSTEM not set).
2023-11-21 12:23:34.132 [info] > git rev-parse --show-toplevel [19ms]
2023-11-21 12:23:34.132 [info] fatal: not a git repository (or any parent up to mount point /)
Stopping at filesystem boundary (GIT_DISCOVERY_ACROSS_FILESYSTEM not set).
2023-11-21 12:23:42.325 [info] > git rev-parse --show-toplevel [1ms]
2023-11-21 12:23:42.325 [info] fatal: not a git repository (or any parent up to mount point /)
Stopping at filesystem boundary (GIT_DISCOVERY_ACROSS_FILESYSTEM not set).
2023-11-21 12:23:42.368 [info] > git rev-parse --show-toplevel [2ms]
2023-11-21 12:23:42.369 [info] fatal: not a git repository (or any parent up to mount point /)
Stopping at filesystem boundary (GIT_DISCOVERY_ACROSS_FILESYSTEM not set).
2023-11-21 12:23:42.415 [info] > git rev-parse --show-toplevel [23ms]
2023-11-21 12:23:42.415 [info] fatal: not a git repository (or any parent up to mount point /)
Stopping at filesystem boundary (GIT_DISCOVERY_ACROSS_FILESYSTEM not set).
2023-11-21 12:23:53.438 [info] > git rev-parse --show-toplevel [2ms]
2023-11-21 12:23:53.438 [info] fatal: not a git repository (or any parent up to mount point /)
Stopping at filesystem boundary (GIT_DISCOVERY_ACROSS_FILESYSTEM not set).
2023-11-21 12:23:53.485 [info] > git rev-parse --show-toplevel [2ms]
2023-11-21 12:23:53.485 [info] fatal: not a git repository (or any parent up to mount point /)
Stopping at filesystem boundary (GIT_DISCOVERY_ACROSS_FILESYSTEM not set).
2023-11-21 12:23:53.510 [info] > git rev-parse --show-toplevel [2ms]
2023-11-21 12:23:53.510 [info] fatal: not a git repository (or any parent up to mount point /)
Stopping at filesystem boundary (GIT_DISCOVERY_ACROSS_FILESYSTEM not set).
2023-11-21 12:24:11.241 [info] > git rev-parse --show-toplevel [2ms]
2023-11-21 12:24:11.241 [info] fatal: not a git repository (or any parent up to mount point /)
Stopping at filesystem boundary (GIT_DISCOVERY_ACROSS_FILESYSTEM not set).
2023-11-21 12:24:11.264 [info] > git rev-parse --show-toplevel [3ms]
2023-11-21 12:24:11.264 [info] fatal: not a git repository (or any parent up to mount point /)
Stopping at filesystem boundary (GIT_DISCOVERY_ACROSS_FILESYSTEM not set).
2023-11-21 12:24:11.283 [info] > git rev-parse --show-toplevel [2ms]
2023-11-21 12:24:11.283 [info] fatal: not a git repository (or any parent up to mount point /)
Stopping at filesystem boundary (GIT_DISCOVERY_ACROSS_FILESYSTEM not set).
2023-11-21 12:24:39.406 [info] > git rev-parse --show-toplevel [2ms]
2023-11-21 12:24:39.406 [info] fatal: not a git repository (or any parent up to mount point /)
Stopping at filesystem boundary (GIT_DISCOVERY_ACROSS_FILESYSTEM not set).
2023-11-21 12:24:39.457 [info] > git rev-parse --show-toplevel [2ms]
2023-11-21 12:24:39.457 [info] fatal: not a git repository (or any parent up to mount point /)
Stopping at filesystem boundary (GIT_DISCOVERY_ACROSS_FILESYSTEM not set).
2023-11-21 12:24:39.473 [info] > git rev-parse --show-toplevel [1ms]
2023-11-21 12:24:39.473 [info] fatal: not a git repository (or any parent up to mount point /)
Stopping at filesystem boundary (GIT_DISCOVERY_ACROSS_FILESYSTEM not set).
2023-11-21 12:24:57.134 [info] > git rev-parse --show-toplevel [1ms]
2023-11-21 12:24:57.134 [info] fatal: not a git repository (or any parent up to mount point /)
Stopping at filesystem boundary (GIT_DISCOVERY_ACROSS_FILESYSTEM not set).
2023-11-21 12:24:57.198 [info] > git rev-parse --show-toplevel [2ms]
2023-11-21 12:24:57.198 [info] fatal: not a git repository (or any parent up to mount point /)
Stopping at filesystem boundary (GIT_DISCOVERY_ACROSS_FILESYSTEM not set).
2023-11-21 12:24:57.220 [info] > git rev-parse --show-toplevel [1ms]
2023-11-21 12:24:57.220 [info] fatal: not a git repository (or any parent up to mount point /)
Stopping at filesystem boundary (GIT_DISCOVERY_ACROSS_FILESYSTEM not set).
2023-11-21 12:26:03.327 [info] > git rev-parse --show-toplevel [2ms]
2023-11-21 12:26:03.327 [info] fatal: not a git repository (or any parent up to mount point /)
Stopping at filesystem boundary (GIT_DISCOVERY_ACROSS_FILESYSTEM not set).
2023-11-21 12:26:03.364 [info] > git rev-parse --show-toplevel [2ms]
2023-11-21 12:26:03.364 [info] fatal: not a git repository (or any parent up to mount point /)
Stopping at filesystem boundary (GIT_DISCOVERY_ACROSS_FILESYSTEM not set).
2023-11-21 12:26:03.382 [info] > git rev-parse --show-toplevel [2ms]
2023-11-21 12:26:03.382 [info] fatal: not a git repository (or any parent up to mount point /)
Stopping at filesystem boundary (GIT_DISCOVERY_ACROSS_FILESYSTEM not set).
2023-11-21 12:26:25.023 [info] > git rev-parse --show-toplevel [1ms]
2023-11-21 12:26:25.023 [info] fatal: not a git repository (or any parent up to mount point /)
Stopping at filesystem boundary (GIT_DISCOVERY_ACROSS_FILESYSTEM not set).
2023-11-21 12:26:25.043 [info] > git rev-parse --show-toplevel [2ms]
2023-11-21 12:26:25.043 [info] fatal: not a git repository (or any parent up to mount point /)
Stopping at filesystem boundary (GIT_DISCOVERY_ACROSS_FILESYSTEM not set).
2023-11-21 12:26:25.062 [info] > git rev-parse --show-toplevel [2ms]
2023-11-21 12:26:25.062 [info] fatal: not a git repository (or any parent up to mount point /)
Stopping at filesystem boundary (GIT_DISCOVERY_ACROSS_FILESYSTEM not set).
2023-11-21 12:27:11.342 [info] > git rev-parse --show-toplevel [2ms]
2023-11-21 12:27:11.342 [info] fatal: not a git repository (or any parent up to mount point /)
Stopping at filesystem boundary (GIT_DISCOVERY_ACROSS_FILESYSTEM not set).
2023-11-21 12:27:11.406 [info] > git rev-parse --show-toplevel [2ms]
2023-11-21 12:27:11.406 [info] fatal: not a git repository (or any parent up to mount point /)
Stopping at filesystem boundary (GIT_DISCOVERY_ACROSS_FILESYSTEM not set).
2023-11-21 12:27:11.423 [info] > git rev-parse --show-toplevel [1ms]
2023-11-21 12:27:11.423 [info] fatal: not a git repository (or any parent up to mount point /)
Stopping at filesystem boundary (GIT_DISCOVERY_ACROSS_FILESYSTEM not set).
2023-11-21 12:57:45.495 [info] > git rev-parse --show-toplevel [1ms]
2023-11-21 12:57:45.495 [info] fatal: not a git repository (or any parent up to mount point /)
Stopping at filesystem boundary (GIT_DISCOVERY_ACROSS_FILESYSTEM not set).
2023-11-21 12:57:45.524 [info] > git rev-parse --show-toplevel [3ms]
2023-11-21 12:57:45.524 [info] fatal: not a git repository (or any parent up to mount point /)
Stopping at filesystem boundary (GIT_DISCOVERY_ACROSS_FILESYSTEM not set).
2023-11-21 12:57:45.544 [info] > git rev-parse --show-toplevel [1ms]
2023-11-21 12:57:45.544 [info] fatal: not a git repository (or any parent up to mount point /)
Stopping at filesystem boundary (GIT_DISCOVERY_ACROSS_FILESYSTEM not set).
2023-11-21 12:57:57.834 [info] > git rev-parse --show-toplevel [2ms]
2023-11-21 12:57:57.834 [info] fatal: not a git repository (or any parent up to mount point /)
Stopping at filesystem boundary (GIT_DISCOVERY_ACROSS_FILESYSTEM not set).
2023-11-21 12:57:57.873 [info] > git rev-parse --show-toplevel [3ms]
2023-11-21 12:57:57.874 [info] fatal: not a git repository (or any parent up to mount point /)
Stopping at filesystem boundary (GIT_DISCOVERY_ACROSS_FILESYSTEM not set).
2023-11-21 12:57:57.889 [info] > git rev-parse --show-toplevel [1ms]
2023-11-21 12:57:57.889 [info] fatal: not a git repository (or any parent up to mount point /)
Stopping at filesystem boundary (GIT_DISCOVERY_ACROSS_FILESYSTEM not set).
2023-11-21 13:00:49.876 [info] > git rev-parse --show-toplevel [3ms]
2023-11-21 13:00:49.876 [info] fatal: not a git repository (or any parent up to mount point /)
Stopping at filesystem boundary (GIT_DISCOVERY_ACROSS_FILESYSTEM not set).
2023-11-21 13:00:49.930 [info] > git rev-parse --show-toplevel [2ms]
2023-11-21 13:00:49.930 [info] fatal: not a git repository (or any parent up to mount point /)
Stopping at filesystem boundary (GIT_DISCOVERY_ACROSS_FILESYSTEM not set).
2023-11-21 13:00:49.947 [info] > git rev-parse --show-toplevel [1ms]
2023-11-21 13:00:49.947 [info] fatal: not a git repository (or any parent up to mount point /)
Stopping at filesystem boundary (GIT_DISCOVERY_ACROSS_FILESYSTEM not set).
2023-11-21 13:00:58.631 [info] > git rev-parse --show-toplevel [2ms]
2023-11-21 13:00:58.631 [info] fatal: not a git repository (or any parent up to mount point /)
Stopping at filesystem boundary (GIT_DISCOVERY_ACROSS_FILESYSTEM not set).
2023-11-21 13:00:58.680 [info] > git rev-parse --show-toplevel [3ms]
2023-11-21 13:00:58.680 [info] fatal: not a git repository (or any parent up to mount point /)
Stopping at filesystem boundary (GIT_DISCOVERY_ACROSS_FILESYSTEM not set).
2023-11-21 13:00:58.698 [info] > git rev-parse --show-toplevel [4ms]
2023-11-21 13:00:58.698 [info] fatal: not a git repository (or any parent up to mount point /)
Stopping at filesystem boundary (GIT_DISCOVERY_ACROSS_FILESYSTEM not set).
2023-11-21 13:01:11.371 [info] > git rev-parse --show-toplevel [1ms]
2023-11-21 13:01:11.371 [info] fatal: not a git repository (or any parent up to mount point /)
Stopping at filesystem boundary (GIT_DISCOVERY_ACROSS_FILESYSTEM not set).
2023-11-21 13:01:11.431 [info] > git rev-parse --show-toplevel [3ms]
2023-11-21 13:01:11.431 [info] fatal: not a git repository (or any parent up to mount point /)
Stopping at filesystem boundary (GIT_DISCOVERY_ACROSS_FILESYSTEM not set).
2023-11-21 13:01:11.450 [info] > git rev-parse --show-toplevel [1ms]
2023-11-21 13:01:11.450 [info] fatal: not a git repository (or any parent up to mount point /)
Stopping at filesystem boundary (GIT_DISCOVERY_ACROSS_FILESYSTEM not set).
2023-11-21 13:01:26.974 [info] > git rev-parse --show-toplevel [1ms]
2023-11-21 13:01:26.974 [info] fatal: not a git repository (or any parent up to mount point /)
Stopping at filesystem boundary (GIT_DISCOVERY_ACROSS_FILESYSTEM not set).
2023-11-21 13:01:27.039 [info] > git rev-parse --show-toplevel [2ms]
2023-11-21 13:01:27.039 [info] fatal: not a git repository (or any parent up to mount point /)
Stopping at filesystem boundary (GIT_DISCOVERY_ACROSS_FILESYSTEM not set).
2023-11-21 13:01:27.059 [info] > git rev-parse --show-toplevel [1ms]
2023-11-21 13:01:27.059 [info] fatal: not a git repository (or any parent up to mount point /)
Stopping at filesystem boundary (GIT_DISCOVERY_ACROSS_FILESYSTEM not set).
2023-11-21 13:01:45.337 [info] > git rev-parse --show-toplevel [2ms]
2023-11-21 13:01:45.337 [info] fatal: not a git repository (or any parent up to mount point /)
Stopping at filesystem boundary (GIT_DISCOVERY_ACROSS_FILESYSTEM not set).
2023-11-21 13:01:45.370 [info] > git rev-parse --show-toplevel [2ms]
2023-11-21 13:01:45.370 [info] fatal: not a git repository (or any parent up to mount point /)
Stopping at filesystem boundary (GIT_DISCOVERY_ACROSS_FILESYSTEM not set).
2023-11-21 13:01:45.389 [info] > git rev-parse --show-toplevel [1ms]
2023-11-21 13:01:45.390 [info] fatal: not a git repository (or any parent up to mount point /)
Stopping at filesystem boundary (GIT_DISCOVERY_ACROSS_FILESYSTEM not set).
2023-11-21 13:03:09.014 [info] > git rev-parse --show-toplevel [1ms]
2023-11-21 13:03:09.014 [info] fatal: not a git repository (or any parent up to mount point /)
Stopping at filesystem boundary (GIT_DISCOVERY_ACROSS_FILESYSTEM not set).
2023-11-21 13:03:09.053 [info] > git rev-parse --show-toplevel [3ms]
2023-11-21 13:03:09.053 [info] fatal: not a git repository (or any parent up to mount point /)
Stopping at filesystem boundary (GIT_DISCOVERY_ACROSS_FILESYSTEM not set).
2023-11-21 13:03:09.070 [info] > git rev-parse --show-toplevel [2ms]
2023-11-21 13:03:09.070 [info] fatal: not a git repository (or any parent up to mount point /)
Stopping at filesystem boundary (GIT_DISCOVERY_ACROSS_FILESYSTEM not set).
2023-11-21 13:03:10.991 [info] > git rev-parse --show-toplevel [1ms]
2023-11-21 13:03:10.991 [info] fatal: not a git repository (or any parent up to mount point /)
Stopping at filesystem boundary (GIT_DISCOVERY_ACROSS_FILESYSTEM not set).
2023-11-21 13:03:11.019 [info] > git rev-parse --show-toplevel [2ms]
2023-11-21 13:03:11.019 [info] fatal: not a git repository (or any parent up to mount point /)
Stopping at filesystem boundary (GIT_DISCOVERY_ACROSS_FILESYSTEM not set).
2023-11-21 13:03:11.040 [info] > git rev-parse --show-toplevel [3ms]
2023-11-21 13:03:11.040 [info] fatal: not a git repository (or any parent up to mount point /)
Stopping at filesystem boundary (GIT_DISCOVERY_ACROSS_FILESYSTEM not set).
2023-11-21 13:03:14.488 [info] > git rev-parse --show-toplevel [1ms]
2023-11-21 13:03:14.488 [info] fatal: not a git repository (or any parent up to mount point /)
Stopping at filesystem boundary (GIT_DISCOVERY_ACROSS_FILESYSTEM not set).
2023-11-21 13:03:14.555 [info] > git rev-parse --show-toplevel [1ms]
2023-11-21 13:03:14.555 [info] fatal: not a git repository (or any parent up to mount point /)
Stopping at filesystem boundary (GIT_DISCOVERY_ACROSS_FILESYSTEM not set).
2023-11-21 13:03:14.575 [info] > git rev-parse --show-toplevel [1ms]
2023-11-21 13:03:14.575 [info] fatal: not a git repository (or any parent up to mount point /)
Stopping at filesystem boundary (GIT_DISCOVERY_ACROSS_FILESYSTEM not set).
2023-11-21 13:03:15.546 [info] > git rev-parse --show-toplevel [1ms]
2023-11-21 13:03:15.546 [info] fatal: not a git repository (or any parent up to mount point /)
Stopping at filesystem boundary (GIT_DISCOVERY_ACROSS_FILESYSTEM not set).
2023-11-21 13:03:15.571 [info] > git rev-parse --show-toplevel [2ms]
2023-11-21 13:03:15.571 [info] fatal: not a git repository (or any parent up to mount point /)
Stopping at filesystem boundary (GIT_DISCOVERY_ACROSS_FILESYSTEM not set).
2023-11-21 13:03:15.592 [info] > git rev-parse --show-toplevel [1ms]
2023-11-21 13:03:15.592 [info] fatal: not a git repository (or any parent up to mount point /)
Stopping at filesystem boundary (GIT_DISCOVERY_ACROSS_FILESYSTEM not set).
2023-11-21 13:03:16.597 [info] > git rev-parse --show-toplevel [1ms]
2023-11-21 13:03:16.597 [info] fatal: not a git repository (or any parent up to mount point /)
Stopping at filesystem boundary (GIT_DISCOVERY_ACROSS_FILESYSTEM not set).
2023-11-21 13:03:16.622 [info] > git rev-parse --show-toplevel [1ms]
2023-11-21 13:03:16.622 [info] fatal: not a git repository (or any parent up to mount point /)
Stopping at filesystem boundary (GIT_DISCOVERY_ACROSS_FILESYSTEM not set).
2023-11-21 13:03:16.649 [info] > git rev-parse --show-toplevel [2ms]
2023-11-21 13:03:16.649 [info] fatal: not a git repository (or any parent up to mount point /)
Stopping at filesystem boundary (GIT_DISCOVERY_ACROSS_FILESYSTEM not set).
2023-11-21 13:03:17.532 [info] > git rev-parse --show-toplevel [7ms]
2023-11-21 13:03:17.532 [info] fatal: not a git repository (or any parent up to mount point /)
Stopping at filesystem boundary (GIT_DISCOVERY_ACROSS_FILESYSTEM not set).
2023-11-21 13:03:17.553 [info] > git rev-parse --show-toplevel [1ms]
2023-11-21 13:03:17.553 [info] fatal: not a git repository (or any parent up to mount point /)
Stopping at filesystem boundary (GIT_DISCOVERY_ACROSS_FILESYSTEM not set).
2023-11-21 13:03:17.576 [info] > git rev-parse --show-toplevel [2ms]
2023-11-21 13:03:17.576 [info] fatal: not a git repository (or any parent up to mount point /)
Stopping at filesystem boundary (GIT_DISCOVERY_ACROSS_FILESYSTEM not set).
2023-11-21 13:03:18.377 [info] > git rev-parse --show-toplevel [1ms]
2023-11-21 13:03:18.377 [info] fatal: not a git repository (or any parent up to mount point /)
Stopping at filesystem boundary (GIT_DISCOVERY_ACROSS_FILESYSTEM not set).
2023-11-21 13:03:18.421 [info] > git rev-parse --show-toplevel [2ms]
2023-11-21 13:03:18.421 [info] fatal: not a git repository (or any parent up to mount point /)
Stopping at filesystem boundary (GIT_DISCOVERY_ACROSS_FILESYSTEM not set).
2023-11-21 13:03:18.449 [info] > git rev-parse --show-toplevel [2ms]
2023-11-21 13:03:18.449 [info] fatal: not a git repository (or any parent up to mount point /)
Stopping at filesystem boundary (GIT_DISCOVERY_ACROSS_FILESYSTEM not set).
2023-11-21 13:03:19.928 [info] > git rev-parse --show-toplevel [3ms]
2023-11-21 13:03:19.928 [info] fatal: not a git repository (or any parent up to mount point /)
Stopping at filesystem boundary (GIT_DISCOVERY_ACROSS_FILESYSTEM not set).
2023-11-21 13:03:19.960 [info] > git rev-parse --show-toplevel [2ms]
2023-11-21 13:03:19.960 [info] fatal: not a git repository (or any parent up to mount point /)
Stopping at filesystem boundary (GIT_DISCOVERY_ACROSS_FILESYSTEM not set).
2023-11-21 13:03:19.989 [info] > git rev-parse --show-toplevel [1ms]
2023-11-21 13:03:19.989 [info] fatal: not a git repository (or any parent up to mount point /)
Stopping at filesystem boundary (GIT_DISCOVERY_ACROSS_FILESYSTEM not set).
2023-11-21 13:03:21.757 [info] > git rev-parse --show-toplevel [6ms]
2023-11-21 13:03:21.757 [info] fatal: not a git repository (or any parent up to mount point /)
Stopping at filesystem boundary (GIT_DISCOVERY_ACROSS_FILESYSTEM not set).
2023-11-21 13:03:21.784 [info] > git rev-parse --show-toplevel [1ms]
2023-11-21 13:03:21.784 [info] fatal: not a git repository (or any parent up to mount point /)
Stopping at filesystem boundary (GIT_DISCOVERY_ACROSS_FILESYSTEM not set).
2023-11-21 13:03:21.823 [info] > git rev-parse --show-toplevel [2ms]
2023-11-21 13:03:21.823 [info] fatal: not a git repository (or any parent up to mount point /)
Stopping at filesystem boundary (GIT_DISCOVERY_ACROSS_FILESYSTEM not set).
2023-11-21 13:03:48.225 [info] > git rev-parse --show-toplevel [2ms]
2023-11-21 13:03:48.225 [info] fatal: not a git repository (or any parent up to mount point /)
Stopping at filesystem boundary (GIT_DISCOVERY_ACROSS_FILESYSTEM not set).
2023-11-21 13:03:48.246 [info] > git rev-parse --show-toplevel [3ms]
2023-11-21 13:03:48.246 [info] fatal: not a git repository (or any parent up to mount point /)
Stopping at filesystem boundary (GIT_DISCOVERY_ACROSS_FILESYSTEM not set).
2023-11-21 13:03:48.262 [info] > git rev-parse --show-toplevel [2ms]
2023-11-21 13:03:48.262 [info] fatal: not a git repository (or any parent up to mount point /)
Stopping at filesystem boundary (GIT_DISCOVERY_ACROSS_FILESYSTEM not set).
2023-11-21 13:03:48.689 [info] > git rev-parse --show-toplevel [1ms]
2023-11-21 13:03:48.689 [info] fatal: not a git repository (or any parent up to mount point /)
Stopping at filesystem boundary (GIT_DISCOVERY_ACROSS_FILESYSTEM not set).
2023-11-21 13:03:48.712 [info] > git rev-parse --show-toplevel [3ms]
2023-11-21 13:03:48.712 [info] fatal: not a git repository (or any parent up to mount point /)
Stopping at filesystem boundary (GIT_DISCOVERY_ACROSS_FILESYSTEM not set).
2023-11-21 13:03:48.737 [info] > git rev-parse --show-toplevel [2ms]
2023-11-21 13:03:48.737 [info] fatal: not a git repository (or any parent up to mount point /)
Stopping at filesystem boundary (GIT_DISCOVERY_ACROSS_FILESYSTEM not set).
2023-11-21 13:03:50.605 [info] > git rev-parse --show-toplevel [2ms]
2023-11-21 13:03:50.605 [info] fatal: not a git repository (or any parent up to mount point /)
Stopping at filesystem boundary (GIT_DISCOVERY_ACROSS_FILESYSTEM not set).
2023-11-21 13:03:50.631 [info] > git rev-parse --show-toplevel [2ms]
2023-11-21 13:03:50.631 [info] fatal: not a git repository (or any parent up to mount point /)
Stopping at filesystem boundary (GIT_DISCOVERY_ACROSS_FILESYSTEM not set).
2023-11-21 13:03:50.650 [info] > git rev-parse --show-toplevel [1ms]
2023-11-21 13:03:50.650 [info] fatal: not a git repository (or any parent up to mount point /)
Stopping at filesystem boundary (GIT_DISCOVERY_ACROSS_FILESYSTEM not set).
2023-11-21 13:06:30.978 [info] > git rev-parse --show-toplevel [1ms]
2023-11-21 13:06:30.978 [info] fatal: not a git repository (or any parent up to mount point /)
Stopping at filesystem boundary (GIT_DISCOVERY_ACROSS_FILESYSTEM not set).
2023-11-21 13:06:31.004 [info] > git rev-parse --show-toplevel [2ms]
2023-11-21 13:06:31.004 [info] fatal: not a git repository (or any parent up to mount point /)
Stopping at filesystem boundary (GIT_DISCOVERY_ACROSS_FILESYSTEM not set).
2023-11-21 13:06:31.019 [info] > git rev-parse --show-toplevel [1ms]
2023-11-21 13:06:31.019 [info] fatal: not a git repository (or any parent up to mount point /)
Stopping at filesystem boundary (GIT_DISCOVERY_ACROSS_FILESYSTEM not set).
2023-11-21 13:06:33.224 [info] > git rev-parse --show-toplevel [1ms]
2023-11-21 13:06:33.224 [info] fatal: not a git repository (or any parent up to mount point /)
Stopping at filesystem boundary (GIT_DISCOVERY_ACROSS_FILESYSTEM not set).
2023-11-21 13:06:33.247 [info] > git rev-parse --show-toplevel [3ms]
2023-11-21 13:06:33.247 [info] fatal: not a git repository (or any parent up to mount point /)
Stopping at filesystem boundary (GIT_DISCOVERY_ACROSS_FILESYSTEM not set).
2023-11-21 13:06:33.264 [info] > git rev-parse --show-toplevel [0ms]
2023-11-21 13:06:33.264 [info] fatal: not a git repository (or any parent up to mount point /)
Stopping at filesystem boundary (GIT_DISCOVERY_ACROSS_FILESYSTEM not set).
2023-11-21 13:08:28.204 [info] > git rev-parse --show-toplevel [1ms]
2023-11-21 13:08:28.204 [info] fatal: not a git repository (or any parent up to mount point /)
Stopping at filesystem boundary (GIT_DISCOVERY_ACROSS_FILESYSTEM not set).
2023-11-21 13:08:28.224 [info] > git rev-parse --show-toplevel [2ms]
2023-11-21 13:08:28.224 [info] fatal: not a git repository (or any parent up to mount point /)
Stopping at filesystem boundary (GIT_DISCOVERY_ACROSS_FILESYSTEM not set).
2023-11-21 13:08:28.240 [info] > git rev-parse --show-toplevel [1ms]
2023-11-21 13:08:28.240 [info] fatal: not a git repository (or any parent up to mount point /)
Stopping at filesystem boundary (GIT_DISCOVERY_ACROSS_FILESYSTEM not set).
2023-11-21 13:08:29.595 [info] > git rev-parse --show-toplevel [1ms]
2023-11-21 13:08:29.595 [info] fatal: not a git repository (or any parent up to mount point /)
Stopping at filesystem boundary (GIT_DISCOVERY_ACROSS_FILESYSTEM not set).
2023-11-21 13:08:29.619 [info] > git rev-parse --show-toplevel [3ms]
2023-11-21 13:08:29.619 [info] fatal: not a git repository (or any parent up to mount point /)
Stopping at filesystem boundary (GIT_DISCOVERY_ACROSS_FILESYSTEM not set).
2023-11-21 13:08:29.637 [info] > git rev-parse --show-toplevel [1ms]
2023-11-21 13:08:29.637 [info] fatal: not a git repository (or any parent up to mount point /)
Stopping at filesystem boundary (GIT_DISCOVERY_ACROSS_FILESYSTEM not set).
2023-11-21 13:11:42.619 [info] > git rev-parse --show-toplevel [2ms]
2023-11-21 13:11:42.619 [info] fatal: not a git repository (or any parent up to mount point /)
Stopping at filesystem boundary (GIT_DISCOVERY_ACROSS_FILESYSTEM not set).
2023-11-21 13:11:42.661 [info] > git rev-parse --show-toplevel [1ms]
2023-11-21 13:11:42.661 [info] fatal: not a git repository (or any parent up to mount point /)
Stopping at filesystem boundary (GIT_DISCOVERY_ACROSS_FILESYSTEM not set).
2023-11-21 13:11:42.680 [info] > git rev-parse --show-toplevel [1ms]
2023-11-21 13:11:42.680 [info] fatal: not a git repository (or any parent up to mount point /)
Stopping at filesystem boundary (GIT_DISCOVERY_ACROSS_FILESYSTEM not set).
2023-11-21 13:12:05.337 [info] > git rev-parse --show-toplevel [2ms]
2023-11-21 13:12:05.337 [info] fatal: not a git repository (or any parent up to mount point /)
Stopping at filesystem boundary (GIT_DISCOVERY_ACROSS_FILESYSTEM not set).
2023-11-21 13:12:05.398 [info] > git rev-parse --show-toplevel [1ms]
2023-11-21 13:12:05.398 [info] fatal: not a git repository (or any parent up to mount point /)
Stopping at filesystem boundary (GIT_DISCOVERY_ACROSS_FILESYSTEM not set).
2023-11-21 13:12:05.415 [info] > git rev-parse --show-toplevel [1ms]
2023-11-21 13:12:05.416 [info] fatal: not a git repository (or any parent up to mount point /)
Stopping at filesystem boundary (GIT_DISCOVERY_ACROSS_FILESYSTEM not set).
2023-11-21 13:12:34.346 [info] > git rev-parse --show-toplevel [2ms]
2023-11-21 13:12:34.346 [info] fatal: not a git repository (or any parent up to mount point /)
Stopping at filesystem boundary (GIT_DISCOVERY_ACROSS_FILESYSTEM not set).
2023-11-21 13:12:34.414 [info] > git rev-parse --show-toplevel [2ms]
2023-11-21 13:12:34.414 [info] fatal: not a git repository (or any parent up to mount point /)
Stopping at filesystem boundary (GIT_DISCOVERY_ACROSS_FILESYSTEM not set).
2023-11-21 13:12:34.437 [info] > git rev-parse --show-toplevel [2ms]
2023-11-21 13:12:34.438 [info] fatal: not a git repository (or any parent up to mount point /)
Stopping at filesystem boundary (GIT_DISCOVERY_ACROSS_FILESYSTEM not set).
2023-11-21 13:13:05.790 [info] > git rev-parse --show-toplevel [1ms]
2023-11-21 13:13:05.790 [info] fatal: not a git repository (or any parent up to mount point /)
Stopping at filesystem boundary (GIT_DISCOVERY_ACROSS_FILESYSTEM not set).
2023-11-21 13:13:05.854 [info] > git rev-parse --show-toplevel [2ms]
2023-11-21 13:13:05.854 [info] fatal: not a git repository (or any parent up to mount point /)
Stopping at filesystem boundary (GIT_DISCOVERY_ACROSS_FILESYSTEM not set).
2023-11-21 13:13:05.871 [info] > git rev-parse --show-toplevel [3ms]
2023-11-21 13:13:05.871 [info] fatal: not a git repository (or any parent up to mount point /)
Stopping at filesystem boundary (GIT_DISCOVERY_ACROSS_FILESYSTEM not set).
2023-11-21 13:13:25.466 [info] > git rev-parse --show-toplevel [2ms]
2023-11-21 13:13:25.466 [info] fatal: not a git repository (or any parent up to mount point /)
Stopping at filesystem boundary (GIT_DISCOVERY_ACROSS_FILESYSTEM not set).
2023-11-21 13:13:25.530 [info] > git rev-parse --show-toplevel [3ms]
2023-11-21 13:13:25.530 [info] fatal: not a git repository (or any parent up to mount point /)
Stopping at filesystem boundary (GIT_DISCOVERY_ACROSS_FILESYSTEM not set).
2023-11-21 13:13:25.546 [info] > git rev-parse --show-toplevel [1ms]
2023-11-21 13:13:25.546 [info] fatal: not a git repository (or any parent up to mount point /)
Stopping at filesystem boundary (GIT_DISCOVERY_ACROSS_FILESYSTEM not set).
2023-11-21 13:14:23.850 [info] > git rev-parse --show-toplevel [1ms]
2023-11-21 13:14:23.850 [info] fatal: not a git repository (or any parent up to mount point /)
Stopping at filesystem boundary (GIT_DISCOVERY_ACROSS_FILESYSTEM not set).
2023-11-21 13:14:23.896 [info] > git rev-parse --show-toplevel [2ms]
2023-11-21 13:14:23.896 [info] fatal: not a git repository (or any parent up to mount point /)
Stopping at filesystem boundary (GIT_DISCOVERY_ACROSS_FILESYSTEM not set).
2023-11-21 13:14:23.912 [info] > git rev-parse --show-toplevel [1ms]
2023-11-21 13:14:23.912 [info] fatal: not a git repository (or any parent up to mount point /)
Stopping at filesystem boundary (GIT_DISCOVERY_ACROSS_FILESYSTEM not set).
2023-11-21 13:14:59.266 [info] > git rev-parse --show-toplevel [1ms]
2023-11-21 13:14:59.266 [info] fatal: not a git repository (or any parent up to mount point /)
Stopping at filesystem boundary (GIT_DISCOVERY_ACROSS_FILESYSTEM not set).
2023-11-21 13:14:59.335 [info] > git rev-parse --show-toplevel [3ms]
2023-11-21 13:14:59.335 [info] fatal: not a git repository (or any parent up to mount point /)
Stopping at filesystem boundary (GIT_DISCOVERY_ACROSS_FILESYSTEM not set).
2023-11-21 13:14:59.354 [info] > git rev-parse --show-toplevel [2ms]
2023-11-21 13:14:59.354 [info] fatal: not a git repository (or any parent up to mount point /)
Stopping at filesystem boundary (GIT_DISCOVERY_ACROSS_FILESYSTEM not set).
2023-11-21 13:15:42.164 [info] > git rev-parse --show-toplevel [3ms]
2023-11-21 13:15:42.164 [info] fatal: not a git repository (or any parent up to mount point /)
Stopping at filesystem boundary (GIT_DISCOVERY_ACROSS_FILESYSTEM not set).
2023-11-21 13:15:42.208 [info] > git rev-parse --show-toplevel [3ms]
2023-11-21 13:15:42.208 [info] fatal: not a git repository (or any parent up to mount point /)
Stopping at filesystem boundary (GIT_DISCOVERY_ACROSS_FILESYSTEM not set).
2023-11-21 13:15:42.224 [info] > git rev-parse --show-toplevel [1ms]
2023-11-21 13:15:42.224 [info] fatal: not a git repository (or any parent up to mount point /)
Stopping at filesystem boundary (GIT_DISCOVERY_ACROSS_FILESYSTEM not set).
2023-11-21 13:15:49.642 [info] > git rev-parse --show-toplevel [2ms]
2023-11-21 13:15:49.643 [info] fatal: not a git repository (or any parent up to mount point /)
Stopping at filesystem boundary (GIT_DISCOVERY_ACROSS_FILESYSTEM not set).
2023-11-21 13:15:49.707 [info] > git rev-parse --show-toplevel [2ms]
2023-11-21 13:15:49.707 [info] fatal: not a git repository (or any parent up to mount point /)
Stopping at filesystem boundary (GIT_DISCOVERY_ACROSS_FILESYSTEM not set).
2023-11-21 13:15:49.728 [info] > git rev-parse --show-toplevel [1ms]
2023-11-21 13:15:49.728 [info] fatal: not a git repository (or any parent up to mount point /)
Stopping at filesystem boundary (GIT_DISCOVERY_ACROSS_FILESYSTEM not set).
2023-11-21 13:15:58.691 [info] > git rev-parse --show-toplevel [2ms]
2023-11-21 13:15:58.691 [info] fatal: not a git repository (or any parent up to mount point /)
Stopping at filesystem boundary (GIT_DISCOVERY_ACROSS_FILESYSTEM not set).
2023-11-21 13:15:58.714 [info] > git rev-parse --show-toplevel [1ms]
2023-11-21 13:15:58.714 [info] fatal: not a git repository (or any parent up to mount point /)
Stopping at filesystem boundary (GIT_DISCOVERY_ACROSS_FILESYSTEM not set).
2023-11-21 13:15:58.733 [info] > git rev-parse --show-toplevel [2ms]
2023-11-21 13:15:58.733 [info] fatal: not a git repository (or any parent up to mount point /)
Stopping at filesystem boundary (GIT_DISCOVERY_ACROSS_FILESYSTEM not set).
2023-11-21 13:15:58.900 [info] > git rev-parse --show-toplevel [2ms]
2023-11-21 13:15:58.900 [info] fatal: not a git repository (or any parent up to mount point /)
Stopping at filesystem boundary (GIT_DISCOVERY_ACROSS_FILESYSTEM not set).
2023-11-21 13:15:58.926 [info] > git rev-parse --show-toplevel [3ms]
2023-11-21 13:15:58.926 [info] fatal: not a git repository (or any parent up to mount point /)
Stopping at filesystem boundary (GIT_DISCOVERY_ACROSS_FILESYSTEM not set).
2023-11-21 13:15:58.955 [info] > git rev-parse --show-toplevel [2ms]
2023-11-21 13:15:58.955 [info] fatal: not a git repository (or any parent up to mount point /)
Stopping at filesystem boundary (GIT_DISCOVERY_ACROSS_FILESYSTEM not set).
2023-11-21 13:15:59.210 [info] > git rev-parse --show-toplevel [1ms]
2023-11-21 13:15:59.210 [info] fatal: not a git repository (or any parent up to mount point /)
Stopping at filesystem boundary (GIT_DISCOVERY_ACROSS_FILESYSTEM not set).
2023-11-21 13:16:30.607 [info] > git rev-parse --show-toplevel [2ms]
2023-11-21 13:16:30.607 [info] fatal: not a git repository (or any parent up to mount point /)
Stopping at filesystem boundary (GIT_DISCOVERY_ACROSS_FILESYSTEM not set).
2023-11-21 13:16:58.468 [info] > git rev-parse --show-toplevel [3ms]
2023-11-21 13:16:58.468 [info] fatal: not a git repository (or any parent up to mount point /)
Stopping at filesystem boundary (GIT_DISCOVERY_ACROSS_FILESYSTEM not set).
2023-11-21 13:17:06.754 [info] > git rev-parse --show-toplevel [3ms]
2023-11-21 13:17:06.754 [info] fatal: not a git repository (or any parent up to mount point /)
Stopping at filesystem boundary (GIT_DISCOVERY_ACROSS_FILESYSTEM not set).
2023-11-21 13:17:09.863 [info] > git rev-parse --show-toplevel [3ms]
2023-11-21 13:17:09.864 [info] fatal: not a git repository (or any parent up to mount point /)
Stopping at filesystem boundary (GIT_DISCOVERY_ACROSS_FILESYSTEM not set).
2023-11-21 13:17:12.799 [info] > git rev-parse --show-toplevel [2ms]
2023-11-21 13:17:12.799 [info] fatal: not a git repository (or any parent up to mount point /)
Stopping at filesystem boundary (GIT_DISCOVERY_ACROSS_FILESYSTEM not set).
2023-11-21 13:17:47.566 [info] > git rev-parse --show-toplevel [2ms]
2023-11-21 13:17:47.567 [info] fatal: not a git repository (or any parent up to mount point /)
Stopping at filesystem boundary (GIT_DISCOVERY_ACROSS_FILESYSTEM not set).
2023-11-21 13:18:27.339 [info] > git rev-parse --show-toplevel [8ms]
2023-11-21 13:18:27.339 [info] fatal: not a git repository (or any parent up to mount point /)
Stopping at filesystem boundary (GIT_DISCOVERY_ACROSS_FILESYSTEM not set).
2023-11-21 13:18:27.360 [info] > git rev-parse --show-toplevel [1ms]
2023-11-21 13:18:27.360 [info] fatal: not a git repository (or any parent up to mount point /)
Stopping at filesystem boundary (GIT_DISCOVERY_ACROSS_FILESYSTEM not set).
2023-11-21 13:18:46.497 [info] > git rev-parse --show-toplevel [2ms]
2023-11-21 13:18:46.497 [info] fatal: not a git repository (or any parent up to mount point /)
Stopping at filesystem boundary (GIT_DISCOVERY_ACROSS_FILESYSTEM not set).
2023-11-21 13:18:46.668 [info] > git rev-parse --show-toplevel [2ms]
2023-11-21 13:18:46.668 [info] fatal: not a git repository (or any parent up to mount point /)
Stopping at filesystem boundary (GIT_DISCOVERY_ACROSS_FILESYSTEM not set).
2023-11-21 13:18:46.905 [info] > git rev-parse --show-toplevel [5ms]
2023-11-21 13:18:46.905 [info] fatal: not a git repository (or any parent up to mount point /)
Stopping at filesystem boundary (GIT_DISCOVERY_ACROSS_FILESYSTEM not set).
2023-11-21 13:18:46.971 [info] > git rev-parse --show-toplevel [6ms]
2023-11-21 13:18:46.971 [info] fatal: not a git repository (or any parent up to mount point /)
Stopping at filesystem boundary (GIT_DISCOVERY_ACROSS_FILESYSTEM not set).
2023-11-21 13:18:47.157 [info] > git rev-parse --show-toplevel [1ms]
2023-11-21 13:18:47.157 [info] fatal: not a git repository (or any parent up to mount point /)
Stopping at filesystem boundary (GIT_DISCOVERY_ACROSS_FILESYSTEM not set).
2023-11-21 13:18:47.351 [info] > git rev-parse --show-toplevel [2ms]
2023-11-21 13:18:47.351 [info] fatal: not a git repository (or any parent up to mount point /)
Stopping at filesystem boundary (GIT_DISCOVERY_ACROSS_FILESYSTEM not set).
2023-11-21 13:18:47.527 [info] > git rev-parse --show-toplevel [2ms]
2023-11-21 13:18:47.527 [info] fatal: not a git repository (or any parent up to mount point /)
Stopping at filesystem boundary (GIT_DISCOVERY_ACROSS_FILESYSTEM not set).
2023-11-21 13:18:47.707 [info] > git rev-parse --show-toplevel [2ms]
2023-11-21 13:18:47.707 [info] fatal: not a git repository (or any parent up to mount point /)
Stopping at filesystem boundary (GIT_DISCOVERY_ACROSS_FILESYSTEM not set).
2023-11-21 13:18:47.877 [info] > git rev-parse --show-toplevel [2ms]
2023-11-21 13:18:47.877 [info] fatal: not a git repository (or any parent up to mount point /)
Stopping at filesystem boundary (GIT_DISCOVERY_ACROSS_FILESYSTEM not set).
2023-11-21 13:18:47.985 [info] > git rev-parse --show-toplevel [2ms]
2023-11-21 13:18:47.985 [info] fatal: not a git repository (or any parent up to mount point /)
Stopping at filesystem boundary (GIT_DISCOVERY_ACROSS_FILESYSTEM not set).
2023-11-21 13:18:48.157 [info] > git rev-parse --show-toplevel [3ms]
2023-11-21 13:18:48.157 [info] fatal: not a git repository (or any parent up to mount point /)
Stopping at filesystem boundary (GIT_DISCOVERY_ACROSS_FILESYSTEM not set).
2023-11-21 13:18:48.367 [info] > git rev-parse --show-toplevel [3ms]
2023-11-21 13:18:48.367 [info] fatal: not a git repository (or any parent up to mount point /)
Stopping at filesystem boundary (GIT_DISCOVERY_ACROSS_FILESYSTEM not set).
2023-11-21 13:18:48.523 [info] > git rev-parse --show-toplevel [1ms]
2023-11-21 13:18:48.523 [info] fatal: not a git repository (or any parent up to mount point /)
Stopping at filesystem boundary (GIT_DISCOVERY_ACROSS_FILESYSTEM not set).
2023-11-21 13:18:48.718 [info] > git rev-parse --show-toplevel [2ms]
2023-11-21 13:18:48.718 [info] fatal: not a git repository (or any parent up to mount point /)
Stopping at filesystem boundary (GIT_DISCOVERY_ACROSS_FILESYSTEM not set).
2023-11-21 13:18:48.901 [info] > git rev-parse --show-toplevel [7ms]
2023-11-21 13:18:48.901 [info] fatal: not a git repository (or any parent up to mount point /)
Stopping at filesystem boundary (GIT_DISCOVERY_ACROSS_FILESYSTEM not set).
2023-11-21 13:18:49.066 [info] > git rev-parse --show-toplevel [3ms]
2023-11-21 13:18:49.066 [info] fatal: not a git repository (or any parent up to mount point /)
Stopping at filesystem boundary (GIT_DISCOVERY_ACROSS_FILESYSTEM not set).
2023-11-21 13:18:49.251 [info] > git rev-parse --show-toplevel [3ms]
2023-11-21 13:18:49.251 [info] fatal: not a git repository (or any parent up to mount point /)
Stopping at filesystem boundary (GIT_DISCOVERY_ACROSS_FILESYSTEM not set).
2023-11-21 13:18:49.442 [info] > git rev-parse --show-toplevel [2ms]
2023-11-21 13:18:49.442 [info] fatal: not a git repository (or any parent up to mount point /)
Stopping at filesystem boundary (GIT_DISCOVERY_ACROSS_FILESYSTEM not set).
2023-11-21 13:18:49.566 [info] > git rev-parse --show-toplevel [12ms]
2023-11-21 13:18:49.566 [info] fatal: not a git repository (or any parent up to mount point /)
Stopping at filesystem boundary (GIT_DISCOVERY_ACROSS_FILESYSTEM not set).
2023-11-21 13:18:49.752 [info] > git rev-parse --show-toplevel [16ms]
2023-11-21 13:18:49.752 [info] fatal: not a git repository (or any parent up to mount point /)
Stopping at filesystem boundary (GIT_DISCOVERY_ACROSS_FILESYSTEM not set).
2023-11-21 13:18:50.335 [info] > git rev-parse --show-toplevel [1ms]
2023-11-21 13:18:50.335 [info] fatal: not a git repository (or any parent up to mount point /)
Stopping at filesystem boundary (GIT_DISCOVERY_ACROSS_FILESYSTEM not set).
2023-11-21 13:18:50.376 [info] > git rev-parse --show-toplevel [3ms]
2023-11-21 13:18:50.376 [info] fatal: not a git repository (or any parent up to mount point /)
Stopping at filesystem boundary (GIT_DISCOVERY_ACROSS_FILESYSTEM not set).
2023-11-21 13:18:50.420 [info] > git rev-parse --show-toplevel [3ms]
2023-11-21 13:18:50.420 [info] fatal: not a git repository (or any parent up to mount point /)
Stopping at filesystem boundary (GIT_DISCOVERY_ACROSS_FILESYSTEM not set).
2023-11-21 13:18:50.469 [info] > git rev-parse --show-toplevel [2ms]
2023-11-21 13:18:50.469 [info] fatal: not a git repository (or any parent up to mount point /)
Stopping at filesystem boundary (GIT_DISCOVERY_ACROSS_FILESYSTEM not set).
2023-11-21 13:18:50.560 [info] > git rev-parse --show-toplevel [2ms]
2023-11-21 13:18:50.560 [info] fatal: not a git repository (or any parent up to mount point /)
Stopping at filesystem boundary (GIT_DISCOVERY_ACROSS_FILESYSTEM not set).
2023-11-21 13:18:50.596 [info] > git rev-parse --show-toplevel [2ms]
2023-11-21 13:18:50.596 [info] fatal: not a git repository (or any parent up to mount point /)
Stopping at filesystem boundary (GIT_DISCOVERY_ACROSS_FILESYSTEM not set).
2023-11-21 13:18:50.634 [info] > git rev-parse --show-toplevel [4ms]
2023-11-21 13:18:50.634 [info] fatal: not a git repository (or any parent up to mount point /)
Stopping at filesystem boundary (GIT_DISCOVERY_ACROSS_FILESYSTEM not set).
2023-11-21 13:18:50.679 [info] > git rev-parse --show-toplevel [10ms]
2023-11-21 13:18:50.679 [info] fatal: not a git repository (or any parent up to mount point /)
Stopping at filesystem boundary (GIT_DISCOVERY_ACROSS_FILESYSTEM not set).
2023-11-21 13:18:50.715 [info] > git rev-parse --show-toplevel [1ms]
2023-11-21 13:18:50.715 [info] fatal: not a git repository (or any parent up to mount point /)
Stopping at filesystem boundary (GIT_DISCOVERY_ACROSS_FILESYSTEM not set).
2023-11-21 13:18:50.755 [info] > git rev-parse --show-toplevel [3ms]
2023-11-21 13:18:50.755 [info] fatal: not a git repository (or any parent up to mount point /)
Stopping at filesystem boundary (GIT_DISCOVERY_ACROSS_FILESYSTEM not set).
2023-11-21 13:18:50.793 [info] > git rev-parse --show-toplevel [1ms]
2023-11-21 13:18:50.793 [info] fatal: not a git repository (or any parent up to mount point /)
Stopping at filesystem boundary (GIT_DISCOVERY_ACROSS_FILESYSTEM not set).
2023-11-21 13:19:02.602 [info] > git rev-parse --show-toplevel [1ms]
2023-11-21 13:19:02.602 [info] fatal: not a git repository (or any parent up to mount point /)
Stopping at filesystem boundary (GIT_DISCOVERY_ACROSS_FILESYSTEM not set).
2023-11-21 13:19:02.650 [info] > git rev-parse --show-toplevel [1ms]
2023-11-21 13:19:02.650 [info] fatal: not a git repository (or any parent up to mount point /)
Stopping at filesystem boundary (GIT_DISCOVERY_ACROSS_FILESYSTEM not set).
2023-11-21 13:19:09.623 [info] > git rev-parse --show-toplevel [1ms]
2023-11-21 13:19:09.623 [info] fatal: not a git repository (or any parent up to mount point /)
Stopping at filesystem boundary (GIT_DISCOVERY_ACROSS_FILESYSTEM not set).
2023-11-21 13:19:21.816 [info] > git rev-parse --show-toplevel [3ms]
2023-11-21 13:19:21.816 [info] fatal: not a git repository (or any parent up to mount point /)
Stopping at filesystem boundary (GIT_DISCOVERY_ACROSS_FILESYSTEM not set).
2023-11-21 13:19:31.401 [info] > git rev-parse --show-toplevel [2ms]
2023-11-21 13:19:31.401 [info] fatal: not a git repository (or any parent up to mount point /)
Stopping at filesystem boundary (GIT_DISCOVERY_ACROSS_FILESYSTEM not set).
2023-11-21 13:19:38.813 [info] > git rev-parse --show-toplevel [2ms]
2023-11-21 13:19:38.813 [info] fatal: not a git repository (or any parent up to mount point /)
Stopping at filesystem boundary (GIT_DISCOVERY_ACROSS_FILESYSTEM not set).
2023-11-21 13:20:07.483 [info] > git rev-parse --show-toplevel [3ms]
2023-11-21 13:20:07.483 [info] fatal: not a git repository (or any parent up to mount point /)
Stopping at filesystem boundary (GIT_DISCOVERY_ACROSS_FILESYSTEM not set).
2023-11-21 13:20:31.572 [info] > git rev-parse --show-toplevel [2ms]
2023-11-21 13:20:31.572 [info] fatal: not a git repository (or any parent up to mount point /)
Stopping at filesystem boundary (GIT_DISCOVERY_ACROSS_FILESYSTEM not set).
2023-11-21 13:20:36.562 [info] > git rev-parse --show-toplevel [2ms]
2023-11-21 13:20:36.562 [info] fatal: not a git repository (or any parent up to mount point /)
Stopping at filesystem boundary (GIT_DISCOVERY_ACROSS_FILESYSTEM not set).
2023-11-21 13:20:36.813 [info] > git rev-parse --show-toplevel [10ms]
2023-11-21 13:20:36.813 [info] fatal: not a git repository (or any parent up to mount point /)
Stopping at filesystem boundary (GIT_DISCOVERY_ACROSS_FILESYSTEM not set).
2023-11-21 13:20:36.880 [info] > git rev-parse --show-toplevel [2ms]
2023-11-21 13:20:36.880 [info] fatal: not a git repository (or any parent up to mount point /)
Stopping at filesystem boundary (GIT_DISCOVERY_ACROSS_FILESYSTEM not set).
2023-11-21 13:20:58.134 [info] > git rev-parse --show-toplevel [2ms]
2023-11-21 13:20:58.134 [info] fatal: not a git repository (or any parent up to mount point /)
Stopping at filesystem boundary (GIT_DISCOVERY_ACROSS_FILESYSTEM not set).
2023-11-21 13:21:17.721 [info] > git rev-parse --show-toplevel [2ms]
2023-11-21 13:21:17.721 [info] fatal: not a git repository (or any parent up to mount point /)
Stopping at filesystem boundary (GIT_DISCOVERY_ACROSS_FILESYSTEM not set).
2023-11-21 13:21:21.346 [info] > git rev-parse --show-toplevel [2ms]
2023-11-21 13:21:21.346 [info] fatal: not a git repository (or any parent up to mount point /)
Stopping at filesystem boundary (GIT_DISCOVERY_ACROSS_FILESYSTEM not set).
2023-11-21 13:21:51.279 [info] > git rev-parse --show-toplevel [2ms]
2023-11-21 13:21:51.279 [info] fatal: not a git repository (or any parent up to mount point /)
Stopping at filesystem boundary (GIT_DISCOVERY_ACROSS_FILESYSTEM not set).
2023-11-21 13:22:09.387 [info] > git rev-parse --show-toplevel [2ms]
2023-11-21 13:22:09.387 [info] fatal: not a git repository (or any parent up to mount point /)
Stopping at filesystem boundary (GIT_DISCOVERY_ACROSS_FILESYSTEM not set).
2023-11-21 13:22:26.954 [info] > git rev-parse --show-toplevel [2ms]
2023-11-21 13:22:26.954 [info] fatal: not a git repository (or any parent up to mount point /)
Stopping at filesystem boundary (GIT_DISCOVERY_ACROSS_FILESYSTEM not set).
2023-11-21 13:22:30.676 [info] > git rev-parse --show-toplevel [2ms]
2023-11-21 13:22:30.676 [info] fatal: not a git repository (or any parent up to mount point /)
Stopping at filesystem boundary (GIT_DISCOVERY_ACROSS_FILESYSTEM not set).
2023-11-21 13:22:50.200 [info] > git rev-parse --show-toplevel [1ms]
2023-11-21 13:22:50.201 [info] fatal: not a git repository (or any parent up to mount point /)
Stopping at filesystem boundary (GIT_DISCOVERY_ACROSS_FILESYSTEM not set).
2023-11-21 13:22:55.512 [info] > git rev-parse --show-toplevel [3ms]
2023-11-21 13:22:55.512 [info] fatal: not a git repository (or any parent up to mount point /)
Stopping at filesystem boundary (GIT_DISCOVERY_ACROSS_FILESYSTEM not set).
2023-11-21 13:23:00.123 [info] > git rev-parse --show-toplevel [1ms]
2023-11-21 13:23:00.123 [info] fatal: not a git repository (or any parent up to mount point /)
Stopping at filesystem boundary (GIT_DISCOVERY_ACROSS_FILESYSTEM not set).
2023-11-21 13:23:07.753 [info] > git rev-parse --show-toplevel [2ms]
2023-11-21 13:23:07.753 [info] fatal: not a git repository (or any parent up to mount point /)
Stopping at filesystem boundary (GIT_DISCOVERY_ACROSS_FILESYSTEM not set).
2023-11-21 13:23:14.229 [info] > git rev-parse --show-toplevel [3ms]
2023-11-21 13:23:14.229 [info] fatal: not a git repository (or any parent up to mount point /)
Stopping at filesystem boundary (GIT_DISCOVERY_ACROSS_FILESYSTEM not set).
2023-11-21 13:23:14.422 [info] > git rev-parse --show-toplevel [2ms]
2023-11-21 13:23:14.422 [info] fatal: not a git repository (or any parent up to mount point /)
Stopping at filesystem boundary (GIT_DISCOVERY_ACROSS_FILESYSTEM not set).
2023-11-21 13:23:14.605 [info] > git rev-parse --show-toplevel [2ms]
2023-11-21 13:23:14.605 [info] fatal: not a git repository (or any parent up to mount point /)
Stopping at filesystem boundary (GIT_DISCOVERY_ACROSS_FILESYSTEM not set).
2023-11-21 13:23:14.827 [info] > git rev-parse --show-toplevel [3ms]
2023-11-21 13:23:14.827 [info] fatal: not a git repository (or any parent up to mount point /)
Stopping at filesystem boundary (GIT_DISCOVERY_ACROSS_FILESYSTEM not set).
2023-11-21 13:23:15.053 [info] > git rev-parse --show-toplevel [2ms]
2023-11-21 13:23:15.053 [info] fatal: not a git repository (or any parent up to mount point /)
Stopping at filesystem boundary (GIT_DISCOVERY_ACROSS_FILESYSTEM not set).
2023-11-21 13:23:15.237 [info] > git rev-parse --show-toplevel [1ms]
2023-11-21 13:23:15.237 [info] fatal: not a git repository (or any parent up to mount point /)
Stopping at filesystem boundary (GIT_DISCOVERY_ACROSS_FILESYSTEM not set).
2023-11-21 13:23:15.425 [info] > git rev-parse --show-toplevel [2ms]
2023-11-21 13:23:15.425 [info] fatal: not a git repository (or any parent up to mount point /)
Stopping at filesystem boundary (GIT_DISCOVERY_ACROSS_FILESYSTEM not set).
2023-11-21 13:24:01.871 [info] > git rev-parse --show-toplevel [2ms]
2023-11-21 13:24:01.871 [info] fatal: not a git repository (or any parent up to mount point /)
Stopping at filesystem boundary (GIT_DISCOVERY_ACROSS_FILESYSTEM not set).
2023-11-21 13:24:17.212 [info] > git rev-parse --show-toplevel [3ms]
2023-11-21 13:24:17.212 [info] fatal: not a git repository (or any parent up to mount point /)
Stopping at filesystem boundary (GIT_DISCOVERY_ACROSS_FILESYSTEM not set).
2023-11-21 13:27:39.123 [info] > git rev-parse --show-toplevel [3ms]
2023-11-21 13:27:39.123 [info] fatal: not a git repository (or any parent up to mount point /)
Stopping at filesystem boundary (GIT_DISCOVERY_ACROSS_FILESYSTEM not set).
2023-11-21 13:28:54.208 [info] > git rev-parse --show-toplevel [2ms]
2023-11-21 13:28:54.208 [info] fatal: not a git repository (or any parent up to mount point /)
Stopping at filesystem boundary (GIT_DISCOVERY_ACROSS_FILESYSTEM not set).
2023-11-21 13:29:21.498 [info] > git rev-parse --show-toplevel [2ms]
2023-11-21 13:29:21.498 [info] fatal: not a git repository (or any parent up to mount point /)
Stopping at filesystem boundary (GIT_DISCOVERY_ACROSS_FILESYSTEM not set).
2023-11-21 13:29:29.986 [info] > git rev-parse --show-toplevel [1ms]
2023-11-21 13:29:29.987 [info] fatal: not a git repository (or any parent up to mount point /)
Stopping at filesystem boundary (GIT_DISCOVERY_ACROSS_FILESYSTEM not set).
2023-11-21 13:31:26.984 [info] > git rev-parse --show-toplevel [2ms]
2023-11-21 13:31:26.984 [info] fatal: not a git repository (or any parent up to mount point /)
Stopping at filesystem boundary (GIT_DISCOVERY_ACROSS_FILESYSTEM not set).
2023-11-21 13:31:32.462 [info] > git rev-parse --show-toplevel [1ms]
2023-11-21 13:31:32.462 [info] fatal: not a git repository (or any parent up to mount point /)
Stopping at filesystem boundary (GIT_DISCOVERY_ACROSS_FILESYSTEM not set).
2023-11-21 13:31:42.452 [info] > git rev-parse --show-toplevel [2ms]
2023-11-21 13:31:42.452 [info] fatal: not a git repository (or any parent up to mount point /)
Stopping at filesystem boundary (GIT_DISCOVERY_ACROSS_FILESYSTEM not set).
